#
# There is insufficient memory for the Java Runtime Environment to continue.
# Native memory allocation (malloc) failed to allocate 1048576 bytes for AllocateHeap
# Possible reasons:
#   The system is out of physical RAM or swap space
#   The process is running with CompressedOops enabled, and the Java Heap may be blocking the growth of the native heap
# Possible solutions:
#   Reduce memory load on the system
#   Increase physical memory or swap space
#   Check if swap backing store is full
#   Decrease Java heap size (-Xmx/-Xms)
#   Decrease number of Java threads
#   Decrease Java thread stack sizes (-Xss)
#   Set larger code cache with -XX:ReservedCodeCacheSize=
#   JVM is running with Unscaled Compressed Oops mode in which the Java heap is
#     placed in the first 4GB address space. The Java Heap base address is the
#     maximum limit for the native heap growth. Please use -XX:HeapBaseMinAddress
#     to set the Java Heap base and to place the Java Heap above 4GB virtual address.
# This output file may be truncated or incomplete.
#
#  Out of Memory Error (./open/src/hotspot/share/memory/allocation.cpp:44), pid=9108, tid=10440
#
# JRE version: Java(TM) SE Runtime Environment (15.0.1+9) (build 15.0.1+9-18)
# Java VM: Java HotSpot(TM) 64-Bit Server VM (15.0.1+9-18, mixed mode, sharing, tiered, compressed oops, g1 gc, windows-amd64)
# No core dump will be written. Minidumps are not enabled by default on client versions of Windows
#

---------------  S U M M A R Y ------------

Command Line: --add-opens=java.base/java.util=ALL-UNNAMED --add-opens=java.base/java.lang=ALL-UNNAMED --add-opens=java.base/java.lang.invoke=ALL-UNNAMED --add-opens=java.prefs/java.util.prefs=ALL-UNNAMED -Xmx2048m -Dfile.encoding=UTF-8 -Duser.country=US -Duser.language=en -Duser.variant org.gradle.launcher.daemon.bootstrap.GradleDaemon 6.5

Host: AMD A4-4300M APU with Radeon(tm) HD Graphics   , 2 cores, 7G,  Windows 10 , 64 bit Build 19041 (10.0.19041.1023)
Time: Tue Jun 22 18:59:01 2021 Egypt Standard Time elapsed time: 236.009319 seconds (0d 0h 3m 56s)

---------------  T H R E A D  ---------------

Current thread (0x000001c693149300):  VMThread "VM Thread" [stack: 0x0000004419900000,0x0000004419a00000] [id=10440]

Stack: [0x0000004419900000,0x0000004419a00000]
[error occurred during error reporting (printing stack bounds), id 0xc0000005, EXCEPTION_ACCESS_VIOLATION (0xc0000005) at pc=0x000001c69b2b10ad]

Native frames: (J=compiled Java code, j=interpreted, Vv=VM code, C=native code)
V  [jvm.dll+0x62ae9a]
V  [jvm.dll+0x781389]
V  [jvm.dll+0x782ae3]
V  [jvm.dll+0x7830a5]
V  [jvm.dll+0x78305b]
V  [jvm.dll+0x62a2b9]
V  [jvm.dll+0x62aa88]
C  [ntdll.dll+0xa217f]
C  [ntdll.dll+0x51454]
C  [ntdll.dll+0xa0cae]
C  0x000001c69b2b10ad

VM_Operation (0x000000441c8fc220): CollectForMetadataAllocation, mode: safepoint, requested by thread 0x000001c6b2ebb0e0


---------------  P R O C E S S  ---------------

Threads class SMR info:
_java_thread_list=0x000001c6b8621050, length=50, elements={
0x000001c69306f6c0, 0x000001c69314c230, 0x000001c69314cd10, 0x000001c6b0e9d710,
0x000001c6b0ea10f0, 0x000001c6b0ea1ab0, 0x000001c6b0ea2850, 0x000001c6b0f10da0,
0x000001c6b0f18b40, 0x000001c6b18f29c0, 0x000001c6b1978000, 0x000001c6b1c97380,
0x000001c6b1c0ea10, 0x000001c6b25bc500, 0x000001c6b18b3a60, 0x000001c6b18b3f30,
0x000001c6b1dc6160, 0x000001c6b0f0f4c0, 0x000001c6b1860490, 0x000001c6b28bc900,
0x000001c6b28bba90, 0x000001c6b28bcdd0, 0x000001c6b28bd2a0, 0x000001c6b28be5e0,
0x000001c6b28bdc40, 0x000001c6b3893480, 0x000001c6b3895b00, 0x000001c6b3895160,
0x000001c6b3894c90, 0x000001c6b3899990, 0x000001c6b3897310, 0x000001c6b41ae830,
0x000001c6b41ad020, 0x000001c6b41b09e0, 0x000001c6b41a9b30, 0x000001c6b41b0eb0,
0x000001c6b836d520, 0x000001c6b83679b0, 0x000001c6b836d050, 0x000001c6b8367010,
0x000001c6b8365cd0, 0x000001c6b83674e0, 0x000001c6b836b370, 0x000001c6b83691c0,
0x000001c6b2ebe100, 0x000001c6b2ebb5b0, 0x000001c6b2ebef70, 0x000001c6b2ebf440,
0x000001c6b2eb9da0, 0x000001c6b2ebb0e0
}

Java Threads: ( => current thread )
  0x000001c69306f6c0 JavaThread "main" [_thread_blocked, id=9520, stack(0x0000004419300000,0x0000004419400000)]
  0x000001c69314c230 JavaThread "Reference Handler" daemon [_thread_blocked, id=11212, stack(0x0000004419a00000,0x0000004419b00000)]
  0x000001c69314cd10 JavaThread "Finalizer" daemon [_thread_blocked, id=6200, stack(0x0000004419b00000,0x0000004419c00000)]
  0x000001c6b0e9d710 JavaThread "Signal Dispatcher" daemon [_thread_blocked, id=3920, stack(0x0000004419c00000,0x0000004419d00000)]
  0x000001c6b0ea10f0 JavaThread "Attach Listener" daemon [_thread_blocked, id=7848, stack(0x0000004419d00000,0x0000004419e00000)]
  0x000001c6b0ea1ab0 JavaThread "Service Thread" daemon [_thread_blocked, id=1240, stack(0x0000004419e00000,0x0000004419f00000)]
  0x000001c6b0ea2850 JavaThread "C2 CompilerThread0" daemon [_thread_blocked, id=1804, stack(0x0000004419f00000,0x000000441a000000)]
  0x000001c6b0f10da0 JavaThread "C1 CompilerThread0" daemon [_thread_blocked, id=10788, stack(0x000000441a000000,0x000000441a100000)]
  0x000001c6b0f18b40 JavaThread "Sweeper thread" daemon [_thread_blocked, id=1276, stack(0x000000441a100000,0x000000441a200000)]
  0x000001c6b18f29c0 JavaThread "Common-Cleaner" daemon [_thread_blocked, id=8460, stack(0x000000441a200000,0x000000441a300000)]
  0x000001c6b1978000 JavaThread "Notification Thread" daemon [_thread_blocked, id=9956, stack(0x000000441a300000,0x000000441a400000)]
  0x000001c6b1c97380 JavaThread "Daemon health stats" [_thread_blocked, id=8472, stack(0x000000441a600000,0x000000441a700000)]
  0x000001c6b1c0ea10 JavaThread "Incoming local TCP Connector on port 55680" [_thread_in_native, id=7564, stack(0x000000441a900000,0x000000441aa00000)]
  0x000001c6b25bc500 JavaThread "Daemon" [_thread_blocked, id=11132, stack(0x000000441aa00000,0x000000441ab00000)]
  0x000001c6b18b3a60 JavaThread "Handler for socket connection from /127.0.0.1:55680 to /127.0.0.1:55682" [_thread_in_native, id=3556, stack(0x000000441ab00000,0x000000441ac00000)]
  0x000001c6b18b3f30 JavaThread "Daemon periodic checks" [_thread_blocked, id=7384, stack(0x000000441ac00000,0x000000441ad00000)]
  0x000001c6b1dc6160 JavaThread "Cancel handler" [_thread_blocked, id=3604, stack(0x000000441ad00000,0x000000441ae00000)]
  0x000001c6b0f0f4c0 JavaThread "Daemon worker" [_thread_in_native, id=3548, stack(0x000000441ae00000,0x000000441af00000)]
  0x000001c6b1860490 JavaThread "Asynchronous log dispatcher for DefaultDaemonConnection: socket connection from /127.0.0.1:55680 to /127.0.0.1:55682" [_thread_blocked, id=1060, stack(0x000000441af00000,0x000000441b000000)]
  0x000001c6b28bc900 JavaThread "Thread-8" [_thread_blocked, id=2136, stack(0x000000441b100000,0x000000441b200000)]
  0x000001c6b28bba90 JavaThread "Cache worker for journal cache (C:\Users\Abdulla\.gradle\caches\journal-1)" [_thread_blocked, id=9840, stack(0x000000441b200000,0x000000441b300000)]
  0x000001c6b28bcdd0 JavaThread "File lock request listener" [_thread_in_native, id=10012, stack(0x000000441b300000,0x000000441b400000)]
  0x000001c6b28bd2a0 JavaThread "Cache worker for file hash cache (C:\Users\Abdulla\.gradle\caches\6.5\fileHashes)" [_thread_blocked, id=9756, stack(0x000000441b400000,0x000000441b500000)]
  0x000001c6b28be5e0 JavaThread "Cache worker for file hash cache (E:\newProjects\KotlinNoteApp\.gradle\6.5\fileHashes)" [_thread_blocked, id=10608, stack(0x000000441b500000,0x000000441b600000)]
  0x000001c6b28bdc40 JavaThread "Cache worker for checksums cache (E:\newProjects\KotlinNoteApp\.gradle\checksums)" [_thread_blocked, id=4332, stack(0x000000441b600000,0x000000441b700000)]
  0x000001c6b3893480 JavaThread "Cache worker for cache directory md-supplier (C:\Users\Abdulla\.gradle\caches\6.5\md-supplier)" [_thread_blocked, id=11244, stack(0x000000441b700000,0x000000441b800000)]
  0x000001c6b3895b00 JavaThread "Cache worker for cache directory md-rule (C:\Users\Abdulla\.gradle\caches\6.5\md-rule)" [_thread_blocked, id=2984, stack(0x000000441b800000,0x000000441b900000)]
  0x000001c6b3895160 JavaThread "Cache worker for execution history cache (C:\Users\Abdulla\.gradle\caches\6.5\executionHistory)" [_thread_blocked, id=10252, stack(0x000000441b900000,0x000000441ba00000)]
  0x000001c6b3894c90 JavaThread "Cache worker for file content cache (C:\Users\Abdulla\.gradle\caches\6.5\fileContent)" [_thread_blocked, id=9724, stack(0x000000441bb00000,0x000000441bc00000)]
  0x000001c6b3899990 JavaThread "Build operations" [_thread_blocked, id=8540, stack(0x000000441bc00000,0x000000441bd00000)]
  0x000001c6b3897310 JavaThread "Build operations Thread 2" [_thread_blocked, id=7240, stack(0x000000441bd00000,0x000000441be00000)]
  0x000001c6b41ae830 JavaThread "Cache worker for Build Output Cleanup Cache (E:\newProjects\KotlinNoteApp\.gradle\buildOutputCleanup)" [_thread_blocked, id=8836, stack(0x0000004419100000,0x0000004419200000)]
  0x000001c6b41ad020 JavaThread "Memory manager" [_thread_blocked, id=6244, stack(0x0000004419200000,0x0000004419300000)]
  0x000001c6b41b09e0 JavaThread "Cache worker for file content cache (E:\newProjects\KotlinNoteApp\.gradle\6.5\fileContent)" [_thread_blocked, id=10976, stack(0x000000441b000000,0x000000441b100000)]
  0x000001c6b41a9b30 JavaThread "Execution worker for ':'" [_thread_blocked, id=2312, stack(0x0000004422f00000,0x0000004423000000)]
  0x000001c6b41b0eb0 JavaThread "Cache worker for execution history cache (E:\newProjects\KotlinNoteApp\.gradle\6.5\executionHistory)" [_thread_blocked, id=3272, stack(0x0000004423000000,0x0000004423100000)]
  0x000001c6b836d520 JavaThread "WorkerExecutor Queue Thread 2" [_thread_blocked, id=5228, stack(0x000000441be00000,0x000000441bf00000)]
  0x000001c6b83679b0 JavaThread "Java2D Disposer" daemon [_thread_blocked, id=1712, stack(0x000000441c000000,0x000000441c100000)]
  0x000001c6b836d050 JavaThread "pool-2-thread-1" [_thread_blocked, id=7920, stack(0x000000441a700000,0x000000441a800000)]
  0x000001c6b8367010 JavaThread "stderr" [_thread_in_native, id=6360, stack(0x000000441c100000,0x000000441c200000)]
  0x000001c6b8365cd0 JavaThread "stderr" [_thread_in_native, id=10744, stack(0x000000441c200000,0x000000441c300000)]
  0x000001c6b83674e0 JavaThread "stdout" [_thread_in_native, id=7616, stack(0x000000441c300000,0x000000441c400000)]
  0x000001c6b836b370 JavaThread "stdout" [_thread_in_native, id=1528, stack(0x000000441c400000,0x000000441c500000)]
  0x000001c6b83691c0 JavaThread "WorkerExecutor Queue Thread 3" [_thread_blocked, id=2588, stack(0x000000441c500000,0x000000441c600000)]
  0x000001c6b2ebe100 JavaThread "RMI Scheduler(0)" daemon [_thread_blocked, id=5928, stack(0x000000441a800000,0x000000441a900000)]
  0x000001c6b2ebb5b0 JavaThread "RMI RenewClean-[127.0.0.1:17893,org.jetbrains.kotlin.daemon.common.LoopbackNetworkInterface$ClientLoopbackSocketFactory@1069d78a]" daemon [_thread_blocked, id=9408, stack(0x000000441ba00000,0x000000441bb00000)]
  0x000001c6b2ebef70 JavaThread "RMI GC Daemon" daemon [_thread_blocked, id=5636, stack(0x000000441bf00000,0x000000441c000000)]
  0x000001c6b2ebf440 JavaThread "RMI TCP Accept-0" daemon [_thread_in_native, id=3788, stack(0x000000441c600000,0x000000441c700000)]
  0x000001c6b2eb9da0 JavaThread "RMI Reaper" [_thread_blocked, id=3772, stack(0x000000441c700000,0x000000441c800000)]
  0x000001c6b2ebb0e0 JavaThread "RMI TCP Connection(1)-127.0.0.1" daemon [_thread_blocked, id=5772, stack(0x000000441c800000,0x000000441c900000)]

Other Threads:
=>0x000001c693149300 VMThread "VM Thread" [stack: 0x0000004419900000,0x0000004419a00000] [id=10440]
  0x000001c6b197e4f0 WatcherThread [stack: 0x000000441a400000,0x000000441a500000] [id=11040]
  0x000001c6930ad720 GCTaskThread "GC Thread#0" [stack: 0x0000004419400000,0x0000004419500000] [id=6224]
  0x000001c6b18f16a0 GCTaskThread "GC Thread#1" [stack: 0x000000441a500000,0x000000441a600000] [id=6636]
  0x000001c6930bf910 ConcurrentGCThread "G1 Main Marker" [stack: 0x0000004419500000,0x0000004419600000] [id=4152]
  0x000001c6930c1420 ConcurrentGCThread "G1 Conc#0" [stack: 0x0000004419600000,0x0000004419700000] [id=7832]
  0x000001c69311c7e0 ConcurrentGCThread "G1 Refine#0" [stack: 0x0000004419700000,0x0000004419800000] [id=864]
  0x000001c69311e1a0 ConcurrentGCThread "G1 Young RemSet Sampling" [stack: 0x0000004419800000,0x0000004419900000] [id=10908]

Threads with active compile tasks:

VM state: at safepoint (normal execution)

VM Mutex/Monitor currently owned by a thread:  ([mutex/lock_event])
[0x000001c69306b4f0] Threads_lock - owner thread: 0x000001c693149300
[0x000001c69306c270] Heap_lock - owner thread: 0x000001c6b2ebb0e0

Heap address: 0x0000000080000000, size: 2048 MB, Compressed Oops mode: 32-bit
CDS archive(s) mapped at: [0x0000000800000000-0x0000000800b50000-0x0000000800b50000), size 11862016, SharedBaseAddress: 0x0000000800000000, ArchiveRelocationMode: 0.
Compressed class space mapped at: 0x0000000800b50000-0x0000000840b50000, size: 1073741824
Narrow klass base: 0x0000000800000000, Narrow klass shift: 3, Narrow klass range: 0x100000000

GC Precious Log:
 CPUs: 2 total, 2 available
 Memory: 7369M
 Large Page Support: Disabled
 NUMA Support: Disabled
 Compressed Oops: Enabled (32-bit)
 Heap Region Size: 1M
 Heap Min Capacity: 8M
 Heap Initial Capacity: 116M
 Heap Max Capacity: 2G
 Pre-touch: Disabled
 Parallel Workers: 2
 Concurrent Workers: 1
 Concurrent Refinement Workers: 2
 Periodic GC: Disabled

Heap:
 garbage-first heap   total 155648K, used 80518K [0x0000000080000000, 0x0000000100000000)
  region size 1024K, 2 young (2048K), 2 survivors (2048K)
 Metaspace       used 83926K, capacity 85275K, committed 85376K, reserved 1132544K
  class space    used 10685K, capacity 11077K, committed 11136K, reserved 1048576K

Heap Regions: E=young(eden), S=young(survivor), O=old, HS=humongous(starts), HC=humongous(continues), CS=collection set, F=free, OA=open archive, CA=closed archive, TAMS=top-at-mark-start (previous, next)
|   0|0x0000000080000000, 0x0000000080100000, 0x0000000080100000|100%| O|  |TAMS 0x0000000080100000, 0x0000000080100000| Untracked 
|   1|0x0000000080100000, 0x0000000080200000, 0x0000000080200000|100%| O|  |TAMS 0x0000000080200000, 0x0000000080200000| Untracked 
|   2|0x0000000080200000, 0x0000000080300000, 0x0000000080300000|100%| O|  |TAMS 0x0000000080300000, 0x0000000080300000| Untracked 
|   3|0x0000000080300000, 0x0000000080400000, 0x0000000080400000|100%| O|  |TAMS 0x0000000080400000, 0x0000000080400000| Untracked 
|   4|0x0000000080400000, 0x0000000080500000, 0x0000000080500000|100%|HS|  |TAMS 0x0000000080500000, 0x0000000080500000| Complete 
|   5|0x0000000080500000, 0x0000000080600000, 0x0000000080600000|100%|HC|  |TAMS 0x0000000080600000, 0x0000000080600000| Complete 
|   6|0x0000000080600000, 0x0000000080700000, 0x0000000080700000|100%|HC|  |TAMS 0x0000000080700000, 0x0000000080700000| Complete 
|   7|0x0000000080700000, 0x0000000080800000, 0x0000000080800000|100%| O|  |TAMS 0x0000000080800000, 0x0000000080800000| Untracked 
|   8|0x0000000080800000, 0x0000000080900000, 0x0000000080900000|100%| O|  |TAMS 0x0000000080900000, 0x0000000080900000| Untracked 
|   9|0x0000000080900000, 0x0000000080a00000, 0x0000000080a00000|100%| O|  |TAMS 0x0000000080a00000, 0x0000000080a00000| Untracked 
|  10|0x0000000080a00000, 0x0000000080b00000, 0x0000000080b00000|100%| O|  |TAMS 0x0000000080b00000, 0x0000000080b00000| Untracked 
|  11|0x0000000080b00000, 0x0000000080c00000, 0x0000000080c00000|100%| O|  |TAMS 0x0000000080c00000, 0x0000000080c00000| Untracked 
|  12|0x0000000080c00000, 0x0000000080d00000, 0x0000000080d00000|100%| O|  |TAMS 0x0000000080d00000, 0x0000000080d00000| Untracked 
|  13|0x0000000080d00000, 0x0000000080e00000, 0x0000000080e00000|100%| O|  |TAMS 0x0000000080e00000, 0x0000000080e00000| Untracked 
|  14|0x0000000080e00000, 0x0000000080f00000, 0x0000000080f00000|100%| O|  |TAMS 0x0000000080f00000, 0x0000000080f00000| Untracked 
|  15|0x0000000080f00000, 0x0000000081000000, 0x0000000081000000|100%| O|  |TAMS 0x0000000081000000, 0x0000000081000000| Untracked 
|  16|0x0000000081000000, 0x0000000081100000, 0x0000000081100000|100%| O|  |TAMS 0x0000000081100000, 0x0000000081100000| Untracked 
|  17|0x0000000081100000, 0x0000000081200000, 0x0000000081200000|100%| O|  |TAMS 0x0000000081200000, 0x0000000081200000| Untracked 
|  18|0x0000000081200000, 0x0000000081300000, 0x0000000081300000|100%| O|  |TAMS 0x0000000081300000, 0x0000000081300000| Untracked 
|  19|0x0000000081300000, 0x0000000081400000, 0x0000000081400000|100%| O|  |TAMS 0x0000000081400000, 0x0000000081400000| Untracked 
|  20|0x0000000081400000, 0x0000000081500000, 0x0000000081500000|100%| O|  |TAMS 0x0000000081500000, 0x0000000081500000| Untracked 
|  21|0x0000000081500000, 0x0000000081600000, 0x0000000081600000|100%| O|  |TAMS 0x0000000081600000, 0x0000000081600000| Untracked 
|  22|0x0000000081600000, 0x0000000081700000, 0x0000000081700000|100%| O|  |TAMS 0x0000000081600000, 0x0000000081649c00| Untracked 
|  23|0x0000000081700000, 0x0000000081800000, 0x0000000081800000|100%| O|  |TAMS 0x0000000081800000, 0x0000000081800000| Untracked 
|  24|0x0000000081800000, 0x0000000081900000, 0x0000000081900000|100%| O|  |TAMS 0x0000000081900000, 0x0000000081900000| Untracked 
|  25|0x0000000081900000, 0x0000000081a00000, 0x0000000081a00000|100%|HS|  |TAMS 0x0000000081a00000, 0x0000000081a00000| Complete 
|  26|0x0000000081a00000, 0x0000000081b00000, 0x0000000081b00000|100%| O|  |TAMS 0x0000000081b00000, 0x0000000081b00000| Untracked 
|  27|0x0000000081b00000, 0x0000000081c00000, 0x0000000081c00000|100%| O|  |TAMS 0x0000000081c00000, 0x0000000081c00000| Untracked 
|  28|0x0000000081c00000, 0x0000000081d00000, 0x0000000081d00000|100%| O|  |TAMS 0x0000000081d00000, 0x0000000081d00000| Untracked 
|  29|0x0000000081d00000, 0x0000000081e00000, 0x0000000081e00000|100%|HS|  |TAMS 0x0000000081e00000, 0x0000000081e00000| Complete 
|  30|0x0000000081e00000, 0x0000000081f00000, 0x0000000081f00000|100%|HC|  |TAMS 0x0000000081f00000, 0x0000000081f00000| Complete 
|  31|0x0000000081f00000, 0x0000000082000000, 0x0000000082000000|100%|HC|  |TAMS 0x0000000082000000, 0x0000000082000000| Complete 
|  32|0x0000000082000000, 0x0000000082100000, 0x0000000082100000|100%| O|  |TAMS 0x0000000082100000, 0x0000000082100000| Untracked 
|  33|0x0000000082100000, 0x0000000082200000, 0x0000000082200000|100%| O|  |TAMS 0x0000000082200000, 0x0000000082200000| Untracked 
|  34|0x0000000082200000, 0x0000000082300000, 0x0000000082300000|100%| O|  |TAMS 0x0000000082300000, 0x0000000082300000| Untracked 
|  35|0x0000000082300000, 0x0000000082400000, 0x0000000082400000|100%|HS|  |TAMS 0x0000000082400000, 0x0000000082400000| Complete 
|  36|0x0000000082400000, 0x0000000082500000, 0x0000000082500000|100%|HC|  |TAMS 0x0000000082500000, 0x0000000082500000| Complete 
|  37|0x0000000082500000, 0x0000000082600000, 0x0000000082600000|100%| O|  |TAMS 0x0000000082600000, 0x0000000082600000| Untracked 
|  38|0x0000000082600000, 0x0000000082700000, 0x0000000082700000|100%| O|  |TAMS 0x0000000082700000, 0x0000000082700000| Untracked 
|  39|0x0000000082700000, 0x0000000082800000, 0x0000000082800000|100%| O|  |TAMS 0x0000000082800000, 0x0000000082800000| Untracked 
|  40|0x0000000082800000, 0x0000000082900000, 0x0000000082900000|100%| O|  |TAMS 0x0000000082900000, 0x0000000082900000| Untracked 
|  41|0x0000000082900000, 0x0000000082a00000, 0x0000000082a00000|100%| O|  |TAMS 0x0000000082a00000, 0x0000000082a00000| Untracked 
|  42|0x0000000082a00000, 0x0000000082b00000, 0x0000000082b00000|100%| O|  |TAMS 0x0000000082b00000, 0x0000000082b00000| Untracked 
|  43|0x0000000082b00000, 0x0000000082c00000, 0x0000000082c00000|100%| O|  |TAMS 0x0000000082c00000, 0x0000000082c00000| Untracked 
|  44|0x0000000082c00000, 0x0000000082d00000, 0x0000000082d00000|100%| O|  |TAMS 0x0000000082d00000, 0x0000000082d00000| Untracked 
|  45|0x0000000082d00000, 0x0000000082e00000, 0x0000000082e00000|100%| O|  |TAMS 0x0000000082e00000, 0x0000000082e00000| Untracked 
|  46|0x0000000082e00000, 0x0000000082f00000, 0x0000000082f00000|100%| O|  |TAMS 0x0000000082f00000, 0x0000000082f00000| Untracked 
|  47|0x0000000082f00000, 0x0000000083000000, 0x0000000083000000|100%| O|  |TAMS 0x0000000083000000, 0x0000000083000000| Untracked 
|  48|0x0000000083000000, 0x0000000083100000, 0x0000000083100000|100%| O|  |TAMS 0x0000000083100000, 0x0000000083100000| Untracked 
|  49|0x0000000083100000, 0x0000000083200000, 0x0000000083200000|100%| O|  |TAMS 0x0000000083200000, 0x0000000083200000| Untracked 
|  50|0x0000000083200000, 0x0000000083300000, 0x0000000083300000|100%| O|  |TAMS 0x0000000083300000, 0x0000000083300000| Untracked 
|  51|0x0000000083300000, 0x0000000083400000, 0x0000000083400000|100%| O|  |TAMS 0x0000000083400000, 0x0000000083400000| Untracked 
|  52|0x0000000083400000, 0x0000000083500000, 0x0000000083500000|100%| O|  |TAMS 0x0000000083500000, 0x0000000083500000| Untracked 
|  53|0x0000000083500000, 0x0000000083600000, 0x0000000083600000|100%| O|  |TAMS 0x0000000083600000, 0x0000000083600000| Untracked 
|  54|0x0000000083600000, 0x0000000083700000, 0x0000000083700000|100%| O|  |TAMS 0x0000000083700000, 0x0000000083700000| Untracked 
|  55|0x0000000083700000, 0x0000000083800000, 0x0000000083800000|100%| O|  |TAMS 0x0000000083800000, 0x0000000083800000| Untracked 
|  56|0x0000000083800000, 0x0000000083900000, 0x0000000083900000|100%| O|  |TAMS 0x0000000083900000, 0x0000000083900000| Untracked 
|  57|0x0000000083900000, 0x0000000083a00000, 0x0000000083a00000|100%| O|  |TAMS 0x0000000083a00000, 0x0000000083a00000| Untracked 
|  58|0x0000000083a00000, 0x0000000083b00000, 0x0000000083b00000|100%| O|  |TAMS 0x0000000083a00000, 0x0000000083a00000| Untracked 
|  59|0x0000000083b00000, 0x0000000083c00000, 0x0000000083c00000|100%| O|  |TAMS 0x0000000083c00000, 0x0000000083c00000| Untracked 
|  60|0x0000000083c00000, 0x0000000083d00000, 0x0000000083d00000|100%| O|  |TAMS 0x0000000083d00000, 0x0000000083d00000| Untracked 
|  61|0x0000000083d00000, 0x0000000083e00000, 0x0000000083e00000|100%| O|  |TAMS 0x0000000083e00000, 0x0000000083e00000| Untracked 
|  62|0x0000000083e00000, 0x0000000083f00000, 0x0000000083f00000|100%| O|  |TAMS 0x0000000083f00000, 0x0000000083f00000| Untracked 
|  63|0x0000000083f00000, 0x0000000084000000, 0x0000000084000000|100%| O|  |TAMS 0x0000000083f00000, 0x0000000083f00000| Untracked 
|  64|0x0000000084000000, 0x0000000084100000, 0x0000000084100000|100%| O|  |TAMS 0x0000000084100000, 0x0000000084100000| Untracked 
|  65|0x0000000084100000, 0x0000000084200000, 0x0000000084200000|100%| O|  |TAMS 0x0000000084200000, 0x0000000084200000| Untracked 
|  66|0x0000000084200000, 0x0000000084300000, 0x0000000084300000|100%| O|  |TAMS 0x0000000084300000, 0x0000000084300000| Untracked 
|  67|0x0000000084300000, 0x0000000084400000, 0x0000000084400000|100%| O|  |TAMS 0x0000000084300000, 0x0000000084300000| Untracked 
|  68|0x0000000084400000, 0x0000000084500000, 0x0000000084500000|100%| O|  |TAMS 0x0000000084500000, 0x0000000084500000| Untracked 
|  69|0x0000000084500000, 0x0000000084600000, 0x0000000084600000|100%| O|  |TAMS 0x0000000084600000, 0x0000000084600000| Untracked 
|  70|0x0000000084600000, 0x0000000084700000, 0x0000000084700000|100%| O|  |TAMS 0x0000000084700000, 0x0000000084700000| Untracked 
|  71|0x0000000084700000, 0x0000000084800000, 0x0000000084800000|100%| O|  |TAMS 0x0000000084800000, 0x0000000084800000| Untracked 
|  72|0x0000000084800000, 0x0000000084900000, 0x0000000084900000|100%| O|  |TAMS 0x0000000084900000, 0x0000000084900000| Untracked 
|  73|0x0000000084900000, 0x0000000084a00000, 0x0000000084a00000|100%| O|  |TAMS 0x0000000084a00000, 0x0000000084a00000| Untracked 
|  74|0x0000000084a00000, 0x0000000084acac00, 0x0000000084b00000| 79%| O|  |TAMS 0x0000000084a00000, 0x0000000084a00000| Untracked 
|  75|0x0000000084b00000, 0x0000000084b00000, 0x0000000084c00000|  0%| F|  |TAMS 0x0000000084b00000, 0x0000000084b00000| Untracked 
|  76|0x0000000084c00000, 0x0000000084c00000, 0x0000000084d00000|  0%| F|  |TAMS 0x0000000084c00000, 0x0000000084c00000| Untracked 
|  77|0x0000000084d00000, 0x0000000084e00000, 0x0000000084e00000|100%| O|  |TAMS 0x0000000084d64200, 0x0000000084e00000| Untracked 
|  78|0x0000000084e00000, 0x0000000084e00000, 0x0000000084f00000|  0%| F|  |TAMS 0x0000000084e00000, 0x0000000084e00000| Untracked 
|  79|0x0000000084f00000, 0x0000000084f00000, 0x0000000085000000|  0%| F|  |TAMS 0x0000000084f00000, 0x0000000084f00000| Untracked 
|  80|0x0000000085000000, 0x0000000085000000, 0x0000000085100000|  0%| F|  |TAMS 0x0000000085000000, 0x0000000085000000| Untracked 
|  81|0x0000000085100000, 0x0000000085100000, 0x0000000085200000|  0%| F|  |TAMS 0x0000000085100000, 0x0000000085100000| Untracked 
|  82|0x0000000085200000, 0x0000000085200000, 0x0000000085300000|  0%| F|  |TAMS 0x0000000085200000, 0x0000000085200000| Untracked 
|  83|0x0000000085300000, 0x0000000085300000, 0x0000000085400000|  0%| F|  |TAMS 0x0000000085300000, 0x0000000085300000| Untracked 
|  84|0x0000000085400000, 0x0000000085400000, 0x0000000085500000|  0%| F|  |TAMS 0x0000000085400000, 0x0000000085400000| Untracked 
|  85|0x0000000085500000, 0x0000000085500000, 0x0000000085600000|  0%| F|  |TAMS 0x0000000085500000, 0x0000000085500000| Untracked 
|  86|0x0000000085600000, 0x0000000085600000, 0x0000000085700000|  0%| F|  |TAMS 0x0000000085600000, 0x0000000085600000| Untracked 
|  87|0x0000000085700000, 0x0000000085700000, 0x0000000085800000|  0%| F|  |TAMS 0x0000000085700000, 0x0000000085700000| Untracked 
|  88|0x0000000085800000, 0x0000000085900000, 0x0000000085900000|100%| O|  |TAMS 0x0000000085900000, 0x0000000085900000| Untracked 
|  89|0x0000000085900000, 0x0000000085900000, 0x0000000085a00000|  0%| F|  |TAMS 0x0000000085900000, 0x0000000085900000| Untracked 
|  90|0x0000000085a00000, 0x0000000085a00000, 0x0000000085b00000|  0%| F|  |TAMS 0x0000000085a00000, 0x0000000085a00000| Untracked 
|  91|0x0000000085b00000, 0x0000000085b00000, 0x0000000085c00000|  0%| F|  |TAMS 0x0000000085b00000, 0x0000000085b00000| Untracked 
|  92|0x0000000085c00000, 0x0000000085c00000, 0x0000000085d00000|  0%| F|  |TAMS 0x0000000085c00000, 0x0000000085c00000| Untracked 
|  93|0x0000000085d00000, 0x0000000085d00000, 0x0000000085e00000|  0%| F|  |TAMS 0x0000000085d00000, 0x0000000085d00000| Untracked 
|  94|0x0000000085e00000, 0x0000000085e00000, 0x0000000085f00000|  0%| F|  |TAMS 0x0000000085e00000, 0x0000000085e00000| Untracked 
|  95|0x0000000085f00000, 0x0000000085f00000, 0x0000000086000000|  0%| F|  |TAMS 0x0000000085f00000, 0x0000000085f00000| Untracked 
|  96|0x0000000086000000, 0x0000000086000000, 0x0000000086100000|  0%| F|  |TAMS 0x0000000086000000, 0x0000000086000000| Untracked 
|  97|0x0000000086100000, 0x0000000086100000, 0x0000000086200000|  0%| F|  |TAMS 0x0000000086100000, 0x0000000086100000| Untracked 
|  98|0x0000000086200000, 0x0000000086200000, 0x0000000086300000|  0%| F|  |TAMS 0x0000000086200000, 0x0000000086200000| Untracked 
|  99|0x0000000086300000, 0x0000000086300000, 0x0000000086400000|  0%| F|  |TAMS 0x0000000086300000, 0x0000000086300000| Untracked 
| 100|0x0000000086400000, 0x0000000086400000, 0x0000000086500000|  0%| F|  |TAMS 0x0000000086400000, 0x0000000086400000| Untracked 
| 101|0x0000000086500000, 0x0000000086500000, 0x0000000086600000|  0%| F|  |TAMS 0x0000000086500000, 0x0000000086500000| Untracked 
| 102|0x0000000086600000, 0x0000000086600000, 0x0000000086700000|  0%| F|  |TAMS 0x0000000086600000, 0x0000000086600000| Untracked 
| 103|0x0000000086700000, 0x0000000086700000, 0x0000000086800000|  0%| F|  |TAMS 0x0000000086700000, 0x0000000086700000| Untracked 
| 104|0x0000000086800000, 0x0000000086800000, 0x0000000086900000|  0%| F|  |TAMS 0x0000000086800000, 0x0000000086800000| Untracked 
| 105|0x0000000086900000, 0x0000000086900000, 0x0000000086a00000|  0%| F|  |TAMS 0x0000000086900000, 0x0000000086900000| Untracked 
| 106|0x0000000086a00000, 0x0000000086a00000, 0x0000000086b00000|  0%| F|  |TAMS 0x0000000086a00000, 0x0000000086a00000| Untracked 
| 107|0x0000000086b00000, 0x0000000086b00000, 0x0000000086c00000|  0%| F|  |TAMS 0x0000000086b00000, 0x0000000086b00000| Untracked 
| 108|0x0000000086c00000, 0x0000000086c00000, 0x0000000086d00000|  0%| F|  |TAMS 0x0000000086c00000, 0x0000000086c00000| Untracked 
| 109|0x0000000086d00000, 0x0000000086d00000, 0x0000000086e00000|  0%| F|  |TAMS 0x0000000086d00000, 0x0000000086d00000| Untracked 
| 110|0x0000000086e00000, 0x0000000086e00000, 0x0000000086f00000|  0%| F|  |TAMS 0x0000000086e00000, 0x0000000086e00000| Untracked 
| 111|0x0000000086f00000, 0x0000000086f00000, 0x0000000087000000|  0%| F|  |TAMS 0x0000000086f00000, 0x0000000086f00000| Untracked 
| 112|0x0000000087000000, 0x0000000087000000, 0x0000000087100000|  0%| F|  |TAMS 0x0000000087000000, 0x0000000087000000| Untracked 
| 113|0x0000000087100000, 0x0000000087100000, 0x0000000087200000|  0%| F|  |TAMS 0x0000000087100000, 0x0000000087100000| Untracked 
| 114|0x0000000087200000, 0x0000000087200000, 0x0000000087300000|  0%| F|  |TAMS 0x0000000087200000, 0x0000000087200000| Untracked 
| 115|0x0000000087300000, 0x0000000087300000, 0x0000000087400000|  0%| F|  |TAMS 0x0000000087300000, 0x0000000087300000| Untracked 
| 116|0x0000000087400000, 0x0000000087400000, 0x0000000087500000|  0%| F|  |TAMS 0x0000000087400000, 0x0000000087400000| Untracked 
| 117|0x0000000087500000, 0x0000000087500000, 0x0000000087600000|  0%| F|  |TAMS 0x0000000087500000, 0x0000000087500000| Untracked 
| 118|0x0000000087600000, 0x0000000087600000, 0x0000000087700000|  0%| F|  |TAMS 0x0000000087600000, 0x0000000087600000| Untracked 
| 119|0x0000000087700000, 0x0000000087700000, 0x0000000087800000|  0%| F|  |TAMS 0x0000000087700000, 0x0000000087700000| Untracked 
| 120|0x0000000087800000, 0x0000000087800000, 0x0000000087900000|  0%| F|  |TAMS 0x0000000087800000, 0x0000000087800000| Untracked 
| 121|0x0000000087900000, 0x0000000087900000, 0x0000000087a00000|  0%| F|  |TAMS 0x0000000087900000, 0x0000000087900000| Untracked 
| 122|0x0000000087a00000, 0x0000000087a00000, 0x0000000087b00000|  0%| F|  |TAMS 0x0000000087a00000, 0x0000000087a00000| Untracked 
| 123|0x0000000087b00000, 0x0000000087b00000, 0x0000000087c00000|  0%| F|  |TAMS 0x0000000087b00000, 0x0000000087b00000| Untracked 
| 124|0x0000000087c00000, 0x0000000087c00000, 0x0000000087d00000|  0%| F|  |TAMS 0x0000000087c00000, 0x0000000087c00000| Untracked 
| 125|0x0000000087d00000, 0x0000000087d00000, 0x0000000087e00000|  0%| F|  |TAMS 0x0000000087d00000, 0x0000000087d00000| Untracked 
| 126|0x0000000087e00000, 0x0000000087e00000, 0x0000000087f00000|  0%| F|  |TAMS 0x0000000087e00000, 0x0000000087e00000| Untracked 
| 127|0x0000000087f00000, 0x0000000087f00000, 0x0000000088000000|  0%| F|  |TAMS 0x0000000087f00000, 0x0000000087f00000| Untracked 
| 128|0x0000000088000000, 0x0000000088000000, 0x0000000088100000|  0%| F|  |TAMS 0x0000000088000000, 0x0000000088000000| Untracked 
| 129|0x0000000088100000, 0x0000000088100000, 0x0000000088200000|  0%| F|  |TAMS 0x0000000088100000, 0x0000000088100000| Untracked 
| 130|0x0000000088200000, 0x0000000088200000, 0x0000000088300000|  0%| F|  |TAMS 0x0000000088200000, 0x0000000088200000| Untracked 
| 131|0x0000000088300000, 0x00000000883d6ea0, 0x0000000088400000| 83%| S|CS|TAMS 0x0000000088300000, 0x0000000088300000| Complete 
| 132|0x0000000088400000, 0x0000000088500000, 0x0000000088500000|100%| S|CS|TAMS 0x0000000088400000, 0x0000000088400000| Complete 
| 133|0x0000000088500000, 0x0000000088500000, 0x0000000088600000|  0%| F|  |TAMS 0x0000000088500000, 0x0000000088500000| Untracked 
| 134|0x0000000088600000, 0x0000000088600000, 0x0000000088700000|  0%| F|  |TAMS 0x0000000088600000, 0x0000000088600000| Untracked 
| 135|0x0000000088700000, 0x0000000088700000, 0x0000000088800000|  0%| F|  |TAMS 0x0000000088700000, 0x0000000088700000| Untracked 
| 136|0x0000000088800000, 0x0000000088800000, 0x0000000088900000|  0%| F|  |TAMS 0x0000000088800000, 0x0000000088800000| Untracked 
| 137|0x0000000088900000, 0x0000000088900000, 0x0000000088a00000|  0%| F|  |TAMS 0x0000000088900000, 0x0000000088900000| Untracked 
| 138|0x0000000088a00000, 0x0000000088a00000, 0x0000000088b00000|  0%| F|  |TAMS 0x0000000088a00000, 0x0000000088a00000| Untracked 
| 139|0x0000000088b00000, 0x0000000088b00000, 0x0000000088c00000|  0%| F|  |TAMS 0x0000000088b00000, 0x0000000088b00000| Untracked 
| 140|0x0000000088c00000, 0x0000000088c00000, 0x0000000088d00000|  0%| F|  |TAMS 0x0000000088c00000, 0x0000000088c00000| Untracked 
| 141|0x0000000088d00000, 0x0000000088d00000, 0x0000000088e00000|  0%| F|  |TAMS 0x0000000088d00000, 0x0000000088d00000| Untracked 
| 142|0x0000000088e00000, 0x0000000088e00000, 0x0000000088f00000|  0%| F|  |TAMS 0x0000000088e00000, 0x0000000088e00000| Untracked 
| 143|0x0000000088f00000, 0x0000000088f00000, 0x0000000089000000|  0%| F|  |TAMS 0x0000000088f00000, 0x0000000088f00000| Untracked 
| 144|0x0000000089000000, 0x0000000089000000, 0x0000000089100000|  0%| F|  |TAMS 0x0000000089000000, 0x0000000089000000| Untracked 
| 145|0x0000000089100000, 0x0000000089100000, 0x0000000089200000|  0%| F|  |TAMS 0x0000000089100000, 0x0000000089100000| Untracked 
| 146|0x0000000089200000, 0x0000000089200000, 0x0000000089300000|  0%| F|  |TAMS 0x0000000089200000, 0x0000000089200000| Untracked 
| 147|0x0000000089300000, 0x0000000089300000, 0x0000000089400000|  0%| F|  |TAMS 0x0000000089300000, 0x0000000089300000| Untracked 
| 148|0x0000000089400000, 0x0000000089400000, 0x0000000089500000|  0%| F|  |TAMS 0x0000000089400000, 0x0000000089400000| Untracked 
| 149|0x0000000089500000, 0x0000000089500000, 0x0000000089600000|  0%| F|  |TAMS 0x0000000089500000, 0x0000000089500000| Untracked 
| 150|0x0000000089600000, 0x0000000089600000, 0x0000000089700000|  0%| F|  |TAMS 0x0000000089600000, 0x0000000089600000| Untracked 
| 151|0x0000000089700000, 0x0000000089700000, 0x0000000089800000|  0%| F|  |TAMS 0x0000000089700000, 0x0000000089700000| Untracked 

Card table byte_map: [0x000001c6aa2b0000,0x000001c6aa6b0000] _byte_map_base: 0x000001c6a9eb0000

Marking Bits (Prev, Next): (CMBitMap*) 0x000001c6930aeef0, (CMBitMap*) 0x000001c6930aeeb0
 Prev Bits: [0x000001c6acab0000, 0x000001c6aeab0000)
 Next Bits: [0x000001c6aaab0000, 0x000001c6acab0000)

Polling page: 0x000001c6911e0000

Metaspace:

Usage:
  Non-class:     72.46 MB capacity,    71.52 MB ( 99%) used,   826.90 KB (  1%) free+waste,   130.62 KB ( <1%) overhead. 
      Class:     10.82 MB capacity,    10.44 MB ( 96%) used,   339.96 KB (  3%) free+waste,    51.44 KB ( <1%) overhead. 
       Both:     83.28 MB capacity,    81.96 MB ( 98%) used,     1.14 MB (  1%) free+waste,   182.06 KB ( <1%) overhead. 

Virtual space:
  Non-class space:       82.00 MB reserved,      72.50 MB ( 88%) committed 
      Class space:        1.00 GB reserved,      10.88 MB (  1%) committed 
             Both:        1.08 GB reserved,      83.38 MB (  8%) committed 

Chunk freelists:
   Non-Class:  42.00 KB
       Class:  0 bytes
        Both:  42.00 KB

MaxMetaspaceSize: 17179869184.00 GB
CompressedClassSpaceSize: 1.00 GB

CodeHeap 'non-profiled nmethods': size=120064Kb used=6577Kb max_used=6577Kb free=113486Kb
 bounds [0x000001c6a2d70000, 0x000001c6a33e0000, 0x000001c6aa2b0000]
CodeHeap 'profiled nmethods': size=120000Kb used=21049Kb max_used=21049Kb free=98951Kb
 bounds [0x000001c69b840000, 0x000001c69ccd0000, 0x000001c6a2d70000]
CodeHeap 'non-nmethods': size=5696Kb used=2506Kb max_used=2534Kb free=3189Kb
 bounds [0x000001c69b2b0000, 0x000001c69b530000, 0x000001c69b840000]
 total_blobs=11725 nmethods=10688 adapters=949
 compilation: enabled
              stopped_count=0, restarted_count=0
 full_count=0

Compilation events (20 events):
Event: 228.389 Thread 0x000001c6b0ea2850 12333       4       jdk.internal.org.objectweb.asm.Frame::pop (42 bytes)
Event: 228.391 Thread 0x000001c6b0ea2850 nmethod 12333 0x000001c6a33d7e10 code [0x000001c6a33d7f80, 0x000001c6a33d8038]
Event: 228.396 Thread 0x000001c6b0ea2850 12334       4       java.lang.invoke.LambdaForm$Name::replaceNames (174 bytes)
Event: 228.410 Thread 0x000001c6b0f10da0 12335   !   3       java.io.ObjectStreamClass::readNonProxy (411 bytes)
Event: 228.416 Thread 0x000001c6b0f10da0 nmethod 12335 0x000001c69ccc7490 code [0x000001c69ccc7a00, 0x000001c69ccca5f8]
Event: 228.418 Thread 0x000001c6b0f10da0 12337       2       java.io.ObjectOutputStream::writeClassDesc (60 bytes)
Event: 228.419 Thread 0x000001c6b0f10da0 nmethod 12337 0x000001c69cccb610 code [0x000001c69cccb820, 0x000001c69cccbb68]
Event: 228.542 Thread 0x000001c6b0ea2850 nmethod 12334 0x000001c6a33d8110 code [0x000001c6a33d83a0, 0x000001c6a33da090]
Event: 228.542 Thread 0x000001c6b0ea2850 12336       4       java.io.ObjectInputStream::defaultSetFieldValues (37 bytes)
Event: 228.561 Thread 0x000001c6b0ea2850 nmethod 12336 0x000001c6a33db190 code [0x000001c6a33db340, 0x000001c6a33db8a8]
Event: 230.608 Thread 0x000001c6b0ea2850 12338       4       org.gradle.launcher.daemon.server.exec.DaemonConnectionBackedEventConsumer$ForwardEvents::moreMessagesToSend (35 bytes)
Event: 230.610 Thread 0x000001c6b0ea2850 nmethod 12338 0x000001c6a33dbd90 code [0x000001c6a33dbf00, 0x000001c6a33dbf98]
Event: 230.610 Thread 0x000001c6b0ea2850 12339   !   4       org.gradle.launcher.daemon.server.exec.DaemonConnectionBackedEventConsumer$ForwardEvents::getNextEvent (27 bytes)
Event: 230.612 Thread 0x000001c6b0ea2850 nmethod 12339 0x000001c6a33dc090 code [0x000001c6a33dc220, 0x000001c6a33dc328]
Event: 235.935 Thread 0x000001c6b0f10da0 12340       3       jdk.internal.reflect.UnsafeQualifiedStaticFieldAccessorImpl::<init> (11 bytes)
Event: 235.937 Thread 0x000001c6b0f10da0 nmethod 12340 0x000001c69cccbe10 code [0x000001c69cccbfe0, 0x000001c69cccc3a8]
Event: 235.964 Thread 0x000001c6b0f10da0 12341   !   3       java.io.ObjectInputStream$BlockDataInputStream::readUTFSpan (502 bytes)
Event: 235.966 Thread 0x000001c6b0f10da0 nmethod 12341 0x000001c69cccc510 code [0x000001c69cccc7a0, 0x000001c69cccd548]
Event: 235.966 Thread 0x000001c6b0f10da0 12342       3       sun.net.www.ParseUtil::encodePath (41 bytes)
Event: 235.967 Thread 0x000001c6b0f10da0 nmethod 12342 0x000001c69cccdf10 code [0x000001c69ccce0e0, 0x000001c69ccce328]

GC Heap History (20 events):
Event: 138.582 GC heap before
{Heap before GC invocations=60 (full 0):
 garbage-first heap   total 155648K, used 105246K [0x0000000080000000, 0x0000000100000000)
  region size 1024K, 7 young (7168K), 1 survivors (1024K)
 Metaspace       used 73345K, capacity 74478K, committed 74624K, reserved 1114112K
  class space    used 9422K, capacity 9755K, committed 9856K, reserved 1048576K
}
Event: 138.591 GC heap after
{Heap after GC invocations=61 (full 0):
 garbage-first heap   total 155648K, used 92705K [0x0000000080000000, 0x0000000100000000)
  region size 1024K, 1 young (1024K), 1 survivors (1024K)
 Metaspace       used 73345K, capacity 74478K, committed 74624K, reserved 1114112K
  class space    used 9422K, capacity 9755K, committed 9856K, reserved 1048576K
}
Event: 139.699 GC heap before
{Heap before GC invocations=61 (full 0):
 garbage-first heap   total 155648K, used 97825K [0x0000000080000000, 0x0000000100000000)
  region size 1024K, 7 young (7168K), 1 survivors (1024K)
 Metaspace       used 73370K, capacity 74542K, committed 74880K, reserved 1114112K
  class space    used 9422K, capacity 9755K, committed 9856K, reserved 1048576K
}
Event: 139.712 GC heap after
{Heap after GC invocations=62 (full 0):
 garbage-first heap   total 155648K, used 92749K [0x0000000080000000, 0x0000000100000000)
  region size 1024K, 1 young (1024K), 1 survivors (1024K)
 Metaspace       used 73370K, capacity 74542K, committed 74880K, reserved 1114112K
  class space    used 9422K, capacity 9755K, committed 9856K, reserved 1048576K
}
Event: 144.188 GC heap before
{Heap before GC invocations=63 (full 0):
 garbage-first heap   total 155648K, used 100941K [0x0000000080000000, 0x0000000100000000)
  region size 1024K, 14 young (14336K), 1 survivors (1024K)
 Metaspace       used 74183K, capacity 75354K, committed 75392K, reserved 1114112K
  class space    used 9507K, capacity 9853K, committed 9856K, reserved 1048576K
}
Event: 144.198 GC heap after
{Heap after GC invocations=64 (full 0):
 garbage-first heap   total 155648K, used 89182K [0x0000000080000000, 0x0000000100000000)
  region size 1024K, 1 young (1024K), 1 survivors (1024K)
 Metaspace       used 74183K, capacity 75354K, committed 75392K, reserved 1114112K
  class space    used 9507K, capacity 9853K, committed 9856K, reserved 1048576K
}
Event: 145.804 GC heap before
{Heap before GC invocations=64 (full 0):
 garbage-first heap   total 155648K, used 94302K [0x0000000080000000, 0x0000000100000000)
  region size 1024K, 7 young (7168K), 1 survivors (1024K)
 Metaspace       used 74881K, capacity 76088K, committed 76416K, reserved 1116160K
  class space    used 9610K, capacity 9987K, committed 10112K, reserved 1048576K
}
Event: 145.820 GC heap after
{Heap after GC invocations=65 (full 0):
 garbage-first heap   total 155648K, used 79521K [0x0000000080000000, 0x0000000100000000)
  region size 1024K, 1 young (1024K), 1 survivors (1024K)
 Metaspace       used 74881K, capacity 76088K, committed 76416K, reserved 1116160K
  class space    used 9610K, capacity 9987K, committed 10112K, reserved 1048576K
}
Event: 153.016 GC heap before
{Heap before GC invocations=65 (full 0):
 garbage-first heap   total 155648K, used 109217K [0x0000000080000000, 0x0000000100000000)
  region size 1024K, 31 young (31744K), 1 survivors (1024K)
 Metaspace       used 77577K, capacity 78713K, committed 78976K, reserved 1118208K
  class space    used 9932K, capacity 10279K, committed 10368K, reserved 1048576K
}
Event: 153.064 GC heap after
{Heap after GC invocations=66 (full 0):
 garbage-first heap   total 155648K, used 81825K [0x0000000080000000, 0x0000000100000000)
  region size 1024K, 3 young (3072K), 3 survivors (3072K)
 Metaspace       used 77577K, capacity 78713K, committed 78976K, reserved 1118208K
  class space    used 9932K, capacity 10279K, committed 10368K, reserved 1048576K
}
Event: 157.923 GC heap before
{Heap before GC invocations=67 (full 0):
 garbage-first heap   total 155648K, used 109473K [0x0000000080000000, 0x0000000100000000)
  region size 1024K, 34 young (34816K), 3 survivors (3072K)
 Metaspace       used 77834K, capacity 79061K, committed 79232K, reserved 1118208K
  class space    used 9961K, capacity 10322K, committed 10368K, reserved 1048576K
}
Event: 157.948 GC heap after
{Heap after GC invocations=68 (full 0):
 garbage-first heap   total 155648K, used 81035K [0x0000000080000000, 0x0000000100000000)
  region size 1024K, 5 young (5120K), 5 survivors (5120K)
 Metaspace       used 77834K, capacity 79061K, committed 79232K, reserved 1118208K
  class space    used 9961K, capacity 10322K, committed 10368K, reserved 1048576K
}
Event: 158.099 GC heap before
{Heap before GC invocations=68 (full 0):
 garbage-first heap   total 155648K, used 83083K [0x0000000080000000, 0x0000000100000000)
  region size 1024K, 7 young (7168K), 5 survivors (5120K)
 Metaspace       used 77838K, capacity 79061K, committed 79232K, reserved 1118208K
  class space    used 9961K, capacity 10322K, committed 10368K, reserved 1048576K
}
Event: 158.138 GC heap after
{Heap after GC invocations=69 (full 0):
 garbage-first heap   total 155648K, used 73888K [0x0000000080000000, 0x0000000100000000)
  region size 1024K, 1 young (1024K), 1 survivors (1024K)
 Metaspace       used 77838K, capacity 79061K, committed 79232K, reserved 1118208K
  class space    used 9961K, capacity 10322K, committed 10368K, reserved 1048576K
}
Event: 199.031 GC heap before
{Heap before GC invocations=69 (full 0):
 garbage-first heap   total 155648K, used 124064K [0x0000000080000000, 0x0000000100000000)
  region size 1024K, 51 young (52224K), 1 survivors (1024K)
 Metaspace       used 79301K, capacity 80608K, committed 80640K, reserved 1120256K
  class space    used 10082K, capacity 10473K, committed 10496K, reserved 1048576K
}
Event: 199.071 GC heap after
{Heap after GC invocations=70 (full 0):
 garbage-first heap   total 155648K, used 77741K [0x0000000080000000, 0x0000000100000000)
  region size 1024K, 5 young (5120K), 5 survivors (5120K)
 Metaspace       used 79301K, capacity 80608K, committed 80640K, reserved 1120256K
  class space    used 10082K, capacity 10473K, committed 10496K, reserved 1048576K
}
Event: 206.020 GC heap before
{Heap before GC invocations=71 (full 0):
 garbage-first heap   total 155648K, used 117677K [0x0000000080000000, 0x0000000100000000)
  region size 1024K, 45 young (46080K), 5 survivors (5120K)
 Metaspace       used 81744K, capacity 83041K, committed 83328K, reserved 1122304K
  class space    used 10375K, capacity 10770K, committed 10880K, reserved 1048576K
}
Event: 206.045 GC heap after
{Heap after GC invocations=72 (full 0):
 garbage-first heap   total 155648K, used 79143K [0x0000000080000000, 0x0000000100000000)
  region size 1024K, 5 young (5120K), 5 survivors (5120K)
 Metaspace       used 81744K, capacity 83041K, committed 83328K, reserved 1122304K
  class space    used 10375K, capacity 10770K, committed 10880K, reserved 1048576K
}
Event: 235.968 GC heap before
{Heap before GC invocations=72 (full 0):
 garbage-first heap   total 155648K, used 97575K [0x0000000080000000, 0x0000000100000000)
  region size 1024K, 24 young (24576K), 5 survivors (5120K)
 Metaspace       used 83926K, capacity 85275K, committed 85376K, reserved 1130496K
  class space    used 10685K, capacity 11077K, committed 11136K, reserved 1048576K
}
Event: 235.994 GC heap after
{Heap after GC invocations=73 (full 0):
 garbage-first heap   total 155648K, used 80518K [0x0000000080000000, 0x0000000100000000)
  region size 1024K, 2 young (2048K), 2 survivors (2048K)
 Metaspace       used 83926K, capacity 85275K, committed 85376K, reserved 1130496K
  class space    used 10685K, capacity 11077K, committed 11136K, reserved 1048576K
}

Deoptimization events (20 events):
Event: 227.908 Thread 0x000001c6b0f0f4c0 Uncommon trap: trap_request=0xffffff45 fr.pc=0x000001c6a33b05e4 relative=0x0000000000000404
Event: 227.908 Thread 0x000001c6b0f0f4c0 Uncommon trap: reason=unstable_if action=reinterpret pc=0x000001c6a33b05e4 method=java.io.BufferedOutputStream.write([BII)V @ 35 c2
Event: 227.908 Thread 0x000001c6b0f0f4c0 DEOPT PACKING pc=0x000001c6a33b05e4 sp=0x000000441aef78b0
Event: 227.909 Thread 0x000001c6b0f0f4c0 DEOPT UNPACKING pc=0x000001c69b2fe12f sp=0x000000441aef7878 mode 2
Event: 228.125 Thread 0x000001c6b0f0f4c0 DEOPT PACKING pc=0x000001c69ca23afd sp=0x000000441aef72d0
Event: 228.125 Thread 0x000001c6b0f0f4c0 DEOPT UNPACKING pc=0x000001c69b2fdf3f sp=0x000000441aef6798 mode 0
Event: 228.151 Thread 0x000001c6b0f0f4c0 DEOPT PACKING pc=0x000001c69ca23afd sp=0x000000441aef60d0
Event: 228.151 Thread 0x000001c6b0f0f4c0 DEOPT UNPACKING pc=0x000001c69b2fdf3f sp=0x000000441aef5598 mode 0
Event: 228.400 Thread 0x000001c6b2ebb0e0 Uncommon trap: trap_request=0xffffffde fr.pc=0x000001c6a2eb98fc relative=0x00000000000000bc
Event: 228.400 Thread 0x000001c6b2ebb0e0 Uncommon trap: reason=class_check action=maybe_recompile pc=0x000001c6a2eb98fc method=java.lang.ThreadLocal.set(Ljava/lang/Object;)V @ 26 c2
Event: 228.400 Thread 0x000001c6b2ebb0e0 DEOPT PACKING pc=0x000001c6a2eb98fc sp=0x000000441c8ff040
Event: 228.400 Thread 0x000001c6b2ebb0e0 DEOPT UNPACKING pc=0x000001c69b2fe12f sp=0x000000441c8fefd0 mode 2
Event: 235.964 Thread 0x000001c6b2ebb0e0 Uncommon trap: trap_request=0xffffff45 fr.pc=0x000001c6a3224d3c relative=0x00000000000009fc
Event: 235.964 Thread 0x000001c6b2ebb0e0 Uncommon trap: reason=unstable_if action=reinterpret pc=0x000001c6a3224d3c method=java.io.ObjectInputStream$BlockDataInputStream.readUTFSpan(Ljava/lang/StringBuilder;J)J @ 35 c2
Event: 235.964 Thread 0x000001c6b2ebb0e0 DEOPT PACKING pc=0x000001c6a3224d3c sp=0x000000441c8fea20
Event: 235.964 Thread 0x000001c6b2ebb0e0 DEOPT UNPACKING pc=0x000001c69b2fe12f sp=0x000000441c8fe9b0 mode 2
Event: 235.964 Thread 0x000001c6b2ebb0e0 Uncommon trap: trap_request=0xffffff45 fr.pc=0x000001c6a33d20f8 relative=0x0000000000002c98
Event: 235.964 Thread 0x000001c6b2ebb0e0 Uncommon trap: reason=unstable_if action=reinterpret pc=0x000001c6a33d20f8 method=java.io.ObjectInputStream$BlockDataInputStream.readUTFBody(J)Ljava/lang/String; @ 126 c2
Event: 235.964 Thread 0x000001c6b2ebb0e0 DEOPT PACKING pc=0x000001c6a33d20f8 sp=0x000000441c8feab0
Event: 235.964 Thread 0x000001c6b2ebb0e0 DEOPT UNPACKING pc=0x000001c69b2fe12f sp=0x000000441c8fe938 mode 2

Classes unloaded (0 events):
No events

Classes redefined (0 events):
No events

Internal exceptions (20 events):
Event: 205.824 Thread 0x000001c6b0f0f4c0 Exception <a 'sun/nio/fs/WindowsException'{0x00000000872f7a50}> (0x00000000872f7a50) 
thrown [./open/src/hotspot/share/prims/jni.cpp, line 578]
Event: 205.827 Thread 0x000001c6b0f0f4c0 Exception <a 'sun/nio/fs/WindowsException'{0x00000000872f8ed8}> (0x00000000872f8ed8) 
thrown [./open/src/hotspot/share/prims/jni.cpp, line 578]
Event: 213.773 Thread 0x000001c6b0f0f4c0 Exception <a 'java/net/ConnectException'{0x0000000088eef8a8}: Connection refused: connect> (0x0000000088eef8a8) 
thrown [./open/src/hotspot/share/prims/jni.cpp, line 599]
Event: 213.774 Thread 0x000001c6b0f0f4c0 Exception <a 'java/net/SocketException'{0x0000000088ef0f80}: Socket is not connected: shutdown> (0x0000000088ef0f80) 
thrown [./open/src/hotspot/share/prims/jni.cpp, line 599]
Event: 216.347 Thread 0x000001c6b0f0f4c0 Exception <a 'java/net/ConnectException'{0x0000000088d03ee8}: Connection refused: connect> (0x0000000088d03ee8) 
thrown [./open/src/hotspot/share/prims/jni.cpp, line 599]
Event: 216.348 Thread 0x000001c6b0f0f4c0 Exception <a 'java/net/SocketException'{0x0000000088d054b8}: Socket is not connected: shutdown> (0x0000000088d054b8) 
thrown [./open/src/hotspot/share/prims/jni.cpp, line 599]
Event: 218.526 Thread 0x000001c6b0f0f4c0 Exception <a 'java/net/ConnectException'{0x0000000088d06f80}: Connection refused: connect> (0x0000000088d06f80) 
thrown [./open/src/hotspot/share/prims/jni.cpp, line 599]
Event: 218.526 Thread 0x000001c6b0f0f4c0 Exception <a 'java/net/SocketException'{0x0000000088d08550}: Socket is not connected: shutdown> (0x0000000088d08550) 
thrown [./open/src/hotspot/share/prims/jni.cpp, line 599]
Event: 227.386 Thread 0x000001c6b0f0f4c0 Exception <a 'java/lang/NoSuchMethodError'{0x0000000088a28568}: static Lorg/jetbrains/kotlin/daemon/common/LoopbackNetworkInterface$AbstractClientLoopbackSocketFactory;.<clinit>()V> (0x0000000088a28568) 
thrown [./open/src/hotspot/share/prims/jni.cpp, line 1204]
Event: 227.388 Thread 0x000001c6b0f0f4c0 Exception <a 'java/lang/NoSuchMethodError'{0x0000000088a3da10}: static Lorg/jetbrains/kotlin/daemon/common/LoopbackNetworkInterface$ClientLoopbackSocketFactory;.<clinit>()V> (0x0000000088a3da10) 
thrown [./open/src/hotspot/share/prims/jni.cpp, line 1204]
Event: 227.551 Thread 0x000001c6b0f0f4c0 Exception <a 'java/lang/NoSuchMethodError'{0x0000000088a8c9f8}: static [Ljava/rmi/server/ObjID;.<clinit>()V> (0x0000000088a8c9f8) 
thrown [./open/src/hotspot/share/prims/jni.cpp, line 1204]
Event: 227.559 Thread 0x000001c6b0f0f4c0 Exception <a 'java/lang/NoSuchMethodError'{0x0000000088ad94b0}: static [B.<clinit>()V> (0x0000000088ad94b0) 
thrown [./open/src/hotspot/share/prims/jni.cpp, line 1204]
Event: 227.766 Thread 0x000001c6b2ebb5b0 Exception <a 'java/lang/InterruptedException'{0x0000000088950088}> (0x0000000088950088) 
thrown [./open/src/hotspot/share/runtime/objectMonitor.cpp, line 1545]
Event: 227.771 Thread 0x000001c6b2ebb5b0 Exception <a 'java/lang/NoSuchMethodError'{0x0000000088958de8}: 'java.lang.Object java.lang.invoke.DirectMethodHandle$Holder.newInvokeSpecial(java.lang.Object, java.lang.Object, int, java.lang.Object, long)'> (0x0000000088958de8) 
thrown [./open/src/hotspot/share/interpreter/linkResolver.cpp, line 782]
Event: 227.790 Thread 0x000001c6b0f0f4c0 Exception <a 'java/lang/NoSuchMethodError'{0x00000000889199d0}: static Lorg/jetbrains/kotlin/daemon/common/CompileService$CallResult;.<clinit>()V> (0x00000000889199d0) 
thrown [./open/src/hotspot/share/prims/jni.cpp, line 1204]
Event: 227.793 Thread 0x000001c6b0f0f4c0 Exception <a 'java/lang/NoSuchMethodError'{0x000000008892f0a8}: static Lorg/jetbrains/kotlin/daemon/common/CompileService$CallResult$Good;.<clinit>()V> (0x000000008892f0a8) 
thrown [./open/src/hotspot/share/prims/jni.cpp, line 1204]
Event: 227.796 Thread 0x000001c6b0f0f4c0 Exception <a 'java/lang/NoSuchMethodError'{0x0000000088944040}: static Lorg/jetbrains/kotlin/daemon/common/DaemonJVMOptions;.<clinit>()V> (0x0000000088944040) 
thrown [./open/src/hotspot/share/prims/jni.cpp, line 1204]
Event: 227.811 Thread 0x000001c6b0f0f4c0 Exception <a 'java/lang/NoSuchMethodError'{0x0000000088985730}: static Lorg/jetbrains/kotlin/daemon/common/CompileService$CallResult$Ok;.<clinit>()V> (0x0000000088985730) 
thrown [./open/src/hotspot/share/prims/jni.cpp, line 1204]
Event: 227.908 Thread 0x000001c6b0f0f4c0 Exception <a 'java/lang/NoSuchMethodError'{0x00000000888503b8}: static [Ljava/lang/String;.<clinit>()V> (0x00000000888503b8) 
thrown [./open/src/hotspot/share/prims/jni.cpp, line 1204]
Event: 228.027 Thread 0x000001c6b0f0f4c0 Exception <a 'java/lang/NoSuchMethodError'{0x00000000888c4df0}: static [Ljava/lang/Integer;.<clinit>()V> (0x00000000888c4df0) 
thrown [./open/src/hotspot/share/prims/jni.cpp, line 1204]

Events (20 events):
Event: 228.259 loading class sun/rmi/transport/DGCAckHandler
Event: 228.259 loading class sun/rmi/transport/DGCAckHandler done
Event: 228.276 loading class sun/rmi/transport/DGCAckHandler$1
Event: 228.277 loading class sun/rmi/transport/DGCAckHandler$1 done
Event: 228.338 loading class sun/rmi/transport/tcp/TCPTransport$ConnectionHandler
Event: 228.338 loading class sun/rmi/transport/tcp/TCPTransport$ConnectionHandler done
Event: 228.339 Thread 0x000001c6b2ebb0e0 Thread added: 0x000001c6b2ebb0e0
Event: 228.372 Executing VM operation: HandshakeAllThreads
Event: 228.384 Executing VM operation: HandshakeAllThreads done
Event: 228.408 loading class sun/rmi/transport/Transport$1
Event: 228.408 loading class sun/rmi/transport/Transport$1 done
Event: 228.417 loading class sun/rmi/transport/DGCImpl$LeaseInfo
Event: 228.417 loading class sun/rmi/transport/DGCImpl$LeaseInfo done
Event: 228.417 loading class sun/rmi/transport/DGCImpl$1
Event: 228.417 loading class sun/rmi/transport/DGCImpl$1 done
Event: 228.417 loading class sun/rmi/transport/SequenceEntry
Event: 228.417 loading class sun/rmi/transport/SequenceEntry done
Event: 229.383 Executing VM operation: HandshakeAllThreads
Event: 229.384 Executing VM operation: HandshakeAllThreads done
Event: 235.967 Executing VM operation: CollectForMetadataAllocation


Dynamic libraries:
0x00007ff67e360000 - 0x00007ff67e36f000 	C:\Program Files\Java\jdk-15.0.1\bin\java.exe
0x00007fff51550000 - 0x00007fff51745000 	C:\WINDOWS\SYSTEM32\ntdll.dll
0x00007fff51380000 - 0x00007fff5143d000 	C:\WINDOWS\System32\KERNEL32.DLL
0x00007fff4ee80000 - 0x00007fff4f148000 	C:\WINDOWS\System32\KERNELBASE.dll
0x00007fff4ed20000 - 0x00007fff4ee20000 	C:\WINDOWS\System32\ucrtbase.dll
0x00007fff40e90000 - 0x00007fff40ea8000 	C:\Program Files\Java\jdk-15.0.1\bin\jli.dll
0x00007fff50c50000 - 0x00007fff50cfc000 	C:\WINDOWS\System32\ADVAPI32.dll
0x00007fff50d00000 - 0x00007fff50d9e000 	C:\WINDOWS\System32\msvcrt.dll
0x00007fff4f5f0000 - 0x00007fff4f68b000 	C:\WINDOWS\System32\sechost.dll
0x00007fff50500000 - 0x00007fff5062b000 	C:\WINDOWS\System32\RPCRT4.dll
0x00007fff4f6a0000 - 0x00007fff4f840000 	C:\WINDOWS\System32\USER32.dll
0x00007fff4f380000 - 0x00007fff4f3a2000 	C:\WINDOWS\System32\win32u.dll
0x00007fff4f5c0000 - 0x00007fff4f5ea000 	C:\WINDOWS\System32\GDI32.dll
0x00007fff4f1a0000 - 0x00007fff4f2ab000 	C:\WINDOWS\System32\gdi32full.dll
0x00007fff4f2b0000 - 0x00007fff4f34d000 	C:\WINDOWS\System32\msvcp_win.dll
0x00007fff448b0000 - 0x00007fff44b4a000 	C:\WINDOWS\WinSxS\amd64_microsoft.windows.common-controls_6595b64144ccf1df_6.0.19041.1052_none_60b8f8fd71f5e8cb\COMCTL32.dll
0x00007fff44170000 - 0x00007fff4417a000 	C:\WINDOWS\SYSTEM32\VERSION.dll
0x00007fff3ce90000 - 0x00007fff3cea9000 	C:\Program Files\Java\jdk-15.0.1\bin\VCRUNTIME140.dll
0x00007fff51350000 - 0x00007fff51380000 	C:\WINDOWS\System32\IMM32.DLL
0x00007fff4a470000 - 0x00007fff4a47c000 	C:\Program Files\Java\jdk-15.0.1\bin\vcruntime140_1.dll
0x00007fff3ae80000 - 0x00007fff3af11000 	C:\Program Files\Java\jdk-15.0.1\bin\msvcp140.dll
0x00007fff22c00000 - 0x00007fff2375e000 	C:\Program Files\Java\jdk-15.0.1\bin\server\jvm.dll
0x00007fff50880000 - 0x00007fff50888000 	C:\WINDOWS\System32\PSAPI.DLL
0x00007fff4a4a0000 - 0x00007fff4a4a9000 	C:\WINDOWS\SYSTEM32\WSOCK32.dll
0x00007fff51210000 - 0x00007fff5127b000 	C:\WINDOWS\System32\WS2_32.dll
0x00007fff44b50000 - 0x00007fff44b77000 	C:\WINDOWS\SYSTEM32\WINMM.dll
0x00007fff4cbe0000 - 0x00007fff4cbf2000 	C:\WINDOWS\SYSTEM32\kernel.appcore.dll
0x00007fff47020000 - 0x00007fff4702a000 	C:\Program Files\Java\jdk-15.0.1\bin\jimage.dll
0x00007fff492a0000 - 0x00007fff49484000 	C:\WINDOWS\SYSTEM32\DBGHELP.DLL
0x00007fff496c0000 - 0x00007fff496ec000 	C:\WINDOWS\SYSTEM32\dbgcore.DLL
0x00007fff4ec90000 - 0x00007fff4ed13000 	C:\WINDOWS\System32\bcryptPrimitives.dll
0x00007fff3ce60000 - 0x00007fff3ce85000 	C:\Program Files\Java\jdk-15.0.1\bin\java.dll
0x00007fff4fcb0000 - 0x00007fff503ef000 	C:\WINDOWS\System32\SHELL32.dll
0x00007fff4cde0000 - 0x00007fff4d570000 	C:\WINDOWS\SYSTEM32\windows.storage.dll
0x00007fff4f840000 - 0x00007fff4fb95000 	C:\WINDOWS\System32\combase.dll
0x00007fff4e690000 - 0x00007fff4e6bc000 	C:\WINDOWS\SYSTEM32\Wldp.dll
0x00007fff512a0000 - 0x00007fff5134e000 	C:\WINDOWS\System32\SHCORE.dll
0x00007fff4fc50000 - 0x00007fff4fca5000 	C:\WINDOWS\System32\shlwapi.dll
0x00007fff4ebd0000 - 0x00007fff4ebef000 	C:\WINDOWS\SYSTEM32\profapi.dll
0x00007fff3ce40000 - 0x00007fff3ce59000 	C:\Program Files\Java\jdk-15.0.1\bin\net.dll
0x00007fff48cd0000 - 0x00007fff48ddb000 	C:\WINDOWS\SYSTEM32\WINHTTP.dll
0x00007fff4e400000 - 0x00007fff4e46a000 	C:\WINDOWS\system32\mswsock.dll
0x00007fff3ce20000 - 0x00007fff3ce32000 	C:\Program Files\Java\jdk-15.0.1\bin\nio.dll
0x00007fff3ce00000 - 0x00007fff3ce18000 	C:\Program Files\Java\jdk-15.0.1\bin\zip.dll
0x00007fff48c20000 - 0x00007fff48c30000 	C:\Program Files\Java\jdk-15.0.1\bin\verify.dll
0x00007fff3c180000 - 0x00007fff3c1a7000 	C:\Users\Abdulla\.gradle\native\f6784746aeab05261644944871eae4fe03e0ef1612fff0a4a95f87b438bc6780\windows-amd64\native-platform.dll
0x00007fff48c10000 - 0x00007fff48c19000 	C:\Program Files\Java\jdk-15.0.1\bin\management.dll
0x00007fff48c00000 - 0x00007fff48c0b000 	C:\Program Files\Java\jdk-15.0.1\bin\management_ext.dll
0x00007fff4e5e0000 - 0x00007fff4e5f8000 	C:\WINDOWS\SYSTEM32\CRYPTSP.dll
0x00007fff4dd40000 - 0x00007fff4dd74000 	C:\WINDOWS\system32\rsaenh.dll
0x00007fff4f350000 - 0x00007fff4f377000 	C:\WINDOWS\System32\bcrypt.dll
0x00007fff4eb50000 - 0x00007fff4eb7e000 	C:\WINDOWS\SYSTEM32\USERENV.dll
0x00007fff4e5d0000 - 0x00007fff4e5dc000 	C:\WINDOWS\SYSTEM32\CRYPTBASE.dll
0x00007fff4e0f0000 - 0x00007fff4e12b000 	C:\WINDOWS\SYSTEM32\IPHLPAPI.DLL
0x00007fff4f690000 - 0x00007fff4f698000 	C:\WINDOWS\System32\NSI.dll
0x00007fff49a10000 - 0x00007fff49a27000 	C:\WINDOWS\SYSTEM32\dhcpcsvc6.DLL
0x00007fff49bf0000 - 0x00007fff49c0d000 	C:\WINDOWS\SYSTEM32\dhcpcsvc.DLL
0x00007fff4e130000 - 0x00007fff4e1fc000 	C:\WINDOWS\SYSTEM32\DNSAPI.dll
0x00007fff4a180000 - 0x00007fff4a18b000 	C:\WINDOWS\SYSTEM32\WINNSI.DLL
0x00007fff38660000 - 0x00007fff387e0000 	C:\Program Files\Java\jdk-15.0.1\bin\awt.dll
0x00007fff51440000 - 0x00007fff5150d000 	C:\WINDOWS\System32\OLEAUT32.dll
0x00007fff4c540000 - 0x00007fff4c5d0000 	C:\WINDOWS\SYSTEM32\apphelp.dll
0x00007fff4c800000 - 0x00007fff4c82f000 	C:\WINDOWS\system32\DWMAPI.DLL
0x00007fff4c6d0000 - 0x00007fff4c76e000 	C:\WINDOWS\system32\uxtheme.dll
0x00007fff3c150000 - 0x00007fff3c16e000 	C:\Users\Abdulla\AppData\Local\Temp\native-platform9139887108877425247dir\native-platform.dll
0x00007fff48bf0000 - 0x00007fff48bf7000 	C:\Program Files\Java\jdk-15.0.1\bin\rmi.dll

dbghelp: loaded successfully - version: 4.0.5 - missing functions: none
symbol engine: initialized successfully - sym options: 0x614 - pdb path: .;C:\Program Files\Java\jdk-15.0.1\bin;C:\WINDOWS\SYSTEM32;C:\WINDOWS\WinSxS\amd64_microsoft.windows.common-controls_6595b64144ccf1df_6.0.19041.1052_none_60b8f8fd71f5e8cb;C:\Program Files\Java\jdk-15.0.1\bin\server;C:\Users\Abdulla\.gradle\native\f6784746aeab05261644944871eae4fe03e0ef1612fff0a4a95f87b438bc6780\windows-amd64;C:\Users\Abdulla\AppData\Local\Temp\native-platform9139887108877425247dir

VM Arguments:
jvm_args: --add-opens=java.base/java.util=ALL-UNNAMED --add-opens=java.base/java.lang=ALL-UNNAMED --add-opens=java.base/java.lang.invoke=ALL-UNNAMED --add-opens=java.prefs/java.util.prefs=ALL-UNNAMED -Xmx2048m -Dfile.encoding=UTF-8 -Duser.country=US -Duser.language=en -Duser.variant 
java_command: org.gradle.launcher.daemon.bootstrap.GradleDaemon 6.5
java_class_path (initial): C:\Users\Abdulla\.gradle\wrapper\dists\gradle-6.5-all\2oz4ud9k3tuxjg84bbf55q0tn\gradle-6.5\lib\gradle-launcher-6.5.jar
Launcher Type: SUN_STANDARD

[Global flags]
     intx CICompilerCount                          = 2                                         {product} {ergonomic}
     uint ConcGCThreads                            = 1                                         {product} {ergonomic}
     uint G1ConcRefinementThreads                  = 2                                         {product} {ergonomic}
   size_t G1HeapRegionSize                         = 1048576                                   {product} {ergonomic}
    uintx GCDrainStackTargetSize                   = 64                                        {product} {ergonomic}
   size_t InitialHeapSize                          = 121634816                                 {product} {ergonomic}
   size_t MarkStackSize                            = 4194304                                   {product} {ergonomic}
   size_t MaxHeapSize                              = 2147483648                                {product} {command line}
   size_t MaxNewSize                               = 1287651328                                {product} {ergonomic}
   size_t MinHeapDeltaBytes                        = 1048576                                   {product} {ergonomic}
   size_t MinHeapSize                              = 8388608                                   {product} {ergonomic}
    uintx NonNMethodCodeHeapSize                   = 5826188                                {pd product} {ergonomic}
    uintx NonProfiledCodeHeapSize                  = 122916026                              {pd product} {ergonomic}
    uintx ProfiledCodeHeapSize                     = 122916026                              {pd product} {ergonomic}
    uintx ReservedCodeCacheSize                    = 251658240                              {pd product} {ergonomic}
     bool SegmentedCodeCache                       = true                                      {product} {ergonomic}
   size_t SoftMaxHeapSize                          = 2147483648                             {manageable} {ergonomic}
     bool UseCompressedClassPointers               = true                                 {lp64_product} {ergonomic}
     bool UseCompressedOops                        = true                                 {lp64_product} {ergonomic}
     bool UseG1GC                                  = true                                      {product} {ergonomic}
     bool UseLargePagesIndividualAllocation        = false                                  {pd product} {ergonomic}

Logging:
Log output configuration:
 #0: stdout all=warning uptime,level,tags
 #1: stderr all=off uptime,level,tags

Environment Variables:
JAVA_HOME=C:\Program Files\Java\jdk-15.0.1
PATH=C:\Program Files\Common Files\Oracle\Java\javapath;C:\WINDOWS\system32;C:\WINDOWS;C:\WINDOWS\System32\Wbem;C:\WINDOWS\System32\WindowsPowerShell\v1.0\;C:\WINDOWS\System32\OpenSSH\;C:\Program Files (x86)\Microsoft SQL Server\120\DTS\Binn\;C:\Program Files (x86)\Microsoft SQL Server\Client SDK\ODBC\110\Tools\Binn\;C:\Program Files (x86)\Microsoft SQL Server\120\Tools\Binn\;C:\Program Files (x86)\Microsoft SQL Server\120\Tools\Binn\ManagementStudio\;C:\program Files\java\jdk-15.0.1\bin;C:\Program Files\Git\cmd;C:\Strawberry\perl\bin;C:\Strawberry\perl\site\bin;C:\Strawberry\c\bin;C:\Users\Abdulla\AppData\Local\Microsoft\WindowsApps;;C:\Users\Abdulla\AppData\Local\Programs\Microsoft VS Code\bin
USERNAME=Abdulla
OS=Windows_NT
PROCESSOR_IDENTIFIER=AMD64 Family 21 Model 16 Stepping 1, AuthenticAMD



---------------  S Y S T E M  ---------------

OS:
 Windows 10 , 64 bit Build 19041 (10.0.19041.1023)
OS uptime: 1 days 22:52 hours

CPU: total 2 (initial active 2) (2 cores per cpu, 1 threads per core) family 21 model 16 stepping 1 microcode 0x0, cmov, cx8, fxsr, mmx, sse, sse2, sse3, ssse3, sse4.1, sse4.2, popcnt, vzeroupper, avx, aes, clmul, 3dnowpref, lzcnt, sse4a, tsc, tscinvbit, tscinv, bmi1, fma, clflush

Memory: 4k page, system-wide physical 7369M (298M free)
TotalPageFile size 7369M (AvailPageFile size 64M)
current process WorkingSet (physical memory assigned to process): 376M, peak: 381M
current process commit charge ("private bytes"): 408M, peak: 413M

vm_info: Java HotSpot(TM) 64-Bit Server VM (15.0.1+9-18) for windows-amd64 JRE (15.0.1+9-18), built on Sep 15 2020 14:43:54 by "mach5one" with unknown MS VC++:1925

END.
