#
# There is insufficient memory for the Java Runtime Environment to continue.
# Native memory allocation (malloc) failed to allocate 1398784 bytes for Chunk::new
# Possible reasons:
#   The system is out of physical RAM or swap space
#   The process is running with CompressedOops enabled, and the Java Heap may be blocking the growth of the native heap
# Possible solutions:
#   Reduce memory load on the system
#   Increase physical memory or swap space
#   Check if swap backing store is full
#   Decrease Java heap size (-Xmx/-Xms)
#   Decrease number of Java threads
#   Decrease Java thread stack sizes (-Xss)
#   Set larger code cache with -XX:ReservedCodeCacheSize=
#   JVM is running with Unscaled Compressed Oops mode in which the Java heap is
#     placed in the first 4GB address space. The Java Heap base address is the
#     maximum limit for the native heap growth. Please use -XX:HeapBaseMinAddress
#     to set the Java Heap base and to place the Java Heap above 4GB virtual address.
# This output file may be truncated or incomplete.
#
#  Out of Memory Error (./open/src/hotspot/share/memory/arena.cpp:195), pid=5116, tid=9356
#
# JRE version: Java(TM) SE Runtime Environment (15.0.1+9) (build 15.0.1+9-18)
# Java VM: Java HotSpot(TM) 64-Bit Server VM (15.0.1+9-18, mixed mode, sharing, tiered, compressed oops, g1 gc, windows-amd64)
# No core dump will be written. Minidumps are not enabled by default on client versions of Windows
#

---------------  S U M M A R Y ------------

Command Line: --add-opens=java.base/java.util=ALL-UNNAMED --add-opens=java.base/java.lang=ALL-UNNAMED --add-opens=java.base/java.lang.invoke=ALL-UNNAMED --add-opens=java.prefs/java.util.prefs=ALL-UNNAMED -Xmx2048m -Dfile.encoding=UTF-8 -Duser.country=US -Duser.language=en -Duser.variant org.gradle.launcher.daemon.bootstrap.GradleDaemon 6.5

Host: AMD A4-4300M APU with Radeon(tm) HD Graphics   , 2 cores, 7G,  Windows 10 , 64 bit Build 19041 (10.0.19041.1023)
Time: Tue Jun 22 19:01:18 2021 Egypt Standard Time elapsed time: 109.888878 seconds (0d 0h 1m 49s)

---------------  T H R E A D  ---------------

Current thread (0x000002b2fdd02020):  JavaThread "C2 CompilerThread0" daemon [_thread_in_native, id=9356, stack(0x000000bbbce00000,0x000000bbbcf00000)]


Current CompileTask:
C2: 109889 12474       4       com.android.tools.r8.ir.conversion.o::a (1153 bytes)

Stack: [0x000000bbbce00000,0x000000bbbcf00000]
Native frames: (J=compiled Java code, j=interpreted, Vv=VM code, C=native code)
V  [jvm.dll+0x62ae9a]
V  [jvm.dll+0x781389]
V  [jvm.dll+0x782ae3]
V  [jvm.dll+0x783143]
V  [jvm.dll+0x216265]
V  [jvm.dll+0x97efa]
V  [jvm.dll+0x985dc]
V  [jvm.dll+0x32e525]
V  [jvm.dll+0x18e2e1]
V  [jvm.dll+0x1ea762]
V  [jvm.dll+0x1e98ae]
V  [jvm.dll+0x1784c7]
V  [jvm.dll+0x1f9165]
V  [jvm.dll+0x1f720c]
V  [jvm.dll+0x74485d]
V  [jvm.dll+0x73d65a]
V  [jvm.dll+0x629c56]
C  [ucrtbase.dll+0x21bb2]
C  [KERNEL32.DLL+0x17034]
C  [ntdll.dll+0x52651]


---------------  P R O C E S S  ---------------

Threads class SMR info:
_java_thread_list=0x000002b2870aa330, length=39, elements={
0x000002b2dff1f6c0, 0x000002b2dfffb910, 0x000002b2dfffc3f0, 0x000002b2fdcfcf90,
0x000002b2fdd00970, 0x000002b2fdd01330, 0x000002b2fdd02020, 0x000002b2fdd02ad0,
0x000002b2fdd71320, 0x000002b2fe7360d0, 0x000002b2fe73ba10, 0x000002b2ff1b78f0,
0x000002b2808eb6c0, 0x000002b2808ea250, 0x000002b2feb03030, 0x000002b2fdd4ddb0,
0x000002b2fe6e0030, 0x000002b280728560, 0x000002b2fe7d71d0, 0x000002b2ff0f65a0,
0x000002b2ff0f78e0, 0x000002b2ff0f8c20, 0x000002b2ff0f5730, 0x000002b2ff0f5c00,
0x000002b2ff0f60d0, 0x000002b280f1c930, 0x000002b280f1b120, 0x000002b280f1ac50,
0x000002b280f1b5f0, 0x000002b280f19440, 0x000002b280f16420, 0x000002b280363cd0,
0x000002b28035efd0, 0x000002b282a32d40, 0x000002b282a323a0, 0x000002b282a38d80,
0x000002b282a33bb0, 0x000002b282a34080, 0x000002b282a37a40
}

Java Threads: ( => current thread )
  0x000002b2dff1f6c0 JavaThread "main" [_thread_blocked, id=8992, stack(0x000000bbbc200000,0x000000bbbc300000)]
  0x000002b2dfffb910 JavaThread "Reference Handler" daemon [_thread_blocked, id=3760, stack(0x000000bbbc900000,0x000000bbbca00000)]
  0x000002b2dfffc3f0 JavaThread "Finalizer" daemon [_thread_blocked, id=3748, stack(0x000000bbbca00000,0x000000bbbcb00000)]
  0x000002b2fdcfcf90 JavaThread "Signal Dispatcher" daemon [_thread_blocked, id=6320, stack(0x000000bbbcb00000,0x000000bbbcc00000)]
  0x000002b2fdd00970 JavaThread "Attach Listener" daemon [_thread_blocked, id=6648, stack(0x000000bbbcc00000,0x000000bbbcd00000)]
  0x000002b2fdd01330 JavaThread "Service Thread" daemon [_thread_blocked, id=10524, stack(0x000000bbbcd00000,0x000000bbbce00000)]
=>0x000002b2fdd02020 JavaThread "C2 CompilerThread0" daemon [_thread_in_native, id=9356, stack(0x000000bbbce00000,0x000000bbbcf00000)]
  0x000002b2fdd02ad0 JavaThread "C1 CompilerThread0" daemon [_thread_blocked, id=5780, stack(0x000000bbbcf00000,0x000000bbbd000000)]
  0x000002b2fdd71320 JavaThread "Sweeper thread" daemon [_thread_blocked, id=7176, stack(0x000000bbbd000000,0x000000bbbd100000)]
  0x000002b2fe7360d0 JavaThread "Common-Cleaner" daemon [_thread_blocked, id=8500, stack(0x000000bbbd100000,0x000000bbbd200000)]
  0x000002b2fe73ba10 JavaThread "Notification Thread" daemon [_thread_blocked, id=860, stack(0x000000bbbd200000,0x000000bbbd300000)]
  0x000002b2ff1b78f0 JavaThread "Daemon health stats" [_thread_blocked, id=10768, stack(0x000000bbbd500000,0x000000bbbd600000)]
  0x000002b2808eb6c0 JavaThread "Incoming local TCP Connector on port 57195" [_thread_in_native, id=5056, stack(0x000000bbbd800000,0x000000bbbd900000)]
  0x000002b2808ea250 JavaThread "Daemon periodic checks" [_thread_blocked, id=10540, stack(0x000000bbbd900000,0x000000bbbda00000)]
  0x000002b2feb03030 JavaThread "Daemon" [_thread_blocked, id=10108, stack(0x000000bbbda00000,0x000000bbbdb00000)]
  0x000002b2fdd4ddb0 JavaThread "Handler for socket connection from /127.0.0.1:57195 to /127.0.0.1:57198" [_thread_in_native, id=6452, stack(0x000000bbbdb00000,0x000000bbbdc00000)]
  0x000002b2fe6e0030 JavaThread "Cancel handler" [_thread_blocked, id=5360, stack(0x000000bbbdc00000,0x000000bbbdd00000)]
  0x000002b280728560 JavaThread "Daemon worker" [_thread_blocked, id=7220, stack(0x000000bbbdd00000,0x000000bbbde00000)]
  0x000002b2fe7d71d0 JavaThread "Asynchronous log dispatcher for DefaultDaemonConnection: socket connection from /127.0.0.1:57195 to /127.0.0.1:57198" [_thread_blocked, id=3032, stack(0x000000bbbde00000,0x000000bbbdf00000)]
  0x000002b2ff0f65a0 JavaThread "Thread-8" [_thread_blocked, id=3196, stack(0x000000bbbe000000,0x000000bbbe100000)]
  0x000002b2ff0f78e0 JavaThread "Cache worker for journal cache (C:\Users\Abdulla\.gradle\caches\journal-1)" [_thread_blocked, id=5296, stack(0x000000bbbe100000,0x000000bbbe200000)]
  0x000002b2ff0f8c20 JavaThread "File lock request listener" [_thread_in_native, id=9624, stack(0x000000bbbe200000,0x000000bbbe300000)]
  0x000002b2ff0f5730 JavaThread "Cache worker for file hash cache (C:\Users\Abdulla\.gradle\caches\6.5\fileHashes)" [_thread_blocked, id=9240, stack(0x000000bbbe300000,0x000000bbbe400000)]
  0x000002b2ff0f5c00 JavaThread "Cache worker for file hash cache (E:\newProjects\KotlinNoteApp\.gradle\6.5\fileHashes)" [_thread_blocked, id=10780, stack(0x000000bbbe400000,0x000000bbbe500000)]
  0x000002b2ff0f60d0 JavaThread "Cache worker for checksums cache (E:\newProjects\KotlinNoteApp\.gradle\checksums)" [_thread_blocked, id=856, stack(0x000000bbbe500000,0x000000bbbe600000)]
  0x000002b280f1c930 JavaThread "Cache worker for cache directory md-supplier (C:\Users\Abdulla\.gradle\caches\6.5\md-supplier)" [_thread_blocked, id=11120, stack(0x000000bbbe600000,0x000000bbbe700000)]
  0x000002b280f1b120 JavaThread "Cache worker for cache directory md-rule (C:\Users\Abdulla\.gradle\caches\6.5\md-rule)" [_thread_blocked, id=10576, stack(0x000000bbbe700000,0x000000bbbe800000)]
  0x000002b280f1ac50 JavaThread "Cache worker for execution history cache (C:\Users\Abdulla\.gradle\caches\6.5\executionHistory)" [_thread_blocked, id=6696, stack(0x000000bbbe800000,0x000000bbbe900000)]
  0x000002b280f1b5f0 JavaThread "Cache worker for file content cache (C:\Users\Abdulla\.gradle\caches\6.5\fileContent)" [_thread_blocked, id=3808, stack(0x000000bbbea00000,0x000000bbbeb00000)]
  0x000002b280f19440 JavaThread "Build operations" [_thread_in_Java, id=5412, stack(0x000000bbbec00000,0x000000bbbed00000)]
  0x000002b280f16420 JavaThread "Build operations Thread 2" [_thread_in_native, id=9768, stack(0x000000bbbed00000,0x000000bbbee00000)]
  0x000002b280363cd0 JavaThread "jar transforms Thread 111" [_thread_blocked, id=8336, stack(0x000000bbc5b00000,0x000000bbc5c00000)]
  0x000002b28035efd0 JavaThread "Cache worker for Build Output Cleanup Cache (E:\newProjects\KotlinNoteApp\.gradle\buildOutputCleanup)" [_thread_blocked, id=10868, stack(0x000000bbc5f00000,0x000000bbc6000000)]
  0x000002b282a32d40 JavaThread "Memory manager" [_thread_blocked, id=11000, stack(0x000000bbbc000000,0x000000bbbc100000)]
  0x000002b282a323a0 JavaThread "Cache worker for file content cache (E:\newProjects\KotlinNoteApp\.gradle\6.5\fileContent)" [_thread_blocked, id=5876, stack(0x000000bbbc100000,0x000000bbbc200000)]
  0x000002b282a38d80 JavaThread "Execution worker for ':'" [_thread_blocked, id=8880, stack(0x000000bbc6000000,0x000000bbc6100000)]
  0x000002b282a33bb0 JavaThread "Cache worker for execution history cache (E:\newProjects\KotlinNoteApp\.gradle\6.5\executionHistory)" [_thread_blocked, id=10320, stack(0x000000bbc6100000,0x000000bbc6200000)]
  0x000002b282a34080 JavaThread "WorkerExecutor Queue" [_thread_blocked, id=7584, stack(0x000000bbbdf00000,0x000000bbbe000000)]
  0x000002b282a37a40 JavaThread "WorkerExecutor Queue Thread 2" [_thread_blocked, id=2388, stack(0x000000bbc6200000,0x000000bbc6300000)]

Other Threads:
  0x000002b2dfff89e0 VMThread "VM Thread" [stack: 0x000000bbbc800000,0x000000bbbc900000] [id=1224]
  0x000002b2fe73def0 WatcherThread [stack: 0x000000bbbd300000,0x000000bbbd400000] [id=904]
  0x000002b2dff5c860 GCTaskThread "GC Thread#0" [stack: 0x000000bbbc300000,0x000000bbbc400000] [id=9280]
  0x000002b2fe7340f0 GCTaskThread "GC Thread#1" [stack: 0x000000bbbd400000,0x000000bbbd500000] [id=4660]
  0x000002b2dff6f960 ConcurrentGCThread "G1 Main Marker" [stack: 0x000000bbbc400000,0x000000bbbc500000] [id=5368]
  0x000002b2dff70460 ConcurrentGCThread "G1 Conc#0" [stack: 0x000000bbbc500000,0x000000bbbc600000] [id=9992]
  0x000002b2dffcb820 ConcurrentGCThread "G1 Refine#0" [stack: 0x000000bbbc600000,0x000000bbbc700000] [id=5248]
  0x000002b281135230 ConcurrentGCThread "G1 Refine#1" [stack: 0x000000bbbeb00000,0x000000bbbec00000] [id=3228]
  0x000002b2dffcd1e0 ConcurrentGCThread "G1 Young RemSet Sampling" [stack: 0x000000bbbc700000,0x000000bbbc800000] [id=1924]

Threads with active compile tasks:
C2 CompilerThread0   109987 12474       4       com.android.tools.r8.ir.conversion.o::a (1153 bytes)

VM state: not at safepoint (normal execution)

VM Mutex/Monitor currently owned by a thread: None

Heap address: 0x0000000080000000, size: 2048 MB, Compressed Oops mode: 32-bit
CDS archive(s) mapped at: [0x0000000800000000-0x0000000800b50000-0x0000000800b50000), size 11862016, SharedBaseAddress: 0x0000000800000000, ArchiveRelocationMode: 0.
Compressed class space mapped at: 0x0000000800b50000-0x0000000840b50000, size: 1073741824
Narrow klass base: 0x0000000800000000, Narrow klass shift: 3, Narrow klass range: 0x100000000

GC Precious Log:
 CPUs: 2 total, 2 available
 Memory: 7369M
 Large Page Support: Disabled
 NUMA Support: Disabled
 Compressed Oops: Enabled (32-bit)
 Heap Region Size: 1M
 Heap Min Capacity: 8M
 Heap Initial Capacity: 116M
 Heap Max Capacity: 2G
 Pre-touch: Disabled
 Parallel Workers: 2
 Concurrent Workers: 1
 Concurrent Refinement Workers: 2
 Periodic GC: Disabled

Heap:
 garbage-first heap   total 150528K, used 118399K [0x0000000080000000, 0x0000000100000000)
  region size 1024K, 34 young (34816K), 3 survivors (3072K)
 Metaspace       used 84200K, capacity 85297K, committed 85504K, reserved 1124352K
  class space    used 10911K, capacity 11250K, committed 11264K, reserved 1048576K

Heap Regions: E=young(eden), S=young(survivor), O=old, HS=humongous(starts), HC=humongous(continues), CS=collection set, F=free, OA=open archive, CA=closed archive, TAMS=top-at-mark-start (previous, next)
|   0|0x0000000080000000, 0x0000000080100000, 0x0000000080100000|100%| O|  |TAMS 0x0000000080100000, 0x0000000080000000| Untracked 
|   1|0x0000000080100000, 0x0000000080200000, 0x0000000080200000|100%| O|  |TAMS 0x0000000080200000, 0x0000000080100000| Untracked 
|   2|0x0000000080200000, 0x0000000080300000, 0x0000000080300000|100%| O|  |TAMS 0x0000000080300000, 0x0000000080200000| Untracked 
|   3|0x0000000080300000, 0x0000000080400000, 0x0000000080400000|100%| O|  |TAMS 0x0000000080400000, 0x0000000080300000| Untracked 
|   4|0x0000000080400000, 0x0000000080500000, 0x0000000080500000|100%|HS|  |TAMS 0x0000000080500000, 0x0000000080400000| Complete 
|   5|0x0000000080500000, 0x0000000080600000, 0x0000000080600000|100%|HC|  |TAMS 0x0000000080600000, 0x0000000080500000| Complete 
|   6|0x0000000080600000, 0x0000000080700000, 0x0000000080700000|100%|HC|  |TAMS 0x0000000080700000, 0x0000000080600000| Complete 
|   7|0x0000000080700000, 0x0000000080800000, 0x0000000080800000|100%| O|  |TAMS 0x0000000080800000, 0x0000000080700000| Untracked 
|   8|0x0000000080800000, 0x0000000080900000, 0x0000000080900000|100%| O|  |TAMS 0x0000000080900000, 0x0000000080800000| Untracked 
|   9|0x0000000080900000, 0x0000000080a00000, 0x0000000080a00000|100%| O|  |TAMS 0x0000000080a00000, 0x0000000080900000| Untracked 
|  10|0x0000000080a00000, 0x0000000080b00000, 0x0000000080b00000|100%| O|  |TAMS 0x0000000080b00000, 0x0000000080a00000| Untracked 
|  11|0x0000000080b00000, 0x0000000080c00000, 0x0000000080c00000|100%| O|  |TAMS 0x0000000080c00000, 0x0000000080b00000| Untracked 
|  12|0x0000000080c00000, 0x0000000080d00000, 0x0000000080d00000|100%| O|  |TAMS 0x0000000080d00000, 0x0000000080c00000| Untracked 
|  13|0x0000000080d00000, 0x0000000080e00000, 0x0000000080e00000|100%| O|  |TAMS 0x0000000080e00000, 0x0000000080d00000| Untracked 
|  14|0x0000000080e00000, 0x0000000080f00000, 0x0000000080f00000|100%| O|  |TAMS 0x0000000080f00000, 0x0000000080e00000| Untracked 
|  15|0x0000000080f00000, 0x0000000080fe9800, 0x0000000081000000| 91%| O|  |TAMS 0x0000000080fe9800, 0x0000000080f00000| Untracked 
|  16|0x0000000081000000, 0x0000000081100000, 0x0000000081100000|100%| O|  |TAMS 0x0000000081100000, 0x0000000081000000| Untracked 
|  17|0x0000000081100000, 0x0000000081200000, 0x0000000081200000|100%| O|  |TAMS 0x0000000081200000, 0x0000000081100000| Untracked 
|  18|0x0000000081200000, 0x0000000081300000, 0x0000000081300000|100%| O|  |TAMS 0x0000000081300000, 0x0000000081200000| Untracked 
|  19|0x0000000081300000, 0x0000000081400000, 0x0000000081400000|100%| O|  |TAMS 0x0000000081400000, 0x0000000081300000| Untracked 
|  20|0x0000000081400000, 0x0000000081500000, 0x0000000081500000|100%| O|  |TAMS 0x0000000081500000, 0x0000000081400000| Untracked 
|  21|0x0000000081500000, 0x0000000081600000, 0x0000000081600000|100%| O|  |TAMS 0x0000000081600000, 0x0000000081500000| Untracked 
|  22|0x0000000081600000, 0x0000000081700000, 0x0000000081700000|100%| O|  |TAMS 0x0000000081700000, 0x0000000081600000| Untracked 
|  23|0x0000000081700000, 0x0000000081800000, 0x0000000081800000|100%| O|  |TAMS 0x0000000081800000, 0x0000000081700000| Untracked 
|  24|0x0000000081800000, 0x0000000081900000, 0x0000000081900000|100%| O|  |TAMS 0x0000000081900000, 0x0000000081800000| Untracked 
|  25|0x0000000081900000, 0x0000000081a00000, 0x0000000081a00000|100%| O|  |TAMS 0x0000000081a00000, 0x0000000081900000| Untracked 
|  26|0x0000000081a00000, 0x0000000081b00000, 0x0000000081b00000|100%|HS|  |TAMS 0x0000000081b00000, 0x0000000081a00000| Complete 
|  27|0x0000000081b00000, 0x0000000081c00000, 0x0000000081c00000|100%| O|  |TAMS 0x0000000081c00000, 0x0000000081b00000| Untracked 
|  28|0x0000000081c00000, 0x0000000081d00000, 0x0000000081d00000|100%| O|  |TAMS 0x0000000081d00000, 0x0000000081c00000| Untracked 
|  29|0x0000000081d00000, 0x0000000081e00000, 0x0000000081e00000|100%| O|  |TAMS 0x0000000081e00000, 0x0000000081d00000| Untracked 
|  30|0x0000000081e00000, 0x0000000081f00000, 0x0000000081f00000|100%|HS|  |TAMS 0x0000000081f00000, 0x0000000081e00000| Complete 
|  31|0x0000000081f00000, 0x0000000082000000, 0x0000000082000000|100%|HC|  |TAMS 0x0000000082000000, 0x0000000081f00000| Complete 
|  32|0x0000000082000000, 0x0000000082100000, 0x0000000082100000|100%|HC|  |TAMS 0x0000000082100000, 0x0000000082000000| Complete 
|  33|0x0000000082100000, 0x0000000082200000, 0x0000000082200000|100%| O|  |TAMS 0x0000000082200000, 0x0000000082100000| Untracked 
|  34|0x0000000082200000, 0x0000000082300000, 0x0000000082300000|100%| O|  |TAMS 0x0000000082300000, 0x0000000082200000| Untracked 
|  35|0x0000000082300000, 0x0000000082400000, 0x0000000082400000|100%| O|  |TAMS 0x0000000082400000, 0x0000000082300000| Untracked 
|  36|0x0000000082400000, 0x0000000082500000, 0x0000000082500000|100%|HS|  |TAMS 0x0000000082500000, 0x0000000082400000| Complete 
|  37|0x0000000082500000, 0x0000000082600000, 0x0000000082600000|100%|HC|  |TAMS 0x0000000082600000, 0x0000000082500000| Complete 
|  38|0x0000000082600000, 0x0000000082700000, 0x0000000082700000|100%| O|  |TAMS 0x0000000082700000, 0x0000000082600000| Untracked 
|  39|0x0000000082700000, 0x0000000082800000, 0x0000000082800000|100%| O|  |TAMS 0x0000000082800000, 0x0000000082700000| Untracked 
|  40|0x0000000082800000, 0x0000000082900000, 0x0000000082900000|100%| O|  |TAMS 0x0000000082900000, 0x0000000082800000| Untracked 
|  41|0x0000000082900000, 0x0000000082a00000, 0x0000000082a00000|100%| O|  |TAMS 0x0000000082a00000, 0x0000000082900000| Untracked 
|  42|0x0000000082a00000, 0x0000000082b00000, 0x0000000082b00000|100%| O|  |TAMS 0x0000000082b00000, 0x0000000082a00000| Untracked 
|  43|0x0000000082b00000, 0x0000000082c00000, 0x0000000082c00000|100%| O|  |TAMS 0x0000000082c00000, 0x0000000082b00000| Untracked 
|  44|0x0000000082c00000, 0x0000000082d00000, 0x0000000082d00000|100%| O|  |TAMS 0x0000000082d00000, 0x0000000082c00000| Untracked 
|  45|0x0000000082d00000, 0x0000000082e00000, 0x0000000082e00000|100%| O|  |TAMS 0x0000000082e00000, 0x0000000082d00000| Untracked 
|  46|0x0000000082e00000, 0x0000000082f00000, 0x0000000082f00000|100%| O|  |TAMS 0x0000000082f00000, 0x0000000082e00000| Untracked 
|  47|0x0000000082f00000, 0x0000000083000000, 0x0000000083000000|100%| O|  |TAMS 0x0000000083000000, 0x0000000082f00000| Untracked 
|  48|0x0000000083000000, 0x0000000083100000, 0x0000000083100000|100%| O|  |TAMS 0x0000000083100000, 0x0000000083000000| Untracked 
|  49|0x0000000083100000, 0x0000000083200000, 0x0000000083200000|100%| O|  |TAMS 0x0000000083200000, 0x0000000083100000| Untracked 
|  50|0x0000000083200000, 0x0000000083300000, 0x0000000083300000|100%| O|  |TAMS 0x0000000083300000, 0x0000000083200000| Untracked 
|  51|0x0000000083300000, 0x0000000083400000, 0x0000000083400000|100%| O|  |TAMS 0x0000000083400000, 0x0000000083300000| Untracked 
|  52|0x0000000083400000, 0x0000000083500000, 0x0000000083500000|100%| O|  |TAMS 0x0000000083500000, 0x0000000083400000| Untracked 
|  53|0x0000000083500000, 0x0000000083600000, 0x0000000083600000|100%| O|  |TAMS 0x0000000083600000, 0x0000000083500000| Untracked 
|  54|0x0000000083600000, 0x0000000083700000, 0x0000000083700000|100%| O|  |TAMS 0x0000000083700000, 0x0000000083600000| Untracked 
|  55|0x0000000083700000, 0x0000000083800000, 0x0000000083800000|100%| O|  |TAMS 0x0000000083800000, 0x0000000083700000| Untracked 
|  56|0x0000000083800000, 0x0000000083900000, 0x0000000083900000|100%| O|  |TAMS 0x0000000083900000, 0x0000000083800000| Untracked 
|  57|0x0000000083900000, 0x0000000083a00000, 0x0000000083a00000|100%| O|  |TAMS 0x0000000083a00000, 0x0000000083900000| Untracked 
|  58|0x0000000083a00000, 0x0000000083b00000, 0x0000000083b00000|100%| O|  |TAMS 0x0000000083b00000, 0x0000000083a00000| Untracked 
|  59|0x0000000083b00000, 0x0000000083c00000, 0x0000000083c00000|100%| O|  |TAMS 0x0000000083c00000, 0x0000000083b00000| Untracked 
|  60|0x0000000083c00000, 0x0000000083d00000, 0x0000000083d00000|100%| O|  |TAMS 0x0000000083d00000, 0x0000000083c00000| Untracked 
|  61|0x0000000083d00000, 0x0000000083e00000, 0x0000000083e00000|100%| O|  |TAMS 0x0000000083e00000, 0x0000000083d00000| Untracked 
|  62|0x0000000083e00000, 0x0000000083f00000, 0x0000000083f00000|100%| O|  |TAMS 0x0000000083f00000, 0x0000000083e00000| Untracked 
|  63|0x0000000083f00000, 0x0000000084000000, 0x0000000084000000|100%| O|  |TAMS 0x0000000084000000, 0x0000000083f00000| Untracked 
|  64|0x0000000084000000, 0x0000000084100000, 0x0000000084100000|100%| O|  |TAMS 0x0000000084100000, 0x0000000084000000| Untracked 
|  65|0x0000000084100000, 0x0000000084200000, 0x0000000084200000|100%| O|  |TAMS 0x0000000084200000, 0x0000000084100000| Untracked 
|  66|0x0000000084200000, 0x0000000084300000, 0x0000000084300000|100%| O|  |TAMS 0x0000000084300000, 0x0000000084200000| Untracked 
|  67|0x0000000084300000, 0x0000000084400000, 0x0000000084400000|100%| O|  |TAMS 0x0000000084400000, 0x0000000084300000| Untracked 
|  68|0x0000000084400000, 0x0000000084500000, 0x0000000084500000|100%| O|  |TAMS 0x0000000084500000, 0x0000000084400000| Untracked 
|  69|0x0000000084500000, 0x0000000084600000, 0x0000000084600000|100%|HS|  |TAMS 0x0000000084600000, 0x0000000084500000| Complete 
|  70|0x0000000084600000, 0x0000000084700000, 0x0000000084700000|100%|HC|  |TAMS 0x0000000084700000, 0x0000000084600000| Complete 
|  71|0x0000000084700000, 0x0000000084800000, 0x0000000084800000|100%| O|  |TAMS 0x0000000084800000, 0x0000000084700000| Untracked 
|  72|0x0000000084800000, 0x0000000084900000, 0x0000000084900000|100%| O|  |TAMS 0x0000000084900000, 0x0000000084800000| Untracked 
|  73|0x0000000084900000, 0x0000000084a00000, 0x0000000084a00000|100%| O|  |TAMS 0x0000000084a00000, 0x0000000084900000| Untracked 
|  74|0x0000000084a00000, 0x0000000084b00000, 0x0000000084b00000|100%| O|  |TAMS 0x0000000084b00000, 0x0000000084a00000| Untracked 
|  75|0x0000000084b00000, 0x0000000084c00000, 0x0000000084c00000|100%| O|  |TAMS 0x0000000084c00000, 0x0000000084b00000| Untracked 
|  76|0x0000000084c00000, 0x0000000084d00000, 0x0000000084d00000|100%| O|  |TAMS 0x0000000084d00000, 0x0000000084c00000| Untracked 
|  77|0x0000000084d00000, 0x0000000084e00000, 0x0000000084e00000|100%| O|  |TAMS 0x0000000084e00000, 0x0000000084d00000| Untracked 
|  78|0x0000000084e00000, 0x0000000084f00000, 0x0000000084f00000|100%| O|  |TAMS 0x0000000084f00000, 0x0000000084e00000| Untracked 
|  79|0x0000000084f00000, 0x0000000085000000, 0x0000000085000000|100%| O|  |TAMS 0x0000000085000000, 0x0000000084f00000| Untracked 
|  80|0x0000000085000000, 0x0000000085100000, 0x0000000085100000|100%| O|  |TAMS 0x0000000085100000, 0x0000000085000000| Untracked 
|  81|0x0000000085100000, 0x0000000085200000, 0x0000000085200000|100%| O|  |TAMS 0x0000000085200000, 0x0000000085100000| Untracked 
|  82|0x0000000085200000, 0x0000000085300000, 0x0000000085300000|100%| O|  |TAMS 0x0000000085300000, 0x0000000085200000| Untracked 
|  83|0x0000000085300000, 0x0000000085300000, 0x0000000085400000|  0%| F|  |TAMS 0x0000000085300000, 0x0000000085300000| Untracked 
|  84|0x0000000085400000, 0x0000000085400000, 0x0000000085500000|  0%| F|  |TAMS 0x0000000085400000, 0x0000000085400000| Untracked 
|  85|0x0000000085500000, 0x0000000085500000, 0x0000000085600000|  0%| F|  |TAMS 0x0000000085500000, 0x0000000085500000| Untracked 
|  86|0x0000000085600000, 0x0000000085600000, 0x0000000085700000|  0%| F|  |TAMS 0x0000000085600000, 0x0000000085600000| Untracked 
|  87|0x0000000085700000, 0x0000000085700000, 0x0000000085800000|  0%| F|  |TAMS 0x0000000085700000, 0x0000000085700000| Untracked 
|  88|0x0000000085800000, 0x0000000085800000, 0x0000000085900000|  0%| F|  |TAMS 0x0000000085800000, 0x0000000085800000| Untracked 
|  89|0x0000000085900000, 0x0000000085900000, 0x0000000085a00000|  0%| F|  |TAMS 0x0000000085900000, 0x0000000085900000| Untracked 
|  90|0x0000000085a00000, 0x0000000085a00000, 0x0000000085b00000|  0%| F|  |TAMS 0x0000000085a00000, 0x0000000085a00000| Untracked 
|  91|0x0000000085b00000, 0x0000000085b00000, 0x0000000085c00000|  0%| F|  |TAMS 0x0000000085b00000, 0x0000000085b00000| Untracked 
|  92|0x0000000085c00000, 0x0000000085c00000, 0x0000000085d00000|  0%| F|  |TAMS 0x0000000085c00000, 0x0000000085c00000| Untracked 
|  93|0x0000000085d00000, 0x0000000085d00000, 0x0000000085e00000|  0%| F|  |TAMS 0x0000000085d00000, 0x0000000085d00000| Untracked 
|  94|0x0000000085e00000, 0x0000000085e00000, 0x0000000085f00000|  0%| F|  |TAMS 0x0000000085e00000, 0x0000000085e00000| Untracked 
|  95|0x0000000085f00000, 0x0000000085f00000, 0x0000000086000000|  0%| F|  |TAMS 0x0000000085f00000, 0x0000000085f00000| Untracked 
|  96|0x0000000086000000, 0x0000000086000000, 0x0000000086100000|  0%| F|  |TAMS 0x0000000086000000, 0x0000000086000000| Untracked 
|  97|0x0000000086100000, 0x0000000086100000, 0x0000000086200000|  0%| F|  |TAMS 0x0000000086100000, 0x0000000086100000| Untracked 
|  98|0x0000000086200000, 0x0000000086200000, 0x0000000086300000|  0%| F|  |TAMS 0x0000000086200000, 0x0000000086200000| Untracked 
|  99|0x0000000086300000, 0x0000000086300000, 0x0000000086400000|  0%| F|  |TAMS 0x0000000086300000, 0x0000000086300000| Untracked 
| 100|0x0000000086400000, 0x0000000086400000, 0x0000000086500000|  0%| F|  |TAMS 0x0000000086400000, 0x0000000086400000| Untracked 
| 101|0x0000000086500000, 0x0000000086500000, 0x0000000086600000|  0%| F|  |TAMS 0x0000000086500000, 0x0000000086500000| Untracked 
| 102|0x0000000086600000, 0x0000000086600000, 0x0000000086700000|  0%| F|  |TAMS 0x0000000086600000, 0x0000000086600000| Untracked 
| 103|0x0000000086700000, 0x0000000086700000, 0x0000000086800000|  0%| F|  |TAMS 0x0000000086700000, 0x0000000086700000| Untracked 
| 104|0x0000000086800000, 0x0000000086800000, 0x0000000086900000|  0%| F|  |TAMS 0x0000000086800000, 0x0000000086800000| Untracked 
| 105|0x0000000086900000, 0x0000000086900000, 0x0000000086a00000|  0%| F|  |TAMS 0x0000000086900000, 0x0000000086900000| Untracked 
| 106|0x0000000086a00000, 0x0000000086a00000, 0x0000000086b00000|  0%| F|  |TAMS 0x0000000086a00000, 0x0000000086a00000| Untracked 
| 107|0x0000000086b00000, 0x0000000086b00000, 0x0000000086c00000|  0%| F|  |TAMS 0x0000000086b00000, 0x0000000086b00000| Untracked 
| 108|0x0000000086c00000, 0x0000000086c00000, 0x0000000086d00000|  0%| F|  |TAMS 0x0000000086c00000, 0x0000000086c00000| Untracked 
| 109|0x0000000086d00000, 0x0000000086d00000, 0x0000000086e00000|  0%| F|  |TAMS 0x0000000086d00000, 0x0000000086d00000| Untracked 
| 110|0x0000000086e00000, 0x0000000086e00000, 0x0000000086f00000|  0%| F|  |TAMS 0x0000000086e00000, 0x0000000086e00000| Untracked 
| 111|0x0000000086f00000, 0x0000000086f00000, 0x0000000087000000|  0%| F|  |TAMS 0x0000000086f00000, 0x0000000086f00000| Untracked 
| 112|0x0000000087000000, 0x00000000870a8548, 0x0000000087100000| 65%| E|  |TAMS 0x0000000087000000, 0x0000000087000000| Complete 
| 113|0x0000000087100000, 0x0000000087200000, 0x0000000087200000|100%| E|CS|TAMS 0x0000000087100000, 0x0000000087100000| Complete 
| 114|0x0000000087200000, 0x00000000872b6460, 0x0000000087300000| 71%| S|CS|TAMS 0x0000000087200000, 0x0000000087200000| Complete 
| 115|0x0000000087300000, 0x0000000087400000, 0x0000000087400000|100%| S|CS|TAMS 0x0000000087300000, 0x0000000087300000| Complete 
| 116|0x0000000087400000, 0x0000000087500000, 0x0000000087500000|100%| S|CS|TAMS 0x0000000087400000, 0x0000000087400000| Complete 
| 117|0x0000000087500000, 0x0000000087600000, 0x0000000087600000|100%| E|CS|TAMS 0x0000000087500000, 0x0000000087500000| Complete 
| 118|0x0000000087600000, 0x0000000087700000, 0x0000000087700000|100%| E|CS|TAMS 0x0000000087600000, 0x0000000087600000| Complete 
| 119|0x0000000087700000, 0x0000000087800000, 0x0000000087800000|100%| E|CS|TAMS 0x0000000087700000, 0x0000000087700000| Complete 
| 120|0x0000000087800000, 0x0000000087900000, 0x0000000087900000|100%| E|CS|TAMS 0x0000000087800000, 0x0000000087800000| Complete 
| 121|0x0000000087900000, 0x0000000087a00000, 0x0000000087a00000|100%| E|CS|TAMS 0x0000000087900000, 0x0000000087900000| Complete 
| 122|0x0000000087a00000, 0x0000000087b00000, 0x0000000087b00000|100%| E|CS|TAMS 0x0000000087a00000, 0x0000000087a00000| Complete 
| 123|0x0000000087b00000, 0x0000000087c00000, 0x0000000087c00000|100%| E|CS|TAMS 0x0000000087b00000, 0x0000000087b00000| Complete 
| 124|0x0000000087c00000, 0x0000000087d00000, 0x0000000087d00000|100%| E|CS|TAMS 0x0000000087c00000, 0x0000000087c00000| Complete 
| 125|0x0000000087d00000, 0x0000000087e00000, 0x0000000087e00000|100%| E|CS|TAMS 0x0000000087d00000, 0x0000000087d00000| Complete 
| 126|0x0000000087e00000, 0x0000000087f00000, 0x0000000087f00000|100%| E|CS|TAMS 0x0000000087e00000, 0x0000000087e00000| Complete 
| 127|0x0000000087f00000, 0x0000000088000000, 0x0000000088000000|100%| E|CS|TAMS 0x0000000087f00000, 0x0000000087f00000| Complete 
| 128|0x0000000088000000, 0x0000000088100000, 0x0000000088100000|100%| E|CS|TAMS 0x0000000088000000, 0x0000000088000000| Complete 
| 129|0x0000000088100000, 0x0000000088200000, 0x0000000088200000|100%| E|CS|TAMS 0x0000000088100000, 0x0000000088100000| Complete 
| 130|0x0000000088200000, 0x0000000088300000, 0x0000000088300000|100%| E|CS|TAMS 0x0000000088200000, 0x0000000088200000| Complete 
| 131|0x0000000088300000, 0x0000000088400000, 0x0000000088400000|100%| E|CS|TAMS 0x0000000088300000, 0x0000000088300000| Complete 
| 132|0x0000000088400000, 0x0000000088500000, 0x0000000088500000|100%| E|CS|TAMS 0x0000000088400000, 0x0000000088400000| Complete 
| 133|0x0000000088500000, 0x0000000088600000, 0x0000000088600000|100%| E|CS|TAMS 0x0000000088500000, 0x0000000088500000| Complete 
| 134|0x0000000088600000, 0x0000000088700000, 0x0000000088700000|100%| E|CS|TAMS 0x0000000088600000, 0x0000000088600000| Complete 
| 135|0x0000000088700000, 0x0000000088800000, 0x0000000088800000|100%| E|CS|TAMS 0x0000000088700000, 0x0000000088700000| Complete 
| 136|0x0000000088800000, 0x0000000088900000, 0x0000000088900000|100%| E|CS|TAMS 0x0000000088800000, 0x0000000088800000| Complete 
| 137|0x0000000088900000, 0x0000000088a00000, 0x0000000088a00000|100%| E|CS|TAMS 0x0000000088900000, 0x0000000088900000| Complete 
| 138|0x0000000088a00000, 0x0000000088b00000, 0x0000000088b00000|100%| E|CS|TAMS 0x0000000088a00000, 0x0000000088a00000| Complete 
| 139|0x0000000088b00000, 0x0000000088c00000, 0x0000000088c00000|100%| E|CS|TAMS 0x0000000088b00000, 0x0000000088b00000| Complete 
| 140|0x0000000088c00000, 0x0000000088d00000, 0x0000000088d00000|100%| E|CS|TAMS 0x0000000088c00000, 0x0000000088c00000| Complete 
| 141|0x0000000088d00000, 0x0000000088e00000, 0x0000000088e00000|100%| E|CS|TAMS 0x0000000088d00000, 0x0000000088d00000| Complete 
| 142|0x0000000088e00000, 0x0000000088f00000, 0x0000000088f00000|100%| E|CS|TAMS 0x0000000088e00000, 0x0000000088e00000| Complete 
| 143|0x0000000088f00000, 0x0000000089000000, 0x0000000089000000|100%| E|CS|TAMS 0x0000000088f00000, 0x0000000088f00000| Complete 
| 144|0x0000000089000000, 0x0000000089100000, 0x0000000089100000|100%| E|CS|TAMS 0x0000000089000000, 0x0000000089000000| Complete 
| 145|0x0000000089100000, 0x0000000089200000, 0x0000000089200000|100%| E|CS|TAMS 0x0000000089100000, 0x0000000089100000| Complete 
| 146|0x0000000089200000, 0x0000000089300000, 0x0000000089300000|100%| E|CS|TAMS 0x0000000089200000, 0x0000000089200000| Complete 

Card table byte_map: [0x000002b2f7160000,0x000002b2f7560000] _byte_map_base: 0x000002b2f6d60000

Marking Bits (Prev, Next): (CMBitMap*) 0x000002b2dff5e030, (CMBitMap*) 0x000002b2dff5dff0
 Prev Bits: [0x000002b2f9960000, 0x000002b2fb960000)
 Next Bits: [0x000002b2f7960000, 0x000002b2f9960000)

Polling page: 0x000002b2ddea0000

Metaspace:

Usage:
  Non-class:     72.31 MB capacity,    71.57 MB ( 99%) used,   641.41 KB ( <1%) free+waste,   116.12 KB ( <1%) overhead. 
      Class:     10.99 MB capacity,    10.66 MB ( 97%) used,   293.77 KB (  3%) free+waste,    44.81 KB ( <1%) overhead. 
       Both:     83.30 MB capacity,    82.23 MB ( 99%) used,   935.18 KB (  1%) free+waste,   160.94 KB ( <1%) overhead. 

Virtual space:
  Non-class space:       74.00 MB reserved,      72.50 MB ( 98%) committed 
      Class space:        1.00 GB reserved,      11.00 MB (  1%) committed 
             Both:        1.07 GB reserved,      83.50 MB (  8%) committed 

Chunk freelists:
   Non-Class:  1.00 KB
       Class:  14.00 KB
        Both:  15.00 KB

MaxMetaspaceSize: 17179869184.00 GB
CompressedClassSpaceSize: 1.00 GB

CodeHeap 'non-profiled nmethods': size=120064Kb used=5491Kb max_used=5491Kb free=114572Kb
 bounds [0x000002b2efc20000, 0x000002b2f0180000, 0x000002b2f7160000]
CodeHeap 'profiled nmethods': size=120000Kb used=23514Kb max_used=23514Kb free=96485Kb
 bounds [0x000002b2e86f0000, 0x000002b2e9df0000, 0x000002b2efc20000]
CodeHeap 'non-nmethods': size=5696Kb used=2397Kb max_used=2438Kb free=3298Kb
 bounds [0x000002b2e8160000, 0x000002b2e83e0000, 0x000002b2e86f0000]
 total_blobs=11815 nmethods=10921 adapters=805
 compilation: enabled
              stopped_count=0, restarted_count=0
 full_count=0

Compilation events (20 events):
Event: 109.745 Thread 0x000002b2fdd02ad0 12579       2       java.util.HashMap$TreeNode::getTreeNode (22 bytes)
Event: 109.746 Thread 0x000002b2fdd02ad0 nmethod 12579 0x000002b2e9dd9190 code [0x000002b2e9dd9340, 0x000002b2e9dd94c8]
Event: 109.752 Thread 0x000002b2fdd02ad0 12580       2       org.gradle.api.internal.file.collections.DefaultFileCollectionResolveContext$FileCollectionConverter::convertInto (196 bytes)
Event: 109.754 Thread 0x000002b2fdd02ad0 nmethod 12580 0x000002b2e9dd9610 code [0x000002b2e9dd9960, 0x000002b2e9ddaca8]
Event: 109.792 Thread 0x000002b2fdd02ad0 12581       2       java.util.HashMap$TreeNode::moveRootToFront (124 bytes)
Event: 109.793 Thread 0x000002b2fdd02ad0 nmethod 12581 0x000002b2e9ddb290 code [0x000002b2e9ddb460, 0x000002b2e9ddb8f8]
Event: 109.794 Thread 0x000002b2fdd02ad0 12582       2       java.util.HashMap$TreeNode::putTreeVal (314 bytes)
Event: 109.796 Thread 0x000002b2fdd02ad0 nmethod 12582 0x000002b2e9ddbb10 code [0x000002b2e9ddbd60, 0x000002b2e9ddc648]
Event: 109.800 Thread 0x000002b2fdd02ad0 12583       2       java.util.HashMap::newTreeNode (13 bytes)
Event: 109.800 Thread 0x000002b2fdd02ad0 nmethod 12583 0x000002b2e9ddcb90 code [0x000002b2e9ddcd40, 0x000002b2e9ddcee8]
Event: 109.816 Thread 0x000002b2fdd02ad0 12584       2       com.android.tools.r8.ir.optimize.info.t::a (30 bytes)
Event: 109.817 Thread 0x000002b2fdd02ad0 nmethod 12584 0x000002b2e9ddd010 code [0x000002b2e9ddd1a0, 0x000002b2e9ddd2d8]
Event: 109.817 Thread 0x000002b2fdd02ad0 12585       2       com.android.tools.r8.q.a.a.b.k1::a (22 bytes)
Event: 109.817 Thread 0x000002b2fdd02ad0 nmethod 12585 0x000002b2e9ddd390 code [0x000002b2e9ddd540, 0x000002b2e9ddd748]
Event: 109.817 Thread 0x000002b2fdd02ad0 12586       2       com.android.tools.r8.q.a.a.b.l1::a (24 bytes)
Event: 109.818 Thread 0x000002b2fdd02ad0 nmethod 12586 0x000002b2e9ddd890 code [0x000002b2e9ddda40, 0x000002b2e9dddd68]
Event: 109.821 Thread 0x000002b2fdd02ad0 12587       2       java.util.IdentityHashMap::resize (153 bytes)
Event: 109.823 Thread 0x000002b2fdd02ad0 nmethod 12587 0x000002b2e9ddde10 code [0x000002b2e9dde000, 0x000002b2e9dde778]
Event: 109.837 Thread 0x000002b2fdd02ad0 12588       2       com.android.tools.r8.s.a.q.p::r (4 bytes)
Event: 109.837 Thread 0x000002b2fdd02ad0 nmethod 12588 0x000002b2e9ddea90 code [0x000002b2e9ddec20, 0x000002b2e9ddecf8]

GC Heap History (20 events):
Event: 81.223 GC heap before
{Heap before GC invocations=42 (full 0):
 garbage-first heap   total 112640K, used 90762K [0x0000000080000000, 0x0000000100000000)
  region size 1024K, 28 young (28672K), 2 survivors (2048K)
 Metaspace       used 68749K, capacity 69746K, committed 70016K, reserved 1110016K
  class space    used 8959K, capacity 9259K, committed 9344K, reserved 1048576K
}
Event: 81.245 GC heap after
{Heap after GC invocations=43 (full 0):
 garbage-first heap   total 112640K, used 66641K [0x0000000080000000, 0x0000000100000000)
  region size 1024K, 4 young (4096K), 4 survivors (4096K)
 Metaspace       used 68749K, capacity 69746K, committed 70016K, reserved 1110016K
  class space    used 8959K, capacity 9259K, committed 9344K, reserved 1048576K
}
Event: 85.139 GC heap before
{Heap before GC invocations=43 (full 0):
 garbage-first heap   total 112640K, used 92241K [0x0000000080000000, 0x0000000100000000)
  region size 1024K, 30 young (30720K), 4 survivors (4096K)
 Metaspace       used 72060K, capacity 73160K, committed 73216K, reserved 1112064K
  class space    used 9368K, capacity 9687K, committed 9728K, reserved 1048576K
}
Event: 85.160 GC heap after
{Heap after GC invocations=44 (full 0):
 garbage-first heap   total 112640K, used 67636K [0x0000000080000000, 0x0000000100000000)
  region size 1024K, 3 young (3072K), 3 survivors (3072K)
 Metaspace       used 72060K, capacity 73160K, committed 73216K, reserved 1112064K
  class space    used 9368K, capacity 9687K, committed 9728K, reserved 1048576K
}
Event: 88.518 GC heap before
{Heap before GC invocations=45 (full 0):
 garbage-first heap   total 117760K, used 92212K [0x0000000080000000, 0x0000000100000000)
  region size 1024K, 28 young (28672K), 3 survivors (3072K)
 Metaspace       used 73181K, capacity 74246K, committed 74368K, reserved 1114112K
  class space    used 9493K, capacity 9788K, committed 9856K, reserved 1048576K
}
Event: 88.545 GC heap after
{Heap after GC invocations=46 (full 0):
 garbage-first heap   total 117760K, used 70429K [0x0000000080000000, 0x0000000100000000)
  region size 1024K, 4 young (4096K), 4 survivors (4096K)
 Metaspace       used 73181K, capacity 74246K, committed 74368K, reserved 1114112K
  class space    used 9493K, capacity 9788K, committed 9856K, reserved 1048576K
}
Event: 91.256 GC heap before
{Heap before GC invocations=46 (full 0):
 garbage-first heap   total 117760K, used 96029K [0x0000000080000000, 0x0000000100000000)
  region size 1024K, 30 young (30720K), 4 survivors (4096K)
 Metaspace       used 73221K, capacity 74310K, committed 74624K, reserved 1114112K
  class space    used 9493K, capacity 9788K, committed 9856K, reserved 1048576K
}
Event: 91.281 GC heap after
{Heap after GC invocations=47 (full 0):
 garbage-first heap   total 117760K, used 71856K [0x0000000080000000, 0x0000000100000000)
  region size 1024K, 2 young (2048K), 2 survivors (2048K)
 Metaspace       used 73221K, capacity 74310K, committed 74624K, reserved 1114112K
  class space    used 9493K, capacity 9788K, committed 9856K, reserved 1048576K
}
Event: 92.948 GC heap before
{Heap before GC invocations=48 (full 0):
 garbage-first heap   total 126976K, used 86192K [0x0000000080000000, 0x0000000100000000)
  region size 1024K, 18 young (18432K), 2 survivors (2048K)
 Metaspace       used 73495K, capacity 74572K, committed 74624K, reserved 1114112K
  class space    used 9536K, capacity 9853K, committed 9856K, reserved 1048576K
}
Event: 92.967 GC heap after
{Heap after GC invocations=49 (full 0):
 garbage-first heap   total 126976K, used 73983K [0x0000000080000000, 0x0000000100000000)
  region size 1024K, 4 young (4096K), 4 survivors (4096K)
 Metaspace       used 73495K, capacity 74572K, committed 74624K, reserved 1114112K
  class space    used 9536K, capacity 9853K, committed 9856K, reserved 1048576K
}
Event: 95.339 GC heap before
{Heap before GC invocations=50 (full 0):
 garbage-first heap   total 137216K, used 107775K [0x0000000080000000, 0x0000000100000000)
  region size 1024K, 34 young (34816K), 4 survivors (4096K)
 Metaspace       used 74805K, capacity 75916K, committed 76160K, reserved 1116160K
  class space    used 9721K, capacity 10045K, committed 10112K, reserved 1048576K
}
Event: 95.363 GC heap after
{Heap after GC invocations=51 (full 0):
 garbage-first heap   total 137216K, used 80194K [0x0000000080000000, 0x0000000100000000)
  region size 1024K, 5 young (5120K), 5 survivors (5120K)
 Metaspace       used 74805K, capacity 75916K, committed 76160K, reserved 1116160K
  class space    used 9721K, capacity 10045K, committed 10112K, reserved 1048576K
}
Event: 98.485 GC heap before
{Heap before GC invocations=51 (full 0):
 garbage-first heap   total 137216K, used 110914K [0x0000000080000000, 0x0000000100000000)
  region size 1024K, 36 young (36864K), 5 survivors (5120K)
 Metaspace       used 78329K, capacity 79436K, committed 79744K, reserved 1118208K
  class space    used 10203K, capacity 10535K, committed 10624K, reserved 1048576K
}
Event: 98.527 GC heap after
{Heap after GC invocations=52 (full 0):
 garbage-first heap   total 137216K, used 84736K [0x0000000080000000, 0x0000000100000000)
  region size 1024K, 5 young (5120K), 5 survivors (5120K)
 Metaspace       used 78329K, capacity 79436K, committed 79744K, reserved 1118208K
  class space    used 10203K, capacity 10535K, committed 10624K, reserved 1048576K
}
Event: 102.352 GC heap before
{Heap before GC invocations=53 (full 0):
 garbage-first heap   total 143360K, used 110336K [0x0000000080000000, 0x0000000100000000)
  region size 1024K, 31 young (31744K), 5 survivors (5120K)
 Metaspace       used 81633K, capacity 82766K, committed 83072K, reserved 1122304K
  class space    used 10699K, capacity 11025K, committed 11136K, reserved 1048576K
}
Event: 102.384 GC heap after
{Heap after GC invocations=54 (full 0):
 garbage-first heap   total 143360K, used 86874K [0x0000000080000000, 0x0000000100000000)
  region size 1024K, 2 young (2048K), 2 survivors (2048K)
 Metaspace       used 81633K, capacity 82766K, committed 83072K, reserved 1122304K
  class space    used 10699K, capacity 11025K, committed 11136K, reserved 1048576K
}
Event: 106.119 GC heap before
{Heap before GC invocations=54 (full 0):
 garbage-first heap   total 143360K, used 117594K [0x0000000080000000, 0x0000000100000000)
  region size 1024K, 32 young (32768K), 2 survivors (2048K)
 Metaspace       used 82970K, capacity 84081K, committed 84096K, reserved 1122304K
  class space    used 10779K, capacity 11122K, committed 11136K, reserved 1048576K
}
Event: 106.159 GC heap after
{Heap after GC invocations=55 (full 0):
 garbage-first heap   total 143360K, used 87642K [0x0000000080000000, 0x0000000100000000)
  region size 1024K, 3 young (3072K), 3 survivors (3072K)
 Metaspace       used 82970K, capacity 84081K, committed 84096K, reserved 1122304K
  class space    used 10779K, capacity 11122K, committed 11136K, reserved 1048576K
}
Event: 108.700 GC heap before
{Heap before GC invocations=56 (full 0):
 garbage-first heap   total 150528K, used 118362K [0x0000000080000000, 0x0000000100000000)
  region size 1024K, 33 young (33792K), 3 survivors (3072K)
 Metaspace       used 84104K, capacity 85233K, committed 85248K, reserved 1124352K
  class space    used 10903K, capacity 11250K, committed 11264K, reserved 1048576K
}
Event: 108.718 GC heap after
{Heap after GC invocations=57 (full 0):
 garbage-first heap   total 150528K, used 87679K [0x0000000080000000, 0x0000000100000000)
  region size 1024K, 3 young (3072K), 3 survivors (3072K)
 Metaspace       used 84104K, capacity 85233K, committed 85248K, reserved 1124352K
  class space    used 10903K, capacity 11250K, committed 11264K, reserved 1048576K
}

Deoptimization events (20 events):
Event: 109.145 Thread 0x000002b280f19440 Uncommon trap: trap_request=0xffffffc6 fr.pc=0x000002b2f00dab48 relative=0x00000000000000a8
Event: 109.145 Thread 0x000002b280f19440 Uncommon trap: reason=bimorphic_or_optimized_type_check action=maybe_recompile pc=0x000002b2f00dab48 method=com.android.tools.r8.s.b.s1.a(Lcom/android/tools/r8/s/a/p/u;)Lcom/android/tools/r8/s/b/s1; @ 12 c2
Event: 109.145 Thread 0x000002b280f19440 DEOPT PACKING pc=0x000002b2f00dab48 sp=0x000000bbbecf9680
Event: 109.145 Thread 0x000002b280f19440 DEOPT UNPACKING pc=0x000002b2e81ae12f sp=0x000000bbbecf95b8 mode 2
Event: 109.145 Thread 0x000002b280f19440 Uncommon trap: trap_request=0xffffffc6 fr.pc=0x000002b2f00dab48 relative=0x00000000000000a8
Event: 109.145 Thread 0x000002b280f19440 Uncommon trap: reason=bimorphic_or_optimized_type_check action=maybe_recompile pc=0x000002b2f00dab48 method=com.android.tools.r8.s.b.s1.a(Lcom/android/tools/r8/s/a/p/u;)Lcom/android/tools/r8/s/b/s1; @ 12 c2
Event: 109.145 Thread 0x000002b280f19440 DEOPT PACKING pc=0x000002b2f00dab48 sp=0x000000bbbecf95e0
Event: 109.145 Thread 0x000002b280f19440 DEOPT UNPACKING pc=0x000002b2e81ae12f sp=0x000000bbbecf9518 mode 2
Event: 109.146 Thread 0x000002b280f19440 Uncommon trap: trap_request=0xffffffc6 fr.pc=0x000002b2f010bd74 relative=0x0000000000000194
Event: 109.146 Thread 0x000002b280f19440 Uncommon trap: reason=bimorphic_or_optimized_type_check action=maybe_recompile pc=0x000002b2f010bd74 method=com.android.tools.r8.s.b.s1.a(Lcom/android/tools/r8/s/a/p/u;)Lcom/android/tools/r8/s/b/s1; @ 12 c2
Event: 109.146 Thread 0x000002b280f19440 DEOPT PACKING pc=0x000002b2f010bd74 sp=0x000000bbbecf9550
Event: 109.146 Thread 0x000002b280f19440 DEOPT UNPACKING pc=0x000002b2e81ae12f sp=0x000000bbbecf9420 mode 2
Event: 109.146 Thread 0x000002b280f19440 Uncommon trap: trap_request=0xffffffc6 fr.pc=0x000002b2f00dab48 relative=0x00000000000000a8
Event: 109.146 Thread 0x000002b280f19440 Uncommon trap: reason=bimorphic_or_optimized_type_check action=maybe_recompile pc=0x000002b2f00dab48 method=com.android.tools.r8.s.b.s1.a(Lcom/android/tools/r8/s/a/p/u;)Lcom/android/tools/r8/s/b/s1; @ 12 c2
Event: 109.146 Thread 0x000002b280f19440 DEOPT PACKING pc=0x000002b2f00dab48 sp=0x000000bbbecf94e0
Event: 109.146 Thread 0x000002b280f19440 DEOPT UNPACKING pc=0x000002b2e81ae12f sp=0x000000bbbecf9420 mode 2
Event: 109.146 Thread 0x000002b280f19440 Uncommon trap: trap_request=0xffffffc6 fr.pc=0x000002b2f00db0a4 relative=0x0000000000000084
Event: 109.146 Thread 0x000002b280f19440 Uncommon trap: reason=bimorphic_or_optimized_type_check action=maybe_recompile pc=0x000002b2f00db0a4 method=com.android.tools.r8.s.b.s1.a(Lcom/android/tools/r8/s/a/p/u;)Lcom/android/tools/r8/s/b/s1; @ 12 c2
Event: 109.146 Thread 0x000002b280f19440 DEOPT PACKING pc=0x000002b2f00db0a4 sp=0x000000bbbecf9480
Event: 109.146 Thread 0x000002b280f19440 DEOPT UNPACKING pc=0x000002b2e81ae12f sp=0x000000bbbecf9420 mode 2

Classes unloaded (1 events):
Event: 106.548 Thread 0x000002b2dfff89e0 Unloading class 0x0000000801431440 'java/lang/invoke/LambdaForm$DMH+0x0000000801431440'

Classes redefined (0 events):
No events

Internal exceptions (20 events):
Event: 95.227 Thread 0x000002b280f19440 Exception <a 'sun/nio/fs/WindowsException'{0x00000000865e5e88}> (0x00000000865e5e88) 
thrown [./open/src/hotspot/share/prims/jni.cpp, line 578]
Event: 95.368 Thread 0x000002b280f19440 Exception <a 'java/lang/NoSuchMethodError'{0x0000000088509bc8}: 'int java.lang.invoke.DirectMethodHandle$Holder.invokeVirtual(java.lang.Object, java.lang.Object, java.lang.Object)'> (0x0000000088509bc8) 
thrown [./open/src/hotspot/share/interpreter/linkResolver.cpp, line 782]
Event: 95.368 Thread 0x000002b280f16420 Exception <a 'java/lang/NoSuchMethodError'{0x00000000885ae160}: 'int java.lang.invoke.DirectMethodHandle$Holder.invokeVirtual(java.lang.Object, java.lang.Object, java.lang.Object)'> (0x00000000885ae160) 
thrown [./open/src/hotspot/share/interpreter/linkResolver.cpp, line 782]
Event: 95.632 Thread 0x000002b280f16420 Exception <a 'java/lang/NoSuchMethodError'{0x00000000883fc728}: 'java.lang.Object java.lang.invoke.DirectMethodHandle$Holder.invokeStatic(java.lang.Object, java.lang.Object, java.lang.Object, java.lang.Object, java.lang.Object, java.lang.Object, java.lang.Object, java.lang.Object, java.lang.Object, java.lang.Object, java.lang.Object, java.lang.Object, java.lang.Object, java.lang.Object, java.lang.Object, java.lang.Object, java.lang.Object, int, java.lang.Object)'> (0x00000000883fc728) 
thrown [./open/src/h
Event: 95.633 Thread 0x000002b280f16420 Exception <a 'java/lang/NoSuchMethodError'{0x0000000088202ad0}: 'java.lang.Object java.lang.invoke.DirectMethodHandle$Holder.invokeStaticInit(java.lang.Object, java.lang.Object, java.lang.Object, java.lang.Object, java.lang.Object, java.lang.Object, java.lang.Object, java.lang.Object, java.lang.Object, java.lang.Object, java.lang.Object, java.lang.Object, java.lang.Object, java.lang.Object, java.lang.Object, java.lang.Object, java.lang.Object, int, java.lang.Object)'> (0x0000000088202ad0) 
thrown [./open/s
Event: 96.246 Thread 0x000002b280f16420 Exception <a 'java/lang/NoSuchMethodError'{0x00000000880dd4c8}: 'java.lang.Object java.lang.invoke.DirectMethodHandle$Holder.newInvokeSpecial(java.lang.Object, long)'> (0x00000000880dd4c8) 
thrown [./open/src/hotspot/share/interpreter/linkResolver.cpp, line 782]
Event: 96.692 Thread 0x000002b280f16420 Exception <a 'java/lang/NoSuchMethodError'{0x0000000087c61550}: 'void java.lang.invoke.DirectMethodHandle$Holder.invokeStatic(java.lang.Object, java.lang.Object, java.lang.Object, int)'> (0x0000000087c61550) 
thrown [./open/src/hotspot/share/interpreter/linkResolver.cpp, line 782]
Event: 96.694 Thread 0x000002b280f16420 Exception <a 'java/lang/IncompatibleClassChangeError'{0x0000000087c959f0}: Found class java.lang.Object, but interface was expected> (0x0000000087c959f0) 
thrown [./open/src/hotspot/share/interpreter/linkResolver.cpp, line 848]
Event: 96.985 Thread 0x000002b280f16420 Exception <a 'java/lang/NoSuchMethodError'{0x0000000087975098}: 'long java.lang.invoke.DirectMethodHandle$Holder.invokeStatic(java.lang.Object, java.lang.Object)'> (0x0000000087975098) 
thrown [./open/src/hotspot/share/interpreter/linkResolver.cpp, line 782]
Event: 98.284 Thread 0x000002b280f16420 Exception <a 'java/lang/NoSuchMethodError'{0x0000000086a417c8}: 'void java.lang.invoke.DirectMethodHandle$Holder.invokeStaticInit(java.lang.Object, java.lang.Object, java.lang.Object, java.lang.Object, java.lang.Object)'> (0x0000000086a417c8) 
thrown [./open/src/hotspot/share/interpreter/linkResolver.cpp, line 782]
Event: 98.892 Thread 0x000002b280f19440 Exception <a 'java/lang/NoSuchMethodError'{0x0000000088b19620}: 'java.lang.Object java.lang.invoke.DirectMethodHandle$Holder.invokeStatic(java.lang.Object, int, java.lang.Object, java.lang.Object)'> (0x0000000088b19620) 
thrown [./open/src/hotspot/share/interpreter/linkResolver.cpp, line 782]
Event: 99.105 Thread 0x000002b280f16420 Exception <a 'java/lang/NoSuchMethodError'{0x0000000088bc0cd0}: 'void java.lang.invoke.DirectMethodHandle$Holder.invokeSpecial(java.lang.Object, java.lang.Object, int, java.lang.Object)'> (0x0000000088bc0cd0) 
thrown [./open/src/hotspot/share/interpreter/linkResolver.cpp, line 782]
Event: 99.796 Thread 0x000002b280f16420 Exception <a 'java/lang/NoSuchMethodError'{0x00000000888efc98}: 'java.lang.Object java.lang.invoke.DirectMethodHandle$Holder.invokeVirtual(java.lang.Object, java.lang.Object, int, java.lang.Object)'> (0x00000000888efc98) 
thrown [./open/src/hotspot/share/interpreter/linkResolver.cpp, line 782]
Event: 99.879 Thread 0x000002b280f19440 Exception <a 'java/lang/NoSuchMethodError'{0x000000008885b440}: 'java.lang.Object java.lang.invoke.DirectMethodHandle$Holder.invokeVirtual(java.lang.Object, java.lang.Object, int, java.lang.Object)'> (0x000000008885b440) 
thrown [./open/src/hotspot/share/interpreter/linkResolver.cpp, line 782]
Event: 100.173 Thread 0x000002b280f19440 Exception <a 'java/lang/NoSuchMethodError'{0x00000000887fae78}: 'void java.lang.invoke.DirectMethodHandle$Holder.invokeVirtual(java.lang.Object, java.lang.Object, int, java.lang.Object)'> (0x00000000887fae78) 
thrown [./open/src/hotspot/share/interpreter/linkResolver.cpp, line 782]
Event: 100.397 Thread 0x000002b280f19440 Exception <a 'java/lang/NoSuchMethodError'{0x000000008838add8}: 'int java.lang.invoke.DirectMethodHandle$Holder.invokeSpecial(java.lang.Object, java.lang.Object, java.lang.Object, int)'> (0x000000008838add8) 
thrown [./open/src/hotspot/share/interpreter/linkResolver.cpp, line 782]
Event: 101.451 Thread 0x000002b280f19440 Exception <a 'java/lang/NoSuchMethodError'{0x0000000087a02528}: 'java.lang.Object java.lang.invoke.DirectMethodHandle$Holder.invokeInterface(java.lang.Object, java.lang.Object, int)'> (0x0000000087a02528) 
thrown [./open/src/hotspot/share/interpreter/linkResolver.cpp, line 782]
Event: 107.183 Thread 0x000002b280f16420 Implicit null exception at 0x000002b2efff894c to 0x000002b2efff8a90
Event: 107.415 Thread 0x000002b280f16420 Exception <a 'java/lang/NoSuchMethodError'{0x0000000088c72348}: 'void java.lang.invoke.DirectMethodHandle$Holder.invokeVirtual(java.lang.Object, java.lang.Object, int)'> (0x0000000088c72348) 
thrown [./open/src/hotspot/share/interpreter/linkResolver.cpp, line 782]
Event: 107.865 Thread 0x000002b280f16420 Exception <a 'sun/nio/fs/WindowsException'{0x000000008876e3a8}> (0x000000008876e3a8) 
thrown [./open/src/hotspot/share/prims/jni.cpp, line 578]

Events (20 events):
Event: 106.839 Executing VM operation: ICBufferFull
Event: 106.841 Executing VM operation: ICBufferFull done
Event: 107.028 loading class java/util/IdentityHashMap$KeySpliterator
Event: 107.028 loading class java/util/IdentityHashMap$KeySpliterator done
Event: 107.143 Executing VM operation: ICBufferFull
Event: 107.174 Executing VM operation: ICBufferFull done
Event: 107.418 loading class java/nio/ByteBufferAsShortBufferL
Event: 107.432 loading class java/nio/ShortBuffer
Event: 107.434 loading class java/nio/ShortBuffer done
Event: 107.434 loading class java/nio/ByteBufferAsShortBufferL done
Event: 107.761 Executing VM operation: ICBufferFull
Event: 107.761 Executing VM operation: ICBufferFull done
Event: 107.837 loading class java/util/zip/Adler32
Event: 107.855 loading class java/util/zip/Adler32 done
Event: 107.858 Executing VM operation: HandshakeAllThreads
Event: 107.859 Executing VM operation: HandshakeAllThreads done
Event: 108.699 Executing VM operation: G1CollectForAllocation
Event: 108.718 Executing VM operation: G1CollectForAllocation done
Event: 109.571 Executing VM operation: ICBufferFull
Event: 109.572 Executing VM operation: ICBufferFull done


Dynamic libraries:
0x00007ff67e360000 - 0x00007ff67e36f000 	C:\Program Files\Java\jdk-15.0.1\bin\java.exe
0x00007fff51550000 - 0x00007fff51745000 	C:\WINDOWS\SYSTEM32\ntdll.dll
0x00007fff51380000 - 0x00007fff5143d000 	C:\WINDOWS\System32\KERNEL32.DLL
0x00007fff4ee80000 - 0x00007fff4f148000 	C:\WINDOWS\System32\KERNELBASE.dll
0x00007fff4ed20000 - 0x00007fff4ee20000 	C:\WINDOWS\System32\ucrtbase.dll
0x00007fff48bf0000 - 0x00007fff48c08000 	C:\Program Files\Java\jdk-15.0.1\bin\jli.dll
0x00007fff50c50000 - 0x00007fff50cfc000 	C:\WINDOWS\System32\ADVAPI32.dll
0x00007fff50d00000 - 0x00007fff50d9e000 	C:\WINDOWS\System32\msvcrt.dll
0x00007fff4f5f0000 - 0x00007fff4f68b000 	C:\WINDOWS\System32\sechost.dll
0x00007fff50500000 - 0x00007fff5062b000 	C:\WINDOWS\System32\RPCRT4.dll
0x00007fff4f6a0000 - 0x00007fff4f840000 	C:\WINDOWS\System32\USER32.dll
0x00007fff4f380000 - 0x00007fff4f3a2000 	C:\WINDOWS\System32\win32u.dll
0x00007fff4f5c0000 - 0x00007fff4f5ea000 	C:\WINDOWS\System32\GDI32.dll
0x00007fff4f1a0000 - 0x00007fff4f2ab000 	C:\WINDOWS\System32\gdi32full.dll
0x00007fff4f2b0000 - 0x00007fff4f34d000 	C:\WINDOWS\System32\msvcp_win.dll
0x00007fff448b0000 - 0x00007fff44b4a000 	C:\WINDOWS\WinSxS\amd64_microsoft.windows.common-controls_6595b64144ccf1df_6.0.19041.1052_none_60b8f8fd71f5e8cb\COMCTL32.dll
0x00007fff44170000 - 0x00007fff4417a000 	C:\WINDOWS\SYSTEM32\VERSION.dll
0x00007fff40e90000 - 0x00007fff40ea9000 	C:\Program Files\Java\jdk-15.0.1\bin\VCRUNTIME140.dll
0x00007fff51350000 - 0x00007fff51380000 	C:\WINDOWS\System32\IMM32.DLL
0x00007fff47020000 - 0x00007fff4702c000 	C:\Program Files\Java\jdk-15.0.1\bin\vcruntime140_1.dll
0x00007fff3ae80000 - 0x00007fff3af11000 	C:\Program Files\Java\jdk-15.0.1\bin\msvcp140.dll
0x00007fff22c00000 - 0x00007fff2375e000 	C:\Program Files\Java\jdk-15.0.1\bin\server\jvm.dll
0x00007fff50880000 - 0x00007fff50888000 	C:\WINDOWS\System32\PSAPI.DLL
0x00007fff4a4a0000 - 0x00007fff4a4a9000 	C:\WINDOWS\SYSTEM32\WSOCK32.dll
0x00007fff51210000 - 0x00007fff5127b000 	C:\WINDOWS\System32\WS2_32.dll
0x00007fff44b50000 - 0x00007fff44b77000 	C:\WINDOWS\SYSTEM32\WINMM.dll
0x00007fff4cbe0000 - 0x00007fff4cbf2000 	C:\WINDOWS\SYSTEM32\kernel.appcore.dll
0x00007fff46e40000 - 0x00007fff46e4a000 	C:\Program Files\Java\jdk-15.0.1\bin\jimage.dll
0x00007fff492a0000 - 0x00007fff49484000 	C:\WINDOWS\SYSTEM32\DBGHELP.DLL
0x00007fff496c0000 - 0x00007fff496ec000 	C:\WINDOWS\SYSTEM32\dbgcore.DLL
0x00007fff4ec90000 - 0x00007fff4ed13000 	C:\WINDOWS\System32\bcryptPrimitives.dll
0x00007fff3c140000 - 0x00007fff3c165000 	C:\Program Files\Java\jdk-15.0.1\bin\java.dll
0x00007fff4fcb0000 - 0x00007fff503ef000 	C:\WINDOWS\System32\SHELL32.dll
0x00007fff4cde0000 - 0x00007fff4d570000 	C:\WINDOWS\SYSTEM32\windows.storage.dll
0x00007fff4f840000 - 0x00007fff4fb95000 	C:\WINDOWS\System32\combase.dll
0x00007fff4e690000 - 0x00007fff4e6bc000 	C:\WINDOWS\SYSTEM32\Wldp.dll
0x00007fff512a0000 - 0x00007fff5134e000 	C:\WINDOWS\System32\SHCORE.dll
0x00007fff4fc50000 - 0x00007fff4fca5000 	C:\WINDOWS\System32\shlwapi.dll
0x00007fff4ebd0000 - 0x00007fff4ebef000 	C:\WINDOWS\SYSTEM32\profapi.dll
0x00007fff3ce00000 - 0x00007fff3ce19000 	C:\Program Files\Java\jdk-15.0.1\bin\net.dll
0x00007fff48cd0000 - 0x00007fff48ddb000 	C:\WINDOWS\SYSTEM32\WINHTTP.dll
0x00007fff4e400000 - 0x00007fff4e46a000 	C:\WINDOWS\system32\mswsock.dll
0x00007fff3bea0000 - 0x00007fff3beb2000 	C:\Program Files\Java\jdk-15.0.1\bin\nio.dll
0x00007fff3ae20000 - 0x00007fff3ae38000 	C:\Program Files\Java\jdk-15.0.1\bin\zip.dll
0x00007fff42470000 - 0x00007fff42480000 	C:\Program Files\Java\jdk-15.0.1\bin\verify.dll
0x00007fff3c180000 - 0x00007fff3c1a7000 	C:\Users\Abdulla\.gradle\native\f6784746aeab05261644944871eae4fe03e0ef1612fff0a4a95f87b438bc6780\windows-amd64\native-platform.dll
0x00007fff3be90000 - 0x00007fff3be99000 	C:\Program Files\Java\jdk-15.0.1\bin\management.dll
0x00007fff3a440000 - 0x00007fff3a44b000 	C:\Program Files\Java\jdk-15.0.1\bin\management_ext.dll
0x00007fff4e5e0000 - 0x00007fff4e5f8000 	C:\WINDOWS\SYSTEM32\CRYPTSP.dll
0x00007fff4dd40000 - 0x00007fff4dd74000 	C:\WINDOWS\system32\rsaenh.dll
0x00007fff4f350000 - 0x00007fff4f377000 	C:\WINDOWS\System32\bcrypt.dll
0x00007fff4eb50000 - 0x00007fff4eb7e000 	C:\WINDOWS\SYSTEM32\USERENV.dll
0x00007fff4e5d0000 - 0x00007fff4e5dc000 	C:\WINDOWS\SYSTEM32\CRYPTBASE.dll
0x00007fff4e0f0000 - 0x00007fff4e12b000 	C:\WINDOWS\SYSTEM32\IPHLPAPI.DLL
0x00007fff4f690000 - 0x00007fff4f698000 	C:\WINDOWS\System32\NSI.dll
0x00007fff49a10000 - 0x00007fff49a27000 	C:\WINDOWS\SYSTEM32\dhcpcsvc6.DLL
0x00007fff49bf0000 - 0x00007fff49c0d000 	C:\WINDOWS\SYSTEM32\dhcpcsvc.DLL
0x00007fff4e130000 - 0x00007fff4e1fc000 	C:\WINDOWS\SYSTEM32\DNSAPI.dll
0x00007fff4a180000 - 0x00007fff4a18b000 	C:\WINDOWS\SYSTEM32\WINNSI.DLL

dbghelp: loaded successfully - version: 4.0.5 - missing functions: none
symbol engine: initialized successfully - sym options: 0x614 - pdb path: .;C:\Program Files\Java\jdk-15.0.1\bin;C:\WINDOWS\SYSTEM32;C:\WINDOWS\WinSxS\amd64_microsoft.windows.common-controls_6595b64144ccf1df_6.0.19041.1052_none_60b8f8fd71f5e8cb;C:\Program Files\Java\jdk-15.0.1\bin\server;C:\Users\Abdulla\.gradle\native\f6784746aeab05261644944871eae4fe03e0ef1612fff0a4a95f87b438bc6780\windows-amd64

VM Arguments:
jvm_args: --add-opens=java.base/java.util=ALL-UNNAMED --add-opens=java.base/java.lang=ALL-UNNAMED --add-opens=java.base/java.lang.invoke=ALL-UNNAMED --add-opens=java.prefs/java.util.prefs=ALL-UNNAMED -Xmx2048m -Dfile.encoding=UTF-8 -Duser.country=US -Duser.language=en -Duser.variant 
java_command: org.gradle.launcher.daemon.bootstrap.GradleDaemon 6.5
java_class_path (initial): C:\Users\Abdulla\.gradle\wrapper\dists\gradle-6.5-all\2oz4ud9k3tuxjg84bbf55q0tn\gradle-6.5\lib\gradle-launcher-6.5.jar
Launcher Type: SUN_STANDARD

[Global flags]
     intx CICompilerCount                          = 2                                         {product} {ergonomic}
     uint ConcGCThreads                            = 1                                         {product} {ergonomic}
     uint G1ConcRefinementThreads                  = 2                                         {product} {ergonomic}
   size_t G1HeapRegionSize                         = 1048576                                   {product} {ergonomic}
    uintx GCDrainStackTargetSize                   = 64                                        {product} {ergonomic}
   size_t InitialHeapSize                          = 121634816                                 {product} {ergonomic}
   size_t MarkStackSize                            = 4194304                                   {product} {ergonomic}
   size_t MaxHeapSize                              = 2147483648                                {product} {command line}
   size_t MaxNewSize                               = 1287651328                                {product} {ergonomic}
   size_t MinHeapDeltaBytes                        = 1048576                                   {product} {ergonomic}
   size_t MinHeapSize                              = 8388608                                   {product} {ergonomic}
    uintx NonNMethodCodeHeapSize                   = 5826188                                {pd product} {ergonomic}
    uintx NonProfiledCodeHeapSize                  = 122916026                              {pd product} {ergonomic}
    uintx ProfiledCodeHeapSize                     = 122916026                              {pd product} {ergonomic}
    uintx ReservedCodeCacheSize                    = 251658240                              {pd product} {ergonomic}
     bool SegmentedCodeCache                       = true                                      {product} {ergonomic}
   size_t SoftMaxHeapSize                          = 2147483648                             {manageable} {ergonomic}
     bool UseCompressedClassPointers               = true                                 {lp64_product} {ergonomic}
     bool UseCompressedOops                        = true                                 {lp64_product} {ergonomic}
     bool UseG1GC                                  = true                                      {product} {ergonomic}
     bool UseLargePagesIndividualAllocation        = false                                  {pd product} {ergonomic}

Logging:
Log output configuration:
 #0: stdout all=warning uptime,level,tags
 #1: stderr all=off uptime,level,tags

Environment Variables:
JAVA_HOME=C:\Program Files\Java\jdk-15.0.1
PATH=C:\Program Files\Common Files\Oracle\Java\javapath;C:\WINDOWS\system32;C:\WINDOWS;C:\WINDOWS\System32\Wbem;C:\WINDOWS\System32\WindowsPowerShell\v1.0\;C:\WINDOWS\System32\OpenSSH\;C:\Program Files (x86)\Microsoft SQL Server\120\DTS\Binn\;C:\Program Files (x86)\Microsoft SQL Server\Client SDK\ODBC\110\Tools\Binn\;C:\Program Files (x86)\Microsoft SQL Server\120\Tools\Binn\;C:\Program Files (x86)\Microsoft SQL Server\120\Tools\Binn\ManagementStudio\;C:\program Files\java\jdk-15.0.1\bin;C:\Program Files\Git\cmd;C:\Strawberry\perl\bin;C:\Strawberry\perl\site\bin;C:\Strawberry\c\bin;C:\Users\Abdulla\AppData\Local\Microsoft\WindowsApps;;C:\Users\Abdulla\AppData\Local\Programs\Microsoft VS Code\bin
USERNAME=Abdulla
OS=Windows_NT
PROCESSOR_IDENTIFIER=AMD64 Family 21 Model 16 Stepping 1, AuthenticAMD



---------------  S Y S T E M  ---------------

OS:
 Windows 10 , 64 bit Build 19041 (10.0.19041.1023)
OS uptime: 1 days 22:55 hours

CPU: total 2 (initial active 2) (2 cores per cpu, 1 threads per core) family 21 model 16 stepping 1 microcode 0x0, cmov, cx8, fxsr, mmx, sse, sse2, sse3, ssse3, sse4.1, sse4.2, popcnt, vzeroupper, avx, aes, clmul, 3dnowpref, lzcnt, sse4a, tsc, tscinvbit, tscinv, bmi1, fma, clflush

Memory: 4k page, system-wide physical 7369M (300M free)
TotalPageFile size 7369M (AvailPageFile size 5M)
current process WorkingSet (physical memory assigned to process): 385M, peak: 387M
current process commit charge ("private bytes"): 419M, peak: 420M

vm_info: Java HotSpot(TM) 64-Bit Server VM (15.0.1+9-18) for windows-amd64 JRE (15.0.1+9-18), built on Sep 15 2020 14:43:54 by "mach5one" with unknown MS VC++:1925

END.
