#
# There is insufficient memory for the Java Runtime Environment to continue.
# Native memory allocation (malloc) failed to allocate 422544 bytes for Chunk::new
# Possible reasons:
#   The system is out of physical RAM or swap space
#   The process is running with CompressedOops enabled, and the Java Heap may be blocking the growth of the native heap
# Possible solutions:
#   Reduce memory load on the system
#   Increase physical memory or swap space
#   Check if swap backing store is full
#   Decrease Java heap size (-Xmx/-Xms)
#   Decrease number of Java threads
#   Decrease Java thread stack sizes (-Xss)
#   Set larger code cache with -XX:ReservedCodeCacheSize=
#   JVM is running with Unscaled Compressed Oops mode in which the Java heap is
#     placed in the first 4GB address space. The Java Heap base address is the
#     maximum limit for the native heap growth. Please use -XX:HeapBaseMinAddress
#     to set the Java Heap base and to place the Java Heap above 4GB virtual address.
# This output file may be truncated or incomplete.
#
#  Out of Memory Error (./open/src/hotspot/share/memory/arena.cpp:195), pid=5300, tid=7312
#
# JRE version: Java(TM) SE Runtime Environment (15.0.1+9) (build 15.0.1+9-18)
# Java VM: Java HotSpot(TM) 64-Bit Server VM (15.0.1+9-18, mixed mode, sharing, tiered, compressed oops, g1 gc, windows-amd64)
# No core dump will be written. Minidumps are not enabled by default on client versions of Windows
#

---------------  S U M M A R Y ------------

Command Line: --add-opens=java.base/java.util=ALL-UNNAMED --add-opens=java.base/java.lang=ALL-UNNAMED --add-opens=java.base/java.lang.invoke=ALL-UNNAMED --add-opens=java.prefs/java.util.prefs=ALL-UNNAMED -Xmx2048m -Dfile.encoding=UTF-8 -Duser.country=US -Duser.language=en -Duser.variant org.gradle.launcher.daemon.bootstrap.GradleDaemon 6.5

Host: AMD A4-4300M APU with Radeon(tm) HD Graphics   , 2 cores, 7G,  Windows 10 , 64 bit Build 19041 (10.0.19041.1023)
Time: Tue Jun 22 19:03:19 2021 Egypt Standard Time elapsed time: 106.766492 seconds (0d 0h 1m 46s)

---------------  T H R E A D  ---------------

Current thread (0x000001f5c7765f10):  JavaThread "C2 CompilerThread0" daemon [_thread_in_native, id=7312, stack(0x000000a7b8400000,0x000000a7b8500000)]


Current CompileTask:
C2: 106785 10044       4       jdk.internal.loader.URLClassPath$JarLoader$2::getCodeSigners (8 bytes)

Stack: [0x000000a7b8400000,0x000000a7b8500000]
Native frames: (J=compiled Java code, j=interpreted, Vv=VM code, C=native code)
V  [jvm.dll+0x62ae9a]
V  [jvm.dll+0x781389]
V  [jvm.dll+0x782ae3]
V  [jvm.dll+0x783143]
V  [jvm.dll+0x216265]
V  [jvm.dll+0x97efa]
V  [jvm.dll+0x985dc]
V  [jvm.dll+0x32e525]
V  [jvm.dll+0x18e0ea]
V  [jvm.dll+0x1ea762]
V  [jvm.dll+0x1e98ae]
V  [jvm.dll+0x1784c7]
V  [jvm.dll+0x1f9165]
V  [jvm.dll+0x1f720c]
V  [jvm.dll+0x74485d]
V  [jvm.dll+0x73d65a]
V  [jvm.dll+0x629c56]
C  [ucrtbase.dll+0x21bb2]
C  [KERNEL32.DLL+0x17034]
C  [ntdll.dll+0x52651]


---------------  P R O C E S S  ---------------

Threads class SMR info:
_java_thread_list=0x000001f5cc3fcf40, length=39, elements={
0x000001f5a996f8a0, 0x000001f5a9a4e300, 0x000001f5c7743ff0, 0x000001f5c77609d0,
0x000001f5c77647b0, 0x000001f5c7765170, 0x000001f5c7765f10, 0x000001f5c77669c0,
0x000001f5c7783090, 0x000001f5c81be580, 0x000001f5c81cb860, 0x000001f5c90fc540,
0x000001f5c915fde0, 0x000001f5c859e510, 0x000001f5c8cb5190, 0x000001f5c85a0e10,
0x000001f5c82ab030, 0x000001f5c82ab8d0, 0x000001f5c8660ae0, 0x000001f5c8b7f870,
0x000001f5c8b7f3a0, 0x000001f5c8b7fd40, 0x000001f5c8b806e0, 0x000001f5c8b7e060,
0x000001f5c8b7ea00, 0x000001f5ca42bd20, 0x000001f5ca42aeb0, 0x000001f5ca4313c0,
0x000001f5ca430550, 0x000001f5ca432230, 0x000001f5ca42fbb0, 0x000001f5caa5e4b0,
0x000001f5caa5e980, 0x000001f5cbf1ec00, 0x000001f5cbf1ff40, 0x000001f5cbf19090,
0x000001f5cbf1ca50, 0x000001f5cbf1c0b0, 0x000001f5cbf19a30
}

Java Threads: ( => current thread )
  0x000001f5a996f8a0 JavaThread "main" [_thread_blocked, id=10064, stack(0x000000a7b7800000,0x000000a7b7900000)]
  0x000001f5a9a4e300 JavaThread "Reference Handler" daemon [_thread_blocked, id=6336, stack(0x000000a7b7f00000,0x000000a7b8000000)]
  0x000001f5c7743ff0 JavaThread "Finalizer" daemon [_thread_blocked, id=8076, stack(0x000000a7b8000000,0x000000a7b8100000)]
  0x000001f5c77609d0 JavaThread "Signal Dispatcher" daemon [_thread_blocked, id=10236, stack(0x000000a7b8100000,0x000000a7b8200000)]
  0x000001f5c77647b0 JavaThread "Attach Listener" daemon [_thread_blocked, id=8644, stack(0x000000a7b8200000,0x000000a7b8300000)]
  0x000001f5c7765170 JavaThread "Service Thread" daemon [_thread_blocked, id=8244, stack(0x000000a7b8300000,0x000000a7b8400000)]
=>0x000001f5c7765f10 JavaThread "C2 CompilerThread0" daemon [_thread_in_native, id=7312, stack(0x000000a7b8400000,0x000000a7b8500000)]
  0x000001f5c77669c0 JavaThread "C1 CompilerThread0" daemon [_thread_blocked, id=2948, stack(0x000000a7b8500000,0x000000a7b8600000)]
  0x000001f5c7783090 JavaThread "Sweeper thread" daemon [_thread_blocked, id=2708, stack(0x000000a7b8600000,0x000000a7b8700000)]
  0x000001f5c81be580 JavaThread "Common-Cleaner" daemon [_thread_blocked, id=484, stack(0x000000a7b8700000,0x000000a7b8800000)]
  0x000001f5c81cb860 JavaThread "Notification Thread" daemon [_thread_blocked, id=7656, stack(0x000000a7b8800000,0x000000a7b8900000)]
  0x000001f5c90fc540 JavaThread "Daemon health stats" [_thread_blocked, id=184, stack(0x000000a7b8b00000,0x000000a7b8c00000)]
  0x000001f5c915fde0 JavaThread "Incoming local TCP Connector on port 57783" [_thread_in_native, id=9984, stack(0x000000a7b8e00000,0x000000a7b8f00000)]
  0x000001f5c859e510 JavaThread "Daemon periodic checks" [_thread_blocked, id=4024, stack(0x000000a7b8f00000,0x000000a7b9000000)]
  0x000001f5c8cb5190 JavaThread "Daemon" [_thread_blocked, id=9544, stack(0x000000a7b9000000,0x000000a7b9100000)]
  0x000001f5c85a0e10 JavaThread "Handler for socket connection from /127.0.0.1:57783 to /127.0.0.1:57792" [_thread_in_native, id=9044, stack(0x000000a7b9100000,0x000000a7b9200000)]
  0x000001f5c82ab030 JavaThread "Cancel handler" [_thread_blocked, id=1000, stack(0x000000a7b9200000,0x000000a7b9300000)]
  0x000001f5c82ab8d0 JavaThread "Daemon worker" [_thread_blocked, id=220, stack(0x000000a7b9300000,0x000000a7b9400000)]
  0x000001f5c8660ae0 JavaThread "Asynchronous log dispatcher for DefaultDaemonConnection: socket connection from /127.0.0.1:57783 to /127.0.0.1:57792" [_thread_blocked, id=11256, stack(0x000000a7b9400000,0x000000a7b9500000)]
  0x000001f5c8b7f870 JavaThread "Thread-8" [_thread_blocked, id=4552, stack(0x000000a7b9600000,0x000000a7b9700000)]
  0x000001f5c8b7f3a0 JavaThread "Cache worker for journal cache (C:\Users\Abdulla\.gradle\caches\journal-1)" [_thread_blocked, id=7676, stack(0x000000a7b9700000,0x000000a7b9800000)]
  0x000001f5c8b7fd40 JavaThread "File lock request listener" [_thread_in_native, id=5584, stack(0x000000a7b9800000,0x000000a7b9900000)]
  0x000001f5c8b806e0 JavaThread "Cache worker for file hash cache (C:\Users\Abdulla\.gradle\caches\6.5\fileHashes)" [_thread_blocked, id=6568, stack(0x000000a7b9900000,0x000000a7b9a00000)]
  0x000001f5c8b7e060 JavaThread "Cache worker for file hash cache (E:\newProjects\KotlinNoteApp\.gradle\6.5\fileHashes)" [_thread_blocked, id=11216, stack(0x000000a7b9a00000,0x000000a7b9b00000)]
  0x000001f5c8b7ea00 JavaThread "Cache worker for checksums cache (E:\newProjects\KotlinNoteApp\.gradle\checksums)" [_thread_blocked, id=4456, stack(0x000000a7b9b00000,0x000000a7b9c00000)]
  0x000001f5ca42bd20 JavaThread "Cache worker for cache directory md-supplier (C:\Users\Abdulla\.gradle\caches\6.5\md-supplier)" [_thread_blocked, id=9104, stack(0x000000a7b9c00000,0x000000a7b9d00000)]
  0x000001f5ca42aeb0 JavaThread "Cache worker for cache directory md-rule (C:\Users\Abdulla\.gradle\caches\6.5\md-rule)" [_thread_blocked, id=8936, stack(0x000000a7b9d00000,0x000000a7b9e00000)]
  0x000001f5ca4313c0 JavaThread "Cache worker for execution history cache (C:\Users\Abdulla\.gradle\caches\6.5\executionHistory)" [_thread_blocked, id=8340, stack(0x000000a7b9e00000,0x000000a7b9f00000)]
  0x000001f5ca430550 JavaThread "Cache worker for file content cache (C:\Users\Abdulla\.gradle\caches\6.5\fileContent)" [_thread_blocked, id=1896, stack(0x000000a7ba000000,0x000000a7ba100000)]
  0x000001f5ca432230 JavaThread "Build operations" [_thread_blocked, id=9228, stack(0x000000a7ba200000,0x000000a7ba300000)]
  0x000001f5ca42fbb0 JavaThread "Build operations Thread 2" [_thread_blocked, id=5284, stack(0x000000a7ba300000,0x000000a7ba400000)]
  0x000001f5caa5e4b0 JavaThread "jar transforms Thread 114" [_thread_blocked, id=11160, stack(0x000000a7c1400000,0x000000a7c1500000)]
  0x000001f5caa5e980 JavaThread "Cache worker for Build Output Cleanup Cache (E:\newProjects\KotlinNoteApp\.gradle\buildOutputCleanup)" [_thread_blocked, id=5248, stack(0x000000a7c1500000,0x000000a7c1600000)]
  0x000001f5cbf1ec00 JavaThread "Memory manager" [_thread_blocked, id=10132, stack(0x000000a7b7600000,0x000000a7b7700000)]
  0x000001f5cbf1ff40 JavaThread "Cache worker for file content cache (E:\newProjects\KotlinNoteApp\.gradle\6.5\fileContent)" [_thread_blocked, id=1176, stack(0x000000a7b7700000,0x000000a7b7800000)]
  0x000001f5cbf19090 JavaThread "Execution worker for ':'" [_thread_blocked, id=9788, stack(0x000000a7b9500000,0x000000a7b9600000)]
  0x000001f5cbf1ca50 JavaThread "Cache worker for execution history cache (E:\newProjects\KotlinNoteApp\.gradle\6.5\executionHistory)" [_thread_blocked, id=5076, stack(0x000000a7c1600000,0x000000a7c1700000)]
  0x000001f5cbf1c0b0 JavaThread "WorkerExecutor Queue" [_thread_blocked, id=9316, stack(0x000000a7c1700000,0x000000a7c1800000)]
  0x000001f5cbf19a30 JavaThread "WorkerExecutor Queue Thread 2" [_thread_blocked, id=2556, stack(0x000000a7c1800000,0x000000a7c1900000)]

Other Threads:
  0x000001f5a9a4dc80 VMThread "VM Thread" [stack: 0x000000a7b7e00000,0x000000a7b7f00000] [id=7800]
  0x000001f5c81cc1f0 WatcherThread [stack: 0x000000a7b8900000,0x000000a7b8a00000] [id=10820]
  0x000001f5a99ad790 GCTaskThread "GC Thread#0" [stack: 0x000000a7b7900000,0x000000a7b7a00000] [id=9656]
  0x000001f5c81bd8c0 GCTaskThread "GC Thread#1" [stack: 0x000000a7b8a00000,0x000000a7b8b00000] [id=4820]
  0x000001f5a99c0910 ConcurrentGCThread "G1 Main Marker" [stack: 0x000000a7b7a00000,0x000000a7b7b00000] [id=10752]
  0x000001f5a99c1bb0 ConcurrentGCThread "G1 Conc#0" [stack: 0x000000a7b7b00000,0x000000a7b7c00000] [id=8816]
  0x000001f5a9a1eec0 ConcurrentGCThread "G1 Refine#0" [stack: 0x000000a7b7c00000,0x000000a7b7d00000] [id=3508]
  0x000001f5cbead790 ConcurrentGCThread "G1 Refine#1" [stack: 0x000000a7ba100000,0x000000a7ba200000] [id=9944]
  0x000001f5a9a20880 ConcurrentGCThread "G1 Young RemSet Sampling" [stack: 0x000000a7b7d00000,0x000000a7b7e00000] [id=5904]

Threads with active compile tasks:
C2 CompilerThread0   107017 10044       4       jdk.internal.loader.URLClassPath$JarLoader$2::getCodeSigners (8 bytes)

VM state: at safepoint (normal execution)

VM Mutex/Monitor currently owned by a thread:  ([mutex/lock_event])
[0x000001f5a996aa70] Threads_lock - owner thread: 0x000001f5a9a4dc80
[0x000001f5a996bf40] Heap_lock - owner thread: 0x000001f5ca42fbb0

Heap address: 0x0000000080000000, size: 2048 MB, Compressed Oops mode: 32-bit
CDS archive(s) mapped at: [0x0000000800000000-0x0000000800b50000-0x0000000800b50000), size 11862016, SharedBaseAddress: 0x0000000800000000, ArchiveRelocationMode: 0.
Compressed class space mapped at: 0x0000000800b50000-0x0000000840b50000, size: 1073741824
Narrow klass base: 0x0000000800000000, Narrow klass shift: 3, Narrow klass range: 0x100000000

GC Precious Log:
 CPUs: 2 total, 2 available
 Memory: 7369M
 Large Page Support: Disabled
 NUMA Support: Disabled
 Compressed Oops: Enabled (32-bit)
 Heap Region Size: 1M
 Heap Min Capacity: 8M
 Heap Initial Capacity: 116M
 Heap Max Capacity: 2G
 Pre-touch: Disabled
 Parallel Workers: 2
 Concurrent Workers: 1
 Concurrent Refinement Workers: 2
 Periodic GC: Disabled

Heap:
 garbage-first heap   total 148480K, used 86971K [0x0000000080000000, 0x0000000100000000)
  region size 1024K, 1 young (1024K), 1 survivors (1024K)
 Metaspace       used 79017K, capacity 80051K, committed 80128K, reserved 1120256K
  class space    used 10395K, capacity 10725K, committed 10752K, reserved 1048576K

Heap Regions: E=young(eden), S=young(survivor), O=old, HS=humongous(starts), HC=humongous(continues), CS=collection set, F=free, OA=open archive, CA=closed archive, TAMS=top-at-mark-start (previous, next)
|   0|0x0000000080000000, 0x0000000080100000, 0x0000000080100000|100%| O|  |TAMS 0x0000000080100000, 0x0000000080100000| Untracked 
|   1|0x0000000080100000, 0x0000000080200000, 0x0000000080200000|100%| O|  |TAMS 0x0000000080200000, 0x0000000080200000| Untracked 
|   2|0x0000000080200000, 0x0000000080300000, 0x0000000080300000|100%| O|  |TAMS 0x0000000080300000, 0x0000000080300000| Untracked 
|   3|0x0000000080300000, 0x0000000080400000, 0x0000000080400000|100%| O|  |TAMS 0x0000000080400000, 0x0000000080400000| Untracked 
|   4|0x0000000080400000, 0x0000000080500000, 0x0000000080500000|100%|HS|  |TAMS 0x0000000080500000, 0x0000000080500000| Complete 
|   5|0x0000000080500000, 0x0000000080600000, 0x0000000080600000|100%|HC|  |TAMS 0x0000000080600000, 0x0000000080600000| Complete 
|   6|0x0000000080600000, 0x0000000080700000, 0x0000000080700000|100%|HC|  |TAMS 0x0000000080700000, 0x0000000080700000| Complete 
|   7|0x0000000080700000, 0x0000000080800000, 0x0000000080800000|100%| O|  |TAMS 0x0000000080800000, 0x0000000080800000| Untracked 
|   8|0x0000000080800000, 0x0000000080900000, 0x0000000080900000|100%| O|  |TAMS 0x0000000080900000, 0x0000000080900000| Untracked 
|   9|0x0000000080900000, 0x0000000080a00000, 0x0000000080a00000|100%| O|  |TAMS 0x0000000080a00000, 0x0000000080a00000| Untracked 
|  10|0x0000000080a00000, 0x0000000080b00000, 0x0000000080b00000|100%| O|  |TAMS 0x0000000080b00000, 0x0000000080b00000| Untracked 
|  11|0x0000000080b00000, 0x0000000080c00000, 0x0000000080c00000|100%| O|  |TAMS 0x0000000080c00000, 0x0000000080c00000| Untracked 
|  12|0x0000000080c00000, 0x0000000080d00000, 0x0000000080d00000|100%| O|  |TAMS 0x0000000080d00000, 0x0000000080d00000| Untracked 
|  13|0x0000000080d00000, 0x0000000080e00000, 0x0000000080e00000|100%| O|  |TAMS 0x0000000080e00000, 0x0000000080e00000| Untracked 
|  14|0x0000000080e00000, 0x0000000080f00000, 0x0000000080f00000|100%| O|  |TAMS 0x0000000080f00000, 0x0000000080f00000| Untracked 
|  15|0x0000000080f00000, 0x0000000081000000, 0x0000000081000000|100%| O|  |TAMS 0x0000000081000000, 0x0000000081000000| Untracked 
|  16|0x0000000081000000, 0x0000000081011c00, 0x0000000081100000|  6%| O|  |TAMS 0x0000000081011c00, 0x0000000081011c00| Untracked 
|  17|0x0000000081100000, 0x0000000081200000, 0x0000000081200000|100%| O|  |TAMS 0x0000000081200000, 0x0000000081200000| Untracked 
|  18|0x0000000081200000, 0x0000000081300000, 0x0000000081300000|100%| O|  |TAMS 0x0000000081300000, 0x0000000081300000| Untracked 
|  19|0x0000000081300000, 0x0000000081400000, 0x0000000081400000|100%| O|  |TAMS 0x0000000081400000, 0x0000000081400000| Untracked 
|  20|0x0000000081400000, 0x0000000081500000, 0x0000000081500000|100%| O|  |TAMS 0x0000000081500000, 0x0000000081500000| Untracked 
|  21|0x0000000081500000, 0x0000000081600000, 0x0000000081600000|100%| O|  |TAMS 0x0000000081600000, 0x0000000081600000| Untracked 
|  22|0x0000000081600000, 0x0000000081700000, 0x0000000081700000|100%| O|  |TAMS 0x0000000081700000, 0x0000000081700000| Untracked 
|  23|0x0000000081700000, 0x0000000081800000, 0x0000000081800000|100%|HS|  |TAMS 0x0000000081800000, 0x0000000081800000| Complete 
|  24|0x0000000081800000, 0x0000000081900000, 0x0000000081900000|100%|HS|  |TAMS 0x0000000081900000, 0x0000000081900000| Complete 
|  25|0x0000000081900000, 0x0000000081a00000, 0x0000000081a00000|100%|HC|  |TAMS 0x0000000081a00000, 0x0000000081a00000| Complete 
|  26|0x0000000081a00000, 0x0000000081b00000, 0x0000000081b00000|100%| O|  |TAMS 0x0000000081b00000, 0x0000000081b00000| Untracked 
|  27|0x0000000081b00000, 0x0000000081c00000, 0x0000000081c00000|100%| O|  |TAMS 0x0000000081c00000, 0x0000000081c00000| Untracked 
|  28|0x0000000081c00000, 0x0000000081d00000, 0x0000000081d00000|100%|HS|  |TAMS 0x0000000081d00000, 0x0000000081d00000| Complete 
|  29|0x0000000081d00000, 0x0000000081e00000, 0x0000000081e00000|100%|HC|  |TAMS 0x0000000081e00000, 0x0000000081e00000| Complete 
|  30|0x0000000081e00000, 0x0000000081f00000, 0x0000000081f00000|100%|HC|  |TAMS 0x0000000081f00000, 0x0000000081f00000| Complete 
|  31|0x0000000081f00000, 0x0000000082000000, 0x0000000082000000|100%| O|  |TAMS 0x0000000082000000, 0x0000000082000000| Untracked 
|  32|0x0000000082000000, 0x0000000082100000, 0x0000000082100000|100%| O|  |TAMS 0x0000000082100000, 0x0000000082100000| Untracked 
|  33|0x0000000082100000, 0x0000000082200000, 0x0000000082200000|100%| O|  |TAMS 0x0000000082200000, 0x0000000082200000| Untracked 
|  34|0x0000000082200000, 0x0000000082300000, 0x0000000082300000|100%| O|  |TAMS 0x0000000082300000, 0x0000000082300000| Untracked 
|  35|0x0000000082300000, 0x0000000082400000, 0x0000000082400000|100%| O|  |TAMS 0x0000000082400000, 0x0000000082400000| Untracked 
|  36|0x0000000082400000, 0x0000000082500000, 0x0000000082500000|100%| O|  |TAMS 0x0000000082500000, 0x0000000082500000| Untracked 
|  37|0x0000000082500000, 0x0000000082600000, 0x0000000082600000|100%| O|  |TAMS 0x0000000082600000, 0x0000000082600000| Untracked 
|  38|0x0000000082600000, 0x0000000082700000, 0x0000000082700000|100%| O|  |TAMS 0x0000000082700000, 0x0000000082700000| Untracked 
|  39|0x0000000082700000, 0x0000000082800000, 0x0000000082800000|100%| O|  |TAMS 0x0000000082800000, 0x0000000082800000| Untracked 
|  40|0x0000000082800000, 0x0000000082900000, 0x0000000082900000|100%| O|  |TAMS 0x0000000082900000, 0x0000000082900000| Untracked 
|  41|0x0000000082900000, 0x0000000082a00000, 0x0000000082a00000|100%| O|  |TAMS 0x0000000082a00000, 0x0000000082a00000| Untracked 
|  42|0x0000000082a00000, 0x0000000082b00000, 0x0000000082b00000|100%| O|  |TAMS 0x0000000082b00000, 0x0000000082b00000| Untracked 
|  43|0x0000000082b00000, 0x0000000082c00000, 0x0000000082c00000|100%| O|  |TAMS 0x0000000082c00000, 0x0000000082c00000| Untracked 
|  44|0x0000000082c00000, 0x0000000082d00000, 0x0000000082d00000|100%| O|  |TAMS 0x0000000082d00000, 0x0000000082d00000| Untracked 
|  45|0x0000000082d00000, 0x0000000082e00000, 0x0000000082e00000|100%| O|  |TAMS 0x0000000082e00000, 0x0000000082e00000| Untracked 
|  46|0x0000000082e00000, 0x0000000082f00000, 0x0000000082f00000|100%| O|  |TAMS 0x0000000082f00000, 0x0000000082f00000| Untracked 
|  47|0x0000000082f00000, 0x0000000083000000, 0x0000000083000000|100%| O|  |TAMS 0x0000000083000000, 0x0000000083000000| Untracked 
|  48|0x0000000083000000, 0x0000000083100000, 0x0000000083100000|100%| O|  |TAMS 0x0000000083100000, 0x0000000083100000| Untracked 
|  49|0x0000000083100000, 0x0000000083200000, 0x0000000083200000|100%| O|  |TAMS 0x0000000083200000, 0x0000000083200000| Untracked 
|  50|0x0000000083200000, 0x0000000083300000, 0x0000000083300000|100%| O|  |TAMS 0x0000000083300000, 0x0000000083300000| Untracked 
|  51|0x0000000083300000, 0x0000000083400000, 0x0000000083400000|100%| O|  |TAMS 0x0000000083400000, 0x0000000083400000| Untracked 
|  52|0x0000000083400000, 0x0000000083500000, 0x0000000083500000|100%| O|  |TAMS 0x0000000083500000, 0x0000000083500000| Untracked 
|  53|0x0000000083500000, 0x0000000083600000, 0x0000000083600000|100%| O|  |TAMS 0x0000000083600000, 0x0000000083600000| Untracked 
|  54|0x0000000083600000, 0x0000000083700000, 0x0000000083700000|100%| O|  |TAMS 0x0000000083700000, 0x0000000083700000| Untracked 
|  55|0x0000000083700000, 0x0000000083800000, 0x0000000083800000|100%| O|  |TAMS 0x0000000083800000, 0x0000000083800000| Untracked 
|  56|0x0000000083800000, 0x0000000083900000, 0x0000000083900000|100%| O|  |TAMS 0x0000000083900000, 0x0000000083900000| Untracked 
|  57|0x0000000083900000, 0x0000000083a00000, 0x0000000083a00000|100%| O|  |TAMS 0x0000000083a00000, 0x0000000083a00000| Untracked 
|  58|0x0000000083a00000, 0x0000000083b00000, 0x0000000083b00000|100%| O|  |TAMS 0x0000000083b00000, 0x0000000083b00000| Untracked 
|  59|0x0000000083b00000, 0x0000000083c00000, 0x0000000083c00000|100%| O|  |TAMS 0x0000000083c00000, 0x0000000083c00000| Untracked 
|  60|0x0000000083c00000, 0x0000000083d00000, 0x0000000083d00000|100%| O|  |TAMS 0x0000000083d00000, 0x0000000083d00000| Untracked 
|  61|0x0000000083d00000, 0x0000000083e00000, 0x0000000083e00000|100%| O|  |TAMS 0x0000000083e00000, 0x0000000083e00000| Untracked 
|  62|0x0000000083e00000, 0x0000000083f00000, 0x0000000083f00000|100%| O|  |TAMS 0x0000000083f00000, 0x0000000083f00000| Untracked 
|  63|0x0000000083f00000, 0x0000000084000000, 0x0000000084000000|100%| O|  |TAMS 0x0000000084000000, 0x0000000084000000| Untracked 
|  64|0x0000000084000000, 0x0000000084100000, 0x0000000084100000|100%| O|  |TAMS 0x0000000084100000, 0x0000000084100000| Untracked 
|  65|0x0000000084100000, 0x0000000084200000, 0x0000000084200000|100%| O|  |TAMS 0x0000000084200000, 0x0000000084200000| Untracked 
|  66|0x0000000084200000, 0x0000000084300000, 0x0000000084300000|100%| O|  |TAMS 0x0000000084300000, 0x0000000084300000| Untracked 
|  67|0x0000000084300000, 0x0000000084400000, 0x0000000084400000|100%| O|  |TAMS 0x0000000084400000, 0x0000000084400000| Untracked 
|  68|0x0000000084400000, 0x0000000084500000, 0x0000000084500000|100%| O|  |TAMS 0x0000000084500000, 0x0000000084500000| Untracked 
|  69|0x0000000084500000, 0x0000000084600000, 0x0000000084600000|100%| O|  |TAMS 0x0000000084600000, 0x0000000084600000| Untracked 
|  70|0x0000000084600000, 0x0000000084700000, 0x0000000084700000|100%| O|  |TAMS 0x0000000084700000, 0x0000000084700000| Untracked 
|  71|0x0000000084700000, 0x0000000084800000, 0x0000000084800000|100%| O|  |TAMS 0x0000000084800000, 0x0000000084800000| Untracked 
|  72|0x0000000084800000, 0x0000000084900000, 0x0000000084900000|100%| O|  |TAMS 0x0000000084900000, 0x0000000084900000| Untracked 
|  73|0x0000000084900000, 0x0000000084a00000, 0x0000000084a00000|100%| O|  |TAMS 0x0000000084a00000, 0x0000000084a00000| Untracked 
|  74|0x0000000084a00000, 0x0000000084b00000, 0x0000000084b00000|100%|HS|  |TAMS 0x0000000084b00000, 0x0000000084b00000| Complete 
|  75|0x0000000084b00000, 0x0000000084c00000, 0x0000000084c00000|100%|HC|  |TAMS 0x0000000084c00000, 0x0000000084c00000| Complete 
|  76|0x0000000084c00000, 0x0000000084d00000, 0x0000000084d00000|100%| O|  |TAMS 0x0000000084c00000, 0x0000000084d00000| Untracked 
|  77|0x0000000084d00000, 0x0000000084e00000, 0x0000000084e00000|100%| O|  |TAMS 0x0000000084d00000, 0x0000000084e00000| Untracked 
|  78|0x0000000084e00000, 0x0000000084f00000, 0x0000000084f00000|100%| O|  |TAMS 0x0000000084e40a00, 0x0000000084f00000| Untracked 
|  79|0x0000000084f00000, 0x0000000085000000, 0x0000000085000000|100%| O|  |TAMS 0x0000000084f00000, 0x0000000084fd4400| Untracked 
|  80|0x0000000085000000, 0x0000000085100000, 0x0000000085100000|100%| O|  |TAMS 0x0000000085000000, 0x0000000085000000| Untracked 
|  81|0x0000000085100000, 0x0000000085200000, 0x0000000085200000|100%| O|  |TAMS 0x0000000085100000, 0x0000000085100000| Untracked 
|  82|0x0000000085200000, 0x0000000085300000, 0x0000000085300000|100%| O|  |TAMS 0x0000000085200000, 0x0000000085200000| Untracked 
|  83|0x0000000085300000, 0x0000000085400000, 0x0000000085400000|100%| O|  |TAMS 0x0000000085300000, 0x0000000085300000| Untracked 
|  84|0x0000000085400000, 0x0000000085500000, 0x0000000085500000|100%| O|  |TAMS 0x0000000085400000, 0x0000000085400000| Untracked 
|  85|0x0000000085500000, 0x0000000085500000, 0x0000000085600000|  0%| F|  |TAMS 0x0000000085500000, 0x0000000085500000| Untracked 
|  86|0x0000000085600000, 0x0000000085600000, 0x0000000085700000|  0%| F|  |TAMS 0x0000000085600000, 0x0000000085600000| Untracked 
|  87|0x0000000085700000, 0x0000000085700000, 0x0000000085800000|  0%| F|  |TAMS 0x0000000085700000, 0x0000000085700000| Untracked 
|  88|0x0000000085800000, 0x0000000085800000, 0x0000000085900000|  0%| F|  |TAMS 0x0000000085800000, 0x0000000085800000| Untracked 
|  89|0x0000000085900000, 0x0000000085900000, 0x0000000085a00000|  0%| F|  |TAMS 0x0000000085900000, 0x0000000085900000| Untracked 
|  90|0x0000000085a00000, 0x0000000085a00000, 0x0000000085b00000|  0%| F|  |TAMS 0x0000000085a00000, 0x0000000085a00000| Untracked 
|  91|0x0000000085b00000, 0x0000000085b00000, 0x0000000085c00000|  0%| F|  |TAMS 0x0000000085b00000, 0x0000000085b00000| Untracked 
|  92|0x0000000085c00000, 0x0000000085c00000, 0x0000000085d00000|  0%| F|  |TAMS 0x0000000085c00000, 0x0000000085c00000| Untracked 
|  93|0x0000000085d00000, 0x0000000085d00000, 0x0000000085e00000|  0%| F|  |TAMS 0x0000000085d00000, 0x0000000085d00000| Untracked 
|  94|0x0000000085e00000, 0x0000000085e00000, 0x0000000085f00000|  0%| F|  |TAMS 0x0000000085e00000, 0x0000000085e00000| Untracked 
|  95|0x0000000085f00000, 0x0000000085f00000, 0x0000000086000000|  0%| F|  |TAMS 0x0000000085f00000, 0x0000000085f00000| Untracked 
|  96|0x0000000086000000, 0x0000000086000000, 0x0000000086100000|  0%| F|  |TAMS 0x0000000086000000, 0x0000000086000000| Untracked 
|  97|0x0000000086100000, 0x0000000086100000, 0x0000000086200000|  0%| F|  |TAMS 0x0000000086100000, 0x0000000086100000| Untracked 
|  98|0x0000000086200000, 0x0000000086200000, 0x0000000086300000|  0%| F|  |TAMS 0x0000000086200000, 0x0000000086200000| Untracked 
|  99|0x0000000086300000, 0x0000000086300000, 0x0000000086400000|  0%| F|  |TAMS 0x0000000086300000, 0x0000000086300000| Untracked 
| 100|0x0000000086400000, 0x0000000086400000, 0x0000000086500000|  0%| F|  |TAMS 0x0000000086400000, 0x0000000086400000| Untracked 
| 101|0x0000000086500000, 0x0000000086500000, 0x0000000086600000|  0%| F|  |TAMS 0x0000000086500000, 0x0000000086500000| Untracked 
| 102|0x0000000086600000, 0x0000000086600000, 0x0000000086700000|  0%| F|  |TAMS 0x0000000086600000, 0x0000000086600000| Untracked 
| 103|0x0000000086700000, 0x0000000086700000, 0x0000000086800000|  0%| F|  |TAMS 0x0000000086700000, 0x0000000086700000| Untracked 
| 104|0x0000000086800000, 0x0000000086800000, 0x0000000086900000|  0%| F|  |TAMS 0x0000000086800000, 0x0000000086800000| Untracked 
| 105|0x0000000086900000, 0x0000000086900000, 0x0000000086a00000|  0%| F|  |TAMS 0x0000000086900000, 0x0000000086900000| Untracked 
| 106|0x0000000086a00000, 0x0000000086a00000, 0x0000000086b00000|  0%| F|  |TAMS 0x0000000086a00000, 0x0000000086a00000| Untracked 
| 107|0x0000000086b00000, 0x0000000086b00000, 0x0000000086c00000|  0%| F|  |TAMS 0x0000000086b00000, 0x0000000086b00000| Untracked 
| 108|0x0000000086c00000, 0x0000000086c00000, 0x0000000086d00000|  0%| F|  |TAMS 0x0000000086c00000, 0x0000000086c00000| Untracked 
| 109|0x0000000086d00000, 0x0000000086d00000, 0x0000000086e00000|  0%| F|  |TAMS 0x0000000086d00000, 0x0000000086d00000| Untracked 
| 110|0x0000000086e00000, 0x0000000086e00000, 0x0000000086f00000|  0%| F|  |TAMS 0x0000000086e00000, 0x0000000086e00000| Untracked 
| 111|0x0000000086f00000, 0x0000000086f00000, 0x0000000087000000|  0%| F|  |TAMS 0x0000000086f00000, 0x0000000086f00000| Untracked 
| 112|0x0000000087000000, 0x0000000087000000, 0x0000000087100000|  0%| F|  |TAMS 0x0000000087000000, 0x0000000087000000| Untracked 
| 113|0x0000000087100000, 0x0000000087100000, 0x0000000087200000|  0%| F|  |TAMS 0x0000000087100000, 0x0000000087100000| Untracked 
| 114|0x0000000087200000, 0x0000000087200000, 0x0000000087300000|  0%| F|  |TAMS 0x0000000087200000, 0x0000000087200000| Untracked 
| 115|0x0000000087300000, 0x0000000087300000, 0x0000000087400000|  0%| F|  |TAMS 0x0000000087300000, 0x0000000087300000| Untracked 
| 116|0x0000000087400000, 0x0000000087400000, 0x0000000087500000|  0%| F|  |TAMS 0x0000000087400000, 0x0000000087400000| Untracked 
| 117|0x0000000087500000, 0x0000000087500000, 0x0000000087600000|  0%| F|  |TAMS 0x0000000087500000, 0x0000000087500000| Untracked 
| 118|0x0000000087600000, 0x0000000087600000, 0x0000000087700000|  0%| F|  |TAMS 0x0000000087600000, 0x0000000087600000| Untracked 
| 119|0x0000000087700000, 0x0000000087700000, 0x0000000087800000|  0%| F|  |TAMS 0x0000000087700000, 0x0000000087700000| Untracked 
| 120|0x0000000087800000, 0x0000000087800000, 0x0000000087900000|  0%| F|  |TAMS 0x0000000087800000, 0x0000000087800000| Untracked 
| 121|0x0000000087900000, 0x0000000087900000, 0x0000000087a00000|  0%| F|  |TAMS 0x0000000087900000, 0x0000000087900000| Untracked 
| 122|0x0000000087a00000, 0x0000000087a00000, 0x0000000087b00000|  0%| F|  |TAMS 0x0000000087a00000, 0x0000000087a00000| Untracked 
| 123|0x0000000087b00000, 0x0000000087b00000, 0x0000000087c00000|  0%| F|  |TAMS 0x0000000087b00000, 0x0000000087b00000| Untracked 
| 124|0x0000000087c00000, 0x0000000087c00000, 0x0000000087d00000|  0%| F|  |TAMS 0x0000000087c00000, 0x0000000087c00000| Untracked 
| 125|0x0000000087d00000, 0x0000000087d00000, 0x0000000087e00000|  0%| F|  |TAMS 0x0000000087d00000, 0x0000000087d00000| Untracked 
| 126|0x0000000087e00000, 0x0000000087e00000, 0x0000000087f00000|  0%| F|  |TAMS 0x0000000087e00000, 0x0000000087e00000| Untracked 
| 127|0x0000000087f00000, 0x0000000087f00000, 0x0000000088000000|  0%| F|  |TAMS 0x0000000087f00000, 0x0000000087f00000| Untracked 
| 128|0x0000000088000000, 0x0000000088000000, 0x0000000088100000|  0%| F|  |TAMS 0x0000000088000000, 0x0000000088000000| Untracked 
| 129|0x0000000088100000, 0x0000000088100000, 0x0000000088200000|  0%| F|  |TAMS 0x0000000088100000, 0x0000000088100000| Untracked 
| 130|0x0000000088200000, 0x0000000088200000, 0x0000000088300000|  0%| F|  |TAMS 0x0000000088200000, 0x0000000088200000| Untracked 
| 131|0x0000000088300000, 0x0000000088300000, 0x0000000088400000|  0%| F|  |TAMS 0x0000000088300000, 0x0000000088300000| Untracked 
| 132|0x0000000088400000, 0x0000000088400000, 0x0000000088500000|  0%| F|  |TAMS 0x0000000088400000, 0x0000000088400000| Untracked 
| 133|0x0000000088500000, 0x0000000088500000, 0x0000000088600000|  0%| F|  |TAMS 0x0000000088500000, 0x0000000088500000| Untracked 
| 134|0x0000000088600000, 0x0000000088600000, 0x0000000088700000|  0%| F|  |TAMS 0x0000000088600000, 0x0000000088600000| Untracked 
| 135|0x0000000088700000, 0x0000000088700000, 0x0000000088800000|  0%| F|  |TAMS 0x0000000088700000, 0x0000000088700000| Untracked 
| 136|0x0000000088800000, 0x0000000088800000, 0x0000000088900000|  0%| F|  |TAMS 0x0000000088800000, 0x0000000088800000| Untracked 
| 137|0x0000000088900000, 0x0000000088900000, 0x0000000088a00000|  0%| F|  |TAMS 0x0000000088900000, 0x0000000088900000| Untracked 
| 138|0x0000000088a00000, 0x0000000088a00000, 0x0000000088b00000|  0%| F|  |TAMS 0x0000000088a00000, 0x0000000088a00000| Untracked 
| 139|0x0000000088b00000, 0x0000000088b00000, 0x0000000088c00000|  0%| F|  |TAMS 0x0000000088b00000, 0x0000000088b00000| Untracked 
| 140|0x0000000088c00000, 0x0000000088c00000, 0x0000000088d00000|  0%| F|  |TAMS 0x0000000088c00000, 0x0000000088c00000| Untracked 
| 141|0x0000000088d00000, 0x0000000088d00000, 0x0000000088e00000|  0%| F|  |TAMS 0x0000000088d00000, 0x0000000088d00000| Untracked 
| 142|0x0000000088e00000, 0x0000000088e00000, 0x0000000088f00000|  0%| F|  |TAMS 0x0000000088e00000, 0x0000000088e00000| Untracked 
| 143|0x0000000088f00000, 0x0000000088fdd2a0, 0x0000000089000000| 86%| S|CS|TAMS 0x0000000088f00000, 0x0000000088f00000| Complete 
| 144|0x0000000089000000, 0x0000000089000000, 0x0000000089100000|  0%| F|  |TAMS 0x0000000089000000, 0x0000000089000000| Untracked 

Card table byte_map: [0x000001f5c0bb0000,0x000001f5c0fb0000] _byte_map_base: 0x000001f5c07b0000

Marking Bits (Prev, Next): (CMBitMap*) 0x000001f5a99aef20, (CMBitMap*) 0x000001f5a99aef60
 Prev Bits: [0x000001f5c13b0000, 0x000001f5c33b0000)
 Next Bits: [0x000001f5c33b0000, 0x000001f5c53b0000)

Polling page: 0x000001f5a78b0000

Metaspace:

Usage:
  Non-class:     67.70 MB capacity,    67.01 MB ( 99%) used,   594.45 KB ( <1%) free+waste,   109.81 KB ( <1%) overhead. 
      Class:     10.47 MB capacity,    10.15 MB ( 97%) used,   286.66 KB (  3%) free+waste,    43.00 KB ( <1%) overhead. 
       Both:     78.17 MB capacity,    77.17 MB ( 99%) used,   881.12 KB (  1%) free+waste,   152.81 KB ( <1%) overhead. 

Virtual space:
  Non-class space:       70.00 MB reserved,      67.75 MB ( 97%) committed 
      Class space:        1.00 GB reserved,      10.50 MB (  1%) committed 
             Both:        1.07 GB reserved,      78.25 MB (  7%) committed 

Chunk freelists:
   Non-Class:  50.00 KB
       Class:  27.00 KB
        Both:  77.00 KB

MaxMetaspaceSize: 17179869184.00 GB
CompressedClassSpaceSize: 1.00 GB

CodeHeap 'non-profiled nmethods': size=120064Kb used=4569Kb max_used=5130Kb free=115494Kb
 bounds [0x000001f5b9670000, 0x000001f5b9b80000, 0x000001f5c0bb0000]
CodeHeap 'profiled nmethods': size=120000Kb used=16556Kb max_used=18903Kb free=103443Kb
 bounds [0x000001f5b2140000, 0x000001f5b33c0000, 0x000001f5b9670000]
CodeHeap 'non-nmethods': size=5696Kb used=2394Kb max_used=2432Kb free=3301Kb
 bounds [0x000001f5b1bb0000, 0x000001f5b1e20000, 0x000001f5b2140000]
 total_blobs=9311 nmethods=8425 adapters=798
 compilation: enabled
              stopped_count=0, restarted_count=0
 full_count=0

Compilation events (20 events):
Event: 105.653 Thread 0x000001f5c7765f10 nmethod 10033 0x000001f5b9688b10 code [0x000001f5b9688ca0, 0x000001f5b9688d38]
Event: 106.087 Thread 0x000001f5c77669c0 10035   !   3       java.lang.invoke.LambdaForm::compileToBytecode (164 bytes)
Event: 106.088 Thread 0x000001f5c77669c0 nmethod 10035 0x000001f5b2630c90 code [0x000001f5b2630ee0, 0x000001f5b2631778]
Event: 106.295 Thread 0x000001f5c7765f10 10037       4       jdk.internal.misc.InnocuousThread::eraseThreadLocals (23 bytes)
Event: 106.297 Thread 0x000001f5c7765f10 nmethod 10037 0x000001f5b9a52410 code [0x000001f5b9a52580, 0x000001f5b9a52678]
Event: 106.439 Thread 0x000001f5c77669c0 10038       3       com.android.tools.r8.graph.W::t (25 bytes)
Event: 106.439 Thread 0x000001f5c77669c0 nmethod 10038 0x000001f5b2154a90 code [0x000001f5b2154c20, 0x000001f5b2154d38]
Event: 106.508 Thread 0x000001f5c77669c0 10039       3       com.android.tools.r8.s.b.q::hasNext (10 bytes)
Event: 106.508 Thread 0x000001f5c77669c0 nmethod 10039 0x000001f5b222de10 code [0x000001f5b222dfc0, 0x000001f5b222e188]
Event: 106.508 Thread 0x000001f5c7765f10 10040       4       java.util.AbstractSequentialList::iterator (5 bytes)
Event: 106.516 Thread 0x000001f5c7765f10 nmethod 10040 0x000001f5b9832c10 code [0x000001f5b9832da0, 0x000001f5b9832fb8]
Event: 106.529 Thread 0x000001f5c77669c0 10041       3       com.android.tools.r8.s.b.q::k (19 bytes)
Event: 106.529 Thread 0x000001f5c77669c0 nmethod 10041 0x000001f5b2217890 code [0x000001f5b2217a40, 0x000001f5b2217d68]
Event: 106.530 Thread 0x000001f5c77669c0 10042       3       com.android.tools.r8.s.b.q::next (5 bytes)
Event: 106.530 Thread 0x000001f5c77669c0 nmethod 10042 0x000001f5b2324c10 code [0x000001f5b2324dc0, 0x000001f5b2325168]
Event: 106.533 Thread 0x000001f5c7765f10 10043       4       java.security.CodeSource::<init> (52 bytes)
Event: 106.543 Thread 0x000001f5c7765f10 nmethod 10043 0x000001f5b98a9d90 code [0x000001f5b98a9f20, 0x000001f5b98aa408]
Event: 106.545 Thread 0x000001f5c7765f10 10044       4       jdk.internal.loader.URLClassPath$JarLoader$2::getCodeSigners (8 bytes)
Event: 106.639 Thread 0x000001f5c77669c0 10046       3       java.util.ArrayDeque$$Lambda$557/0x0000000801243218::accept (9 bytes)
Event: 106.640 Thread 0x000001f5c77669c0 nmethod 10046 0x000001f5b21f1e10 code [0x000001f5b21f1fc0, 0x000001f5b21f2108]

GC Heap History (20 events):
Event: 78.948 GC heap before
{Heap before GC invocations=31 (full 0):
 garbage-first heap   total 101376K, used 83865K [0x0000000080000000, 0x0000000100000000)
  region size 1024K, 27 young (27648K), 3 survivors (3072K)
 Metaspace       used 66835K, capacity 67858K, committed 67968K, reserved 1107968K
  class space    used 8765K, capacity 9088K, committed 9088K, reserved 1048576K
}
Event: 78.975 GC heap after
{Heap after GC invocations=32 (full 0):
 garbage-first heap   total 101376K, used 61511K [0x0000000080000000, 0x0000000100000000)
  region size 1024K, 4 young (4096K), 4 survivors (4096K)
 Metaspace       used 66835K, capacity 67858K, committed 67968K, reserved 1107968K
  class space    used 8765K, capacity 9088K, committed 9088K, reserved 1048576K
}
Event: 82.816 GC heap before
{Heap before GC invocations=33 (full 0):
 garbage-first heap   total 107520K, used 81991K [0x0000000080000000, 0x0000000100000000)
  region size 1024K, 25 young (25600K), 4 survivors (4096K)
 Metaspace       used 67666K, capacity 68729K, committed 68992K, reserved 1110016K
  class space    used 8870K, capacity 9224K, committed 9344K, reserved 1048576K
}
Event: 82.847 GC heap after
{Heap after GC invocations=34 (full 0):
 garbage-first heap   total 107520K, used 64222K [0x0000000080000000, 0x0000000100000000)
  region size 1024K, 3 young (3072K), 3 survivors (3072K)
 Metaspace       used 67666K, capacity 68729K, committed 68992K, reserved 1110016K
  class space    used 8870K, capacity 9224K, committed 9344K, reserved 1048576K
}
Event: 85.467 GC heap before
{Heap before GC invocations=34 (full 0):
 garbage-first heap   total 107520K, used 86750K [0x0000000080000000, 0x0000000100000000)
  region size 1024K, 26 young (26624K), 3 survivors (3072K)
 Metaspace       used 67867K, capacity 68921K, committed 69248K, reserved 1110016K
  class space    used 8870K, capacity 9224K, committed 9344K, reserved 1048576K
}
Event: 85.485 GC heap after
{Heap after GC invocations=35 (full 0):
 garbage-first heap   total 107520K, used 66069K [0x0000000080000000, 0x0000000100000000)
  region size 1024K, 2 young (2048K), 2 survivors (2048K)
 Metaspace       used 67867K, capacity 68921K, committed 69248K, reserved 1110016K
  class space    used 8870K, capacity 9224K, committed 9344K, reserved 1048576K
}
Event: 88.280 GC heap before
{Heap before GC invocations=36 (full 0):
 garbage-first heap   total 116736K, used 87573K [0x0000000080000000, 0x0000000100000000)
  region size 1024K, 24 young (24576K), 2 survivors (2048K)
 Metaspace       used 68160K, capacity 69197K, committed 69504K, reserved 1110016K
  class space    used 8880K, capacity 9227K, committed 9344K, reserved 1048576K
}
Event: 88.301 GC heap after
{Heap after GC invocations=37 (full 0):
 garbage-first heap   total 116736K, used 67637K [0x0000000080000000, 0x0000000100000000)
  region size 1024K, 2 young (2048K), 2 survivors (2048K)
 Metaspace       used 68160K, capacity 69197K, committed 69504K, reserved 1110016K
  class space    used 8880K, capacity 9227K, committed 9344K, reserved 1048576K
}
Event: 91.278 GC heap before
{Heap before GC invocations=37 (full 0):
 garbage-first heap   total 116736K, used 96309K [0x0000000080000000, 0x0000000100000000)
  region size 1024K, 30 young (30720K), 2 survivors (2048K)
 Metaspace       used 71321K, capacity 72409K, committed 72704K, reserved 1114112K
  class space    used 9292K, capacity 9613K, committed 9728K, reserved 1048576K
}
Event: 91.301 GC heap after
{Heap after GC invocations=38 (full 0):
 garbage-first heap   total 116736K, used 69761K [0x0000000080000000, 0x0000000100000000)
  region size 1024K, 4 young (4096K), 4 survivors (4096K)
 Metaspace       used 71321K, capacity 72409K, committed 72704K, reserved 1114112K
  class space    used 9292K, capacity 9613K, committed 9728K, reserved 1048576K
}
Event: 94.344 GC heap before
{Heap before GC invocations=39 (full 0):
 garbage-first heap   total 122880K, used 95361K [0x0000000080000000, 0x0000000100000000)
  region size 1024K, 30 young (30720K), 4 survivors (4096K)
 Metaspace       used 71931K, capacity 72915K, committed 73216K, reserved 1114112K
  class space    used 9348K, capacity 9649K, committed 9728K, reserved 1048576K
}
Event: 94.371 GC heap after
{Heap after GC invocations=40 (full 0):
 garbage-first heap   total 122880K, used 71551K [0x0000000080000000, 0x0000000100000000)
  region size 1024K, 2 young (2048K), 2 survivors (2048K)
 Metaspace       used 71931K, capacity 72915K, committed 73216K, reserved 1114112K
  class space    used 9348K, capacity 9649K, committed 9728K, reserved 1048576K
}
Event: 97.000 GC heap before
{Heap before GC invocations=40 (full 0):
 garbage-first heap   total 122880K, used 101247K [0x0000000080000000, 0x0000000100000000)
  region size 1024K, 32 young (32768K), 2 survivors (2048K)
 Metaspace       used 72088K, capacity 73209K, committed 73472K, reserved 1114112K
  class space    used 9359K, capacity 9682K, committed 9728K, reserved 1048576K
}
Event: 97.019 GC heap after
{Heap after GC invocations=41 (full 0):
 garbage-first heap   total 122880K, used 74335K [0x0000000080000000, 0x0000000100000000)
  region size 1024K, 4 young (4096K), 4 survivors (4096K)
 Metaspace       used 72088K, capacity 73209K, committed 73472K, reserved 1114112K
  class space    used 9359K, capacity 9682K, committed 9728K, reserved 1048576K
}
Event: 98.081 GC heap before
{Heap before GC invocations=42 (full 0):
 garbage-first heap   total 128000K, used 79455K [0x0000000080000000, 0x0000000100000000)
  region size 1024K, 10 young (10240K), 4 survivors (4096K)
 Metaspace       used 72277K, capacity 73305K, committed 73472K, reserved 1114112K
  class space    used 9393K, capacity 9714K, committed 9728K, reserved 1048576K
}
Event: 98.121 GC heap after
{Heap after GC invocations=43 (full 0):
 garbage-first heap   total 128000K, used 74680K [0x0000000080000000, 0x0000000100000000)
  region size 1024K, 1 young (1024K), 1 survivors (1024K)
 Metaspace       used 72277K, capacity 73305K, committed 73472K, reserved 1114112K
  class space    used 9393K, capacity 9714K, committed 9728K, reserved 1048576K
}
Event: 102.624 GC heap before
{Heap before GC invocations=44 (full 0):
 garbage-first heap   total 137216K, used 109496K [0x0000000080000000, 0x0000000100000000)
  region size 1024K, 32 young (32768K), 1 survivors (1024K)
 Metaspace       used 74997K, capacity 75989K, committed 76160K, reserved 1116160K
  class space    used 9771K, capacity 10075K, committed 10112K, reserved 1048576K
}
Event: 102.647 GC heap after
{Heap after GC invocations=45 (full 0):
 garbage-first heap   total 137216K, used 81225K [0x0000000080000000, 0x0000000100000000)
  region size 1024K, 4 young (4096K), 4 survivors (4096K)
 Metaspace       used 74997K, capacity 75989K, committed 76160K, reserved 1116160K
  class space    used 9771K, capacity 10075K, committed 10112K, reserved 1048576K
}
Event: 106.248 GC heap before
{Heap before GC invocations=45 (full 0):
 garbage-first heap   total 137216K, used 110921K [0x0000000080000000, 0x0000000100000000)
  region size 1024K, 34 young (34816K), 4 survivors (4096K)
 Metaspace       used 78384K, capacity 79373K, committed 79616K, reserved 1120256K
  class space    used 10312K, capacity 10627K, committed 10752K, reserved 1048576K
}
Event: 106.291 GC heap after
{Heap after GC invocations=46 (full 0):
 garbage-first heap   total 137216K, used 85912K [0x0000000080000000, 0x0000000100000000)
  region size 1024K, 5 young (5120K), 5 survivors (5120K)
 Metaspace       used 78384K, capacity 79373K, committed 79616K, reserved 1120256K
  class space    used 10312K, capacity 10627K, committed 10752K, reserved 1048576K
}

Deoptimization events (20 events):
Event: 101.164 Thread 0x000001f5ca432230 Uncommon trap: trap_request=0xffffff45 fr.pc=0x000001f5b9a597e0 relative=0x00000000000003c0
Event: 101.164 Thread 0x000001f5ca432230 Uncommon trap: reason=unstable_if action=reinterpret pc=0x000001f5b9a597e0 method=java.util.stream.StreamOpFlag.getMask(I)I @ 1 c2
Event: 101.164 Thread 0x000001f5ca432230 DEOPT PACKING pc=0x000001f5b9a597e0 sp=0x000000a7ba2faf60
Event: 101.164 Thread 0x000001f5ca432230 DEOPT UNPACKING pc=0x000001f5b1bfe12f sp=0x000000a7ba2fae50 mode 2
Event: 101.177 Thread 0x000001f5ca42fbb0 Uncommon trap: trap_request=0xffffffc6 fr.pc=0x000001f5b9acde28 relative=0x0000000000000088
Event: 101.177 Thread 0x000001f5ca42fbb0 Uncommon trap: reason=bimorphic_or_optimized_type_check action=maybe_recompile pc=0x000001f5b9acde28 method=java.util.stream.StreamOpFlag.fromCharacteristics(Ljava/util/Spliterator;)I @ 14 c2
Event: 101.177 Thread 0x000001f5ca42fbb0 DEOPT PACKING pc=0x000001f5b9acde28 sp=0x000000a7ba3fac90
Event: 101.177 Thread 0x000001f5ca42fbb0 DEOPT UNPACKING pc=0x000001f5b1bfe12f sp=0x000000a7ba3fac28 mode 2
Event: 103.456 Thread 0x000001f5ca42fbb0 Uncommon trap: trap_request=0xffffff45 fr.pc=0x000001f5b9b52c38 relative=0x0000000000001898
Event: 103.456 Thread 0x000001f5ca42fbb0 Uncommon trap: reason=unstable_if action=reinterpret pc=0x000001f5b9b52c38 method=com.android.tools.r8.utils.T.d(Ljava/lang/String;)[Ljava/lang/String; @ 27 c2
Event: 103.456 Thread 0x000001f5ca42fbb0 DEOPT PACKING pc=0x000001f5b9b52c38 sp=0x000000a7ba3f9b60
Event: 103.456 Thread 0x000001f5ca42fbb0 DEOPT UNPACKING pc=0x000001f5b1bfe12f sp=0x000000a7ba3f9b30 mode 2
Event: 105.440 Thread 0x000001f5ca432230 Uncommon trap: trap_request=0xffffff45 fr.pc=0x000001f5b9b48f04 relative=0x0000000000000084
Event: 105.440 Thread 0x000001f5ca432230 Uncommon trap: reason=unstable_if action=reinterpret pc=0x000001f5b9b48f04 method=com.android.tools.r8.utils.Y.d(I)Z @ 45 c2
Event: 105.440 Thread 0x000001f5ca432230 DEOPT PACKING pc=0x000001f5b9b48f04 sp=0x000000a7ba2faed0
Event: 105.440 Thread 0x000001f5ca432230 DEOPT UNPACKING pc=0x000001f5b1bfe12f sp=0x000000a7ba2fae60 mode 2
Event: 106.142 Thread 0x000001f5ca42fbb0 Uncommon trap: trap_request=0xffffff45 fr.pc=0x000001f5b9784e38 relative=0x0000000000003298
Event: 106.142 Thread 0x000001f5ca42fbb0 Uncommon trap: reason=unstable_if action=reinterpret pc=0x000001f5b9784e38 method=java.util.WeakHashMap.remove(Ljava/lang/Object;)Ljava/lang/Object; @ 94 c2
Event: 106.142 Thread 0x000001f5ca42fbb0 DEOPT PACKING pc=0x000001f5b9784e38 sp=0x000000a7ba3f4050
Event: 106.142 Thread 0x000001f5ca42fbb0 DEOPT UNPACKING pc=0x000001f5b1bfe12f sp=0x000000a7ba3f3e88 mode 2

Classes unloaded (0 events):
No events

Classes redefined (0 events):
No events

Internal exceptions (20 events):
Event: 88.916 Thread 0x000001f5c82ab8d0 Exception <a 'java/lang/NoSuchMethodError'{0x0000000086fbbd68}: 'void java.lang.invoke.DirectMethodHandle$Holder.invokeVirtual(java.lang.Object, java.lang.Object)'> (0x0000000086fbbd68) 
thrown [./open/src/hotspot/share/interpreter/linkResolver.cpp, line 782]
Event: 93.089 Thread 0x000001f5cbf19090 Exception <a 'java/lang/NoSuchMethodError'{0x0000000086854908}: 'void java.lang.invoke.DirectMethodHandle$Holder.invokeStatic(java.lang.Object, java.lang.Object, java.lang.Object, java.lang.Object, int, java.lang.Object)'> (0x0000000086854908) 
thrown [./open/src/hotspot/share/interpreter/linkResolver.cpp, line 782]
Event: 94.185 Thread 0x000001f5ca42fbb0 Implicit null exception at 0x000001f5b9ae4969 to 0x000001f5b9ae4fdc
Event: 94.213 Thread 0x000001f5ca432230 Implicit null exception at 0x000001f5b9ae67b2 to 0x000001f5b9ae6ad8
Event: 100.564 Thread 0x000001f5ca432230 Exception <a 'sun/nio/fs/WindowsException'{0x00000000875c8750}> (0x00000000875c8750) 
thrown [./open/src/hotspot/share/prims/jni.cpp, line 578]
Event: 100.872 Thread 0x000001f5ca42fbb0 Exception <a 'sun/nio/fs/WindowsException'{0x0000000086f33fb8}> (0x0000000086f33fb8) 
thrown [./open/src/hotspot/share/prims/jni.cpp, line 578]
Event: 101.100 Thread 0x000001f5ca42fbb0 Exception <a 'java/lang/NoSuchMethodError'{0x0000000086ecc900}: 'int java.lang.invoke.DirectMethodHandle$Holder.invokeVirtual(java.lang.Object, java.lang.Object, java.lang.Object)'> (0x0000000086ecc900) 
thrown [./open/src/hotspot/share/interpreter/linkResolver.cpp, line 782]
Event: 101.940 Thread 0x000001f5ca432230 Exception <a 'java/lang/NoSuchMethodError'{0x0000000086b22fa0}: 'java.lang.Object java.lang.invoke.DirectMethodHandle$Holder.invokeStatic(java.lang.Object, java.lang.Object, java.lang.Object, java.lang.Object, java.lang.Object, java.lang.Object, java.lang.Object, java.lang.Object, java.lang.Object, java.lang.Object, java.lang.Object, java.lang.Object, java.lang.Object, java.lang.Object, java.lang.Object, java.lang.Object, java.lang.Object, int, java.lang.Object)'> (0x0000000086b22fa0) 
thrown [./open/src/h
Event: 101.942 Thread 0x000001f5ca432230 Exception <a 'java/lang/NoSuchMethodError'{0x0000000086b28eb8}: 'java.lang.Object java.lang.invoke.DirectMethodHandle$Holder.invokeStaticInit(java.lang.Object, java.lang.Object, java.lang.Object, java.lang.Object, java.lang.Object, java.lang.Object, java.lang.Object, java.lang.Object, java.lang.Object, java.lang.Object, java.lang.Object, java.lang.Object, java.lang.Object, java.lang.Object, java.lang.Object, java.lang.Object, java.lang.Object, int, java.lang.Object)'> (0x0000000086b28eb8) 
thrown [./open/s
Event: 102.216 Thread 0x000001f5ca432230 Exception <a 'java/lang/NoSuchMethodError'{0x0000000086913c70}: 'java.lang.Object java.lang.invoke.DirectMethodHandle$Holder.newInvokeSpecial(java.lang.Object, java.lang.Object, int, java.lang.Object, java.lang.Object)'> (0x0000000086913c70) 
thrown [./open/src/hotspot/share/interpreter/linkResolver.cpp, line 782]
Event: 102.306 Thread 0x000001f5ca42fbb0 Exception <a 'java/lang/NoSuchMethodError'{0x00000000869bfe10}: 'java.lang.Object java.lang.invoke.DirectMethodHandle$Holder.newInvokeSpecial(java.lang.Object, long)'> (0x00000000869bfe10) 
thrown [./open/src/hotspot/share/interpreter/linkResolver.cpp, line 782]
Event: 102.827 Thread 0x000001f5ca432230 Exception <a 'java/lang/NoSuchMethodError'{0x00000000883d5610}: 'void java.lang.invoke.DirectMethodHandle$Holder.invokeStatic(java.lang.Object, java.lang.Object, java.lang.Object, int)'> (0x00000000883d5610) 
thrown [./open/src/hotspot/share/interpreter/linkResolver.cpp, line 782]
Event: 102.839 Thread 0x000001f5ca432230 Exception <a 'java/lang/IncompatibleClassChangeError'{0x00000000883df950}: Found class java.lang.Object, but interface was expected> (0x00000000883df950) 
thrown [./open/src/hotspot/share/interpreter/linkResolver.cpp, line 848]
Event: 104.230 Thread 0x000001f5ca432230 Exception <a 'java/lang/NoSuchMethodError'{0x0000000087bd32e8}: 'long java.lang.invoke.DirectMethodHandle$Holder.invokeStatic(java.lang.Object, java.lang.Object)'> (0x0000000087bd32e8) 
thrown [./open/src/hotspot/share/interpreter/linkResolver.cpp, line 782]
Event: 105.251 Thread 0x000001f5ca432230 Exception <a 'java/lang/NoSuchMethodError'{0x0000000086f82050}: 'void java.lang.invoke.DirectMethodHandle$Holder.invokeStaticInit(java.lang.Object, java.lang.Object, java.lang.Object, java.lang.Object, java.lang.Object)'> (0x0000000086f82050) 
thrown [./open/src/hotspot/share/interpreter/linkResolver.cpp, line 782]
Event: 105.392 Thread 0x000001f5ca42fbb0 Exception <a 'java/lang/NoSuchMethodError'{0x0000000086d61710}: 'java.lang.Object java.lang.invoke.DirectMethodHandle$Holder.invokeStatic(java.lang.Object, int, java.lang.Object, java.lang.Object)'> (0x0000000086d61710) 
thrown [./open/src/hotspot/share/interpreter/linkResolver.cpp, line 782]
Event: 105.604 Thread 0x000001f5ca432230 Exception <a 'java/lang/NoSuchMethodError'{0x0000000086dece98}: 'void java.lang.invoke.DirectMethodHandle$Holder.invokeSpecial(java.lang.Object, java.lang.Object, int, java.lang.Object)'> (0x0000000086dece98) 
thrown [./open/src/hotspot/share/interpreter/linkResolver.cpp, line 782]
Event: 106.087 Thread 0x000001f5ca42fbb0 Exception <a 'java/lang/NoSuchMethodError'{0x0000000086960288}: 'java.lang.Object java.lang.invoke.DirectMethodHandle$Holder.invokeVirtual(java.lang.Object, java.lang.Object, int, java.lang.Object)'> (0x0000000086960288) 
thrown [./open/src/hotspot/share/interpreter/linkResolver.cpp, line 782]
Event: 106.089 Thread 0x000001f5ca432230 Exception <a 'java/lang/NoSuchMethodError'{0x0000000086ac93e8}: 'java.lang.Object java.lang.invoke.DirectMethodHandle$Holder.invokeVirtual(java.lang.Object, java.lang.Object, int, java.lang.Object)'> (0x0000000086ac93e8) 
thrown [./open/src/hotspot/share/interpreter/linkResolver.cpp, line 782]
Event: 106.228 Thread 0x000001f5ca42fbb0 Exception <a 'java/lang/NoSuchMethodError'{0x00000000868a77f8}: 'void java.lang.invoke.DirectMethodHandle$Holder.invokeVirtual(java.lang.Object, java.lang.Object, int, java.lang.Object)'> (0x00000000868a77f8) 
thrown [./open/src/hotspot/share/interpreter/linkResolver.cpp, line 782]

Events (20 events):
Event: 106.169 Thread 0x000001f5c7783090 flushing nmethod 0x000001f5b329b590
Event: 106.169 Thread 0x000001f5c7783090 flushing nmethod 0x000001f5b329e110
Event: 106.169 Thread 0x000001f5c7783090 flushing nmethod 0x000001f5b329fe10
Event: 106.169 Thread 0x000001f5c7783090 flushing nmethod 0x000001f5b32a0310
Event: 106.169 Thread 0x000001f5c7783090 flushing nmethod 0x000001f5b32a0690
Event: 106.169 Thread 0x000001f5c7783090 flushing nmethod 0x000001f5b32a6890
Event: 106.170 Thread 0x000001f5c7783090 flushing nmethod 0x000001f5b32bd890
Event: 106.170 Thread 0x000001f5c7783090 flushing nmethod 0x000001f5b32bec10
Event: 106.170 Thread 0x000001f5c7783090 flushing nmethod 0x000001f5b3332990
Event: 106.248 Executing VM operation: G1CollectForAllocation
Event: 106.291 Executing VM operation: G1CollectForAllocation done
Event: 106.365 Executing VM operation: HandshakeAllThreads
Event: 106.412 Executing VM operation: HandshakeAllThreads done
Event: 106.453 loading class java/util/LinkedList$LLSpliterator
Event: 106.453 loading class java/util/LinkedList$LLSpliterator done
Event: 106.594 Executing VM operation: G1Concurrent
Event: 106.641 Executing VM operation: G1Concurrent done
Event: 106.663 Executing VM operation: HandshakeAllThreads
Event: 106.663 Executing VM operation: HandshakeAllThreads done
Event: 106.700 loading class java/util/stream/SliceOps


Dynamic libraries:
0x00007ff67e360000 - 0x00007ff67e36f000 	C:\Program Files\Java\jdk-15.0.1\bin\java.exe
0x00007fff51550000 - 0x00007fff51745000 	C:\WINDOWS\SYSTEM32\ntdll.dll
0x00007fff51380000 - 0x00007fff5143d000 	C:\WINDOWS\System32\KERNEL32.DLL
0x00007fff4ee80000 - 0x00007fff4f148000 	C:\WINDOWS\System32\KERNELBASE.dll
0x00007fff4ed20000 - 0x00007fff4ee20000 	C:\WINDOWS\System32\ucrtbase.dll
0x00007fff48c10000 - 0x00007fff48c29000 	C:\Program Files\Java\jdk-15.0.1\bin\VCRUNTIME140.dll
0x00007fff48bf0000 - 0x00007fff48c08000 	C:\Program Files\Java\jdk-15.0.1\bin\jli.dll
0x00007fff50c50000 - 0x00007fff50cfc000 	C:\WINDOWS\System32\ADVAPI32.dll
0x00007fff50d00000 - 0x00007fff50d9e000 	C:\WINDOWS\System32\msvcrt.dll
0x00007fff4f5f0000 - 0x00007fff4f68b000 	C:\WINDOWS\System32\sechost.dll
0x00007fff50500000 - 0x00007fff5062b000 	C:\WINDOWS\System32\RPCRT4.dll
0x00007fff4f6a0000 - 0x00007fff4f840000 	C:\WINDOWS\System32\USER32.dll
0x00007fff4f380000 - 0x00007fff4f3a2000 	C:\WINDOWS\System32\win32u.dll
0x00007fff4f5c0000 - 0x00007fff4f5ea000 	C:\WINDOWS\System32\GDI32.dll
0x00007fff4f1a0000 - 0x00007fff4f2ab000 	C:\WINDOWS\System32\gdi32full.dll
0x00007fff4f2b0000 - 0x00007fff4f34d000 	C:\WINDOWS\System32\msvcp_win.dll
0x00007fff448b0000 - 0x00007fff44b4a000 	C:\WINDOWS\WinSxS\amd64_microsoft.windows.common-controls_6595b64144ccf1df_6.0.19041.1052_none_60b8f8fd71f5e8cb\COMCTL32.dll
0x00007fff44170000 - 0x00007fff4417a000 	C:\WINDOWS\SYSTEM32\VERSION.dll
0x00007fff51350000 - 0x00007fff51380000 	C:\WINDOWS\System32\IMM32.DLL
0x00007fff4a470000 - 0x00007fff4a47c000 	C:\Program Files\Java\jdk-15.0.1\bin\vcruntime140_1.dll
0x00007fff3ce10000 - 0x00007fff3cea1000 	C:\Program Files\Java\jdk-15.0.1\bin\msvcp140.dll
0x00007fff22c00000 - 0x00007fff2375e000 	C:\Program Files\Java\jdk-15.0.1\bin\server\jvm.dll
0x00007fff50880000 - 0x00007fff50888000 	C:\WINDOWS\System32\PSAPI.DLL
0x00007fff4a4a0000 - 0x00007fff4a4a9000 	C:\WINDOWS\SYSTEM32\WSOCK32.dll
0x00007fff51210000 - 0x00007fff5127b000 	C:\WINDOWS\System32\WS2_32.dll
0x00007fff44b50000 - 0x00007fff44b77000 	C:\WINDOWS\SYSTEM32\WINMM.dll
0x00007fff4cbe0000 - 0x00007fff4cbf2000 	C:\WINDOWS\SYSTEM32\kernel.appcore.dll
0x00007fff47020000 - 0x00007fff4702a000 	C:\Program Files\Java\jdk-15.0.1\bin\jimage.dll
0x00007fff492a0000 - 0x00007fff49484000 	C:\WINDOWS\SYSTEM32\DBGHELP.DLL
0x00007fff496c0000 - 0x00007fff496ec000 	C:\WINDOWS\SYSTEM32\dbgcore.DLL
0x00007fff4ec90000 - 0x00007fff4ed13000 	C:\WINDOWS\System32\bcryptPrimitives.dll
0x00007fff3cf20000 - 0x00007fff3cf45000 	C:\Program Files\Java\jdk-15.0.1\bin\java.dll
0x00007fff4fcb0000 - 0x00007fff503ef000 	C:\WINDOWS\System32\SHELL32.dll
0x00007fff4cde0000 - 0x00007fff4d570000 	C:\WINDOWS\SYSTEM32\windows.storage.dll
0x00007fff4f840000 - 0x00007fff4fb95000 	C:\WINDOWS\System32\combase.dll
0x00007fff4e690000 - 0x00007fff4e6bc000 	C:\WINDOWS\SYSTEM32\Wldp.dll
0x00007fff512a0000 - 0x00007fff5134e000 	C:\WINDOWS\System32\SHCORE.dll
0x00007fff4fc50000 - 0x00007fff4fca5000 	C:\WINDOWS\System32\shlwapi.dll
0x00007fff4ebd0000 - 0x00007fff4ebef000 	C:\WINDOWS\SYSTEM32\profapi.dll
0x00007fff40e90000 - 0x00007fff40ea9000 	C:\Program Files\Java\jdk-15.0.1\bin\net.dll
0x00007fff48cd0000 - 0x00007fff48ddb000 	C:\WINDOWS\SYSTEM32\WINHTTP.dll
0x00007fff4e400000 - 0x00007fff4e46a000 	C:\WINDOWS\system32\mswsock.dll
0x00007fff3cf00000 - 0x00007fff3cf12000 	C:\Program Files\Java\jdk-15.0.1\bin\nio.dll
0x00007fff3c150000 - 0x00007fff3c168000 	C:\Program Files\Java\jdk-15.0.1\bin\zip.dll
0x00007fff46e40000 - 0x00007fff46e50000 	C:\Program Files\Java\jdk-15.0.1\bin\verify.dll
0x00007fff3c180000 - 0x00007fff3c1a7000 	C:\Users\Abdulla\.gradle\native\f6784746aeab05261644944871eae4fe03e0ef1612fff0a4a95f87b438bc6780\windows-amd64\native-platform.dll
0x00007fff42470000 - 0x00007fff42479000 	C:\Program Files\Java\jdk-15.0.1\bin\management.dll
0x00007fff3ce00000 - 0x00007fff3ce0b000 	C:\Program Files\Java\jdk-15.0.1\bin\management_ext.dll
0x00007fff4e5e0000 - 0x00007fff4e5f8000 	C:\WINDOWS\SYSTEM32\CRYPTSP.dll
0x00007fff4dd40000 - 0x00007fff4dd74000 	C:\WINDOWS\system32\rsaenh.dll
0x00007fff4f350000 - 0x00007fff4f377000 	C:\WINDOWS\System32\bcrypt.dll
0x00007fff4eb50000 - 0x00007fff4eb7e000 	C:\WINDOWS\SYSTEM32\USERENV.dll
0x00007fff4e5d0000 - 0x00007fff4e5dc000 	C:\WINDOWS\SYSTEM32\CRYPTBASE.dll
0x00007fff4e0f0000 - 0x00007fff4e12b000 	C:\WINDOWS\SYSTEM32\IPHLPAPI.DLL
0x00007fff4f690000 - 0x00007fff4f698000 	C:\WINDOWS\System32\NSI.dll
0x00007fff49a10000 - 0x00007fff49a27000 	C:\WINDOWS\SYSTEM32\dhcpcsvc6.DLL
0x00007fff49bf0000 - 0x00007fff49c0d000 	C:\WINDOWS\SYSTEM32\dhcpcsvc.DLL
0x00007fff4e130000 - 0x00007fff4e1fc000 	C:\WINDOWS\SYSTEM32\DNSAPI.dll
0x00007fff4a180000 - 0x00007fff4a18b000 	C:\WINDOWS\SYSTEM32\WINNSI.DLL

dbghelp: loaded successfully - version: 4.0.5 - missing functions: none
symbol engine: initialized successfully - sym options: 0x614 - pdb path: .;C:\Program Files\Java\jdk-15.0.1\bin;C:\WINDOWS\SYSTEM32;C:\WINDOWS\WinSxS\amd64_microsoft.windows.common-controls_6595b64144ccf1df_6.0.19041.1052_none_60b8f8fd71f5e8cb;C:\Program Files\Java\jdk-15.0.1\bin\server;C:\Users\Abdulla\.gradle\native\f6784746aeab05261644944871eae4fe03e0ef1612fff0a4a95f87b438bc6780\windows-amd64

VM Arguments:
jvm_args: --add-opens=java.base/java.util=ALL-UNNAMED --add-opens=java.base/java.lang=ALL-UNNAMED --add-opens=java.base/java.lang.invoke=ALL-UNNAMED --add-opens=java.prefs/java.util.prefs=ALL-UNNAMED -Xmx2048m -Dfile.encoding=UTF-8 -Duser.country=US -Duser.language=en -Duser.variant 
java_command: org.gradle.launcher.daemon.bootstrap.GradleDaemon 6.5
java_class_path (initial): C:\Users\Abdulla\.gradle\wrapper\dists\gradle-6.5-all\2oz4ud9k3tuxjg84bbf55q0tn\gradle-6.5\lib\gradle-launcher-6.5.jar
Launcher Type: SUN_STANDARD

[Global flags]
     intx CICompilerCount                          = 2                                         {product} {ergonomic}
     uint ConcGCThreads                            = 1                                         {product} {ergonomic}
     uint G1ConcRefinementThreads                  = 2                                         {product} {ergonomic}
   size_t G1HeapRegionSize                         = 1048576                                   {product} {ergonomic}
    uintx GCDrainStackTargetSize                   = 64                                        {product} {ergonomic}
   size_t InitialHeapSize                          = 121634816                                 {product} {ergonomic}
   size_t MarkStackSize                            = 4194304                                   {product} {ergonomic}
   size_t MaxHeapSize                              = 2147483648                                {product} {command line}
   size_t MaxNewSize                               = 1287651328                                {product} {ergonomic}
   size_t MinHeapDeltaBytes                        = 1048576                                   {product} {ergonomic}
   size_t MinHeapSize                              = 8388608                                   {product} {ergonomic}
    uintx NonNMethodCodeHeapSize                   = 5826188                                {pd product} {ergonomic}
    uintx NonProfiledCodeHeapSize                  = 122916026                              {pd product} {ergonomic}
    uintx ProfiledCodeHeapSize                     = 122916026                              {pd product} {ergonomic}
    uintx ReservedCodeCacheSize                    = 251658240                              {pd product} {ergonomic}
     bool SegmentedCodeCache                       = true                                      {product} {ergonomic}
   size_t SoftMaxHeapSize                          = 2147483648                             {manageable} {ergonomic}
     bool UseCompressedClassPointers               = true                                 {lp64_product} {ergonomic}
     bool UseCompressedOops                        = true                                 {lp64_product} {ergonomic}
     bool UseG1GC                                  = true                                      {product} {ergonomic}
     bool UseLargePagesIndividualAllocation        = false                                  {pd product} {ergonomic}

Logging:
Log output configuration:
 #0: stdout all=warning uptime,level,tags
 #1: stderr all=off uptime,level,tags

Environment Variables:
JAVA_HOME=C:\Program Files\Java\jdk-15.0.1
PATH=C:\Program Files\Common Files\Oracle\Java\javapath;C:\WINDOWS\system32;C:\WINDOWS;C:\WINDOWS\System32\Wbem;C:\WINDOWS\System32\WindowsPowerShell\v1.0\;C:\WINDOWS\System32\OpenSSH\;C:\Program Files (x86)\Microsoft SQL Server\120\DTS\Binn\;C:\Program Files (x86)\Microsoft SQL Server\Client SDK\ODBC\110\Tools\Binn\;C:\Program Files (x86)\Microsoft SQL Server\120\Tools\Binn\;C:\Program Files (x86)\Microsoft SQL Server\120\Tools\Binn\ManagementStudio\;C:\program Files\java\jdk-15.0.1\bin;C:\Program Files\Git\cmd;C:\Strawberry\perl\bin;C:\Strawberry\perl\site\bin;C:\Strawberry\c\bin;C:\Users\Abdulla\AppData\Local\Microsoft\WindowsApps;;C:\Users\Abdulla\AppData\Local\Programs\Microsoft VS Code\bin
USERNAME=Abdulla
OS=Windows_NT
PROCESSOR_IDENTIFIER=AMD64 Family 21 Model 16 Stepping 1, AuthenticAMD



---------------  S Y S T E M  ---------------

OS:
 Windows 10 , 64 bit Build 19041 (10.0.19041.1023)
OS uptime: 1 days 22:57 hours

CPU: total 2 (initial active 2) (2 cores per cpu, 1 threads per core) family 21 model 16 stepping 1 microcode 0x0, cmov, cx8, fxsr, mmx, sse, sse2, sse3, ssse3, sse4.1, sse4.2, popcnt, vzeroupper, avx, aes, clmul, 3dnowpref, lzcnt, sse4a, tsc, tscinvbit, tscinv, bmi1, fma, clflush

Memory: 4k page, system-wide physical 7369M (261M free)
TotalPageFile size 7369M (AvailPageFile size 3M)
current process WorkingSet (physical memory assigned to process): 343M, peak: 352M
current process commit charge ("private bytes"): 391M, peak: 392M

vm_info: Java HotSpot(TM) 64-Bit Server VM (15.0.1+9-18) for windows-amd64 JRE (15.0.1+9-18), built on Sep 15 2020 14:43:54 by "mach5one" with unknown MS VC++:1925

END.
